<?xml version="1.0" encoding="UTF-8"?>
<!-- Generated by org.testng.reporters.JUnitXMLReporter -->
<testsuite hostname="AHMnpatel2PJG5J" ignored="0" name="TestDataParsing" tests="166" failures="79" timestamp="2020-06-12T18:52:54 IST" time="530.984" errors="0">
  <testcase name="verifyDateParse" time="2.903" classname="test.propin.TestDateParsing"/>
  <testcase name="verifyDateParse" time="2.829" classname="test.propin.TestDateParsing">
    <failure type="java.lang.AssertionError" message=" 
 Verification failed getting parsing result as [ Invalid Date ] instead of [ Fri May 01 2009 00:00:00 GMT+0000 ] for Enter value is 2009/ 4/ 31 expected [true] but found [false]">
      <![CDATA[java.lang.AssertionError:  
 Verification failed getting parsing result as [ Invalid Date ] instead of [ Fri May 01 2009 00:00:00 GMT+0000 ] for Enter value is 2009/ 4/ 31 expected [true] but found [false]
at test.propin.TestDateParsing.verifyDateParse(TestDateParsing.java:35)
at java.util.ArrayList.forEach(ArrayList.java:1257)
... Removed 34 stack frames]]>
    </failure>
  </testcase> <!-- verifyDateParse -->
  <testcase name="verifyDateParse" time="2.72" classname="test.propin.TestDateParsing"/>
  <testcase name="verifyDateParse" time="3.4" classname="test.propin.TestDateParsing">
    <failure type="java.lang.AssertionError" message=" 
 Verification failed getting parsing result as [ Wed Feb 29 2012 00:00:00 GMT+0000 ] instead of [ Invalid date ] for Enter value is 29 2 2012 expected [true] but found [false]">
      <![CDATA[java.lang.AssertionError:  
 Verification failed getting parsing result as [ Wed Feb 29 2012 00:00:00 GMT+0000 ] instead of [ Invalid date ] for Enter value is 29 2 2012 expected [true] but found [false]
at test.propin.TestDateParsing.verifyDateParse(TestDateParsing.java:35)
at java.util.ArrayList.forEach(ArrayList.java:1257)
... Removed 34 stack frames]]>
    </failure>
  </testcase> <!-- verifyDateParse -->
  <testcase name="verifyDateParse" time="2.777" classname="test.propin.TestDateParsing"/>
  <testcase name="verifyDateParse" time="2.76" classname="test.propin.TestDateParsing">
    <failure type="java.lang.AssertionError" message=" 
 Verification failed getting parsing result as [ Mon Dec 02 2002 00:00:00 GMT+0000 ] instead of [ Tue Feb 12 2002 00:00:00 GMT+0000 ] for Enter value is 2 12 0002 expected [true] but found [false]">
      <![CDATA[java.lang.AssertionError:  
 Verification failed getting parsing result as [ Mon Dec 02 2002 00:00:00 GMT+0000 ] instead of [ Tue Feb 12 2002 00:00:00 GMT+0000 ] for Enter value is 2 12 0002 expected [true] but found [false]
at test.propin.TestDateParsing.verifyDateParse(TestDateParsing.java:35)
at java.util.ArrayList.forEach(ArrayList.java:1257)
... Removed 34 stack frames]]>
    </failure>
  </testcase> <!-- verifyDateParse -->
  <testcase name="verifyDateParse" time="2.862" classname="test.propin.TestDateParsing"/>
  <testcase name="verifyDateParse" time="2.728" classname="test.propin.TestDateParsing">
    <failure type="java.lang.AssertionError" message=" 
 Verification failed getting parsing result as [ Invalid Date ] instead of [ Fri May 01 2009 00:00:00 GMT+0000 ] for Enter value is 2009 4 31 expected [true] but found [false]">
      <![CDATA[java.lang.AssertionError:  
 Verification failed getting parsing result as [ Invalid Date ] instead of [ Fri May 01 2009 00:00:00 GMT+0000 ] for Enter value is 2009 4 31 expected [true] but found [false]
at test.propin.TestDateParsing.verifyDateParse(TestDateParsing.java:35)
at java.util.ArrayList.forEach(ArrayList.java:1257)
... Removed 34 stack frames]]>
    </failure>
  </testcase> <!-- verifyDateParse -->
  <testcase name="verifyDateParse" time="2.818" classname="test.propin.TestDateParsing">
    <failure type="java.lang.AssertionError" message=" 
 Verification failed getting parsing result as [ Invalid Date ] instead of [ Mon Mar 01 2010 00:00:00 GMT+0000 ] for Enter value is 2010 2 29 expected [true] but found [false]">
      <![CDATA[java.lang.AssertionError:  
 Verification failed getting parsing result as [ Invalid Date ] instead of [ Mon Mar 01 2010 00:00:00 GMT+0000 ] for Enter value is 2010 2 29 expected [true] but found [false]
at test.propin.TestDateParsing.verifyDateParse(TestDateParsing.java:35)
at java.util.ArrayList.forEach(ArrayList.java:1257)
... Removed 34 stack frames]]>
    </failure>
  </testcase> <!-- verifyDateParse -->
  <testcase name="verifyDateParse" time="2.823" classname="test.propin.TestDateParsing">
    <failure type="java.lang.AssertionError" message=" 
 Verification failed getting parsing result as [ Invalid Date ] instead of [ Mon Mar 01 2010 00:00:00 GMT+0000 ] for Enter value is 2010/ 2/ 29 expected [true] but found [false]">
      <![CDATA[java.lang.AssertionError:  
 Verification failed getting parsing result as [ Invalid Date ] instead of [ Mon Mar 01 2010 00:00:00 GMT+0000 ] for Enter value is 2010/ 2/ 29 expected [true] but found [false]
at test.propin.TestDateParsing.verifyDateParse(TestDateParsing.java:35)
at java.util.ArrayList.forEach(ArrayList.java:1257)
... Removed 34 stack frames]]>
    </failure>
  </testcase> <!-- verifyDateParse -->
  <testcase name="verifyDateParse" time="2.733" classname="test.propin.TestDateParsing">
    <failure type="java.lang.AssertionError" message=" 
 Verification failed getting parsing result as [ Tue Feb 17 2009 00:00:00 GMT+0000 ] instead of [ Invalid date ] for Enter value is -2009- -2 -17 expected [true] but found [false]">
      <![CDATA[java.lang.AssertionError:  
 Verification failed getting parsing result as [ Tue Feb 17 2009 00:00:00 GMT+0000 ] instead of [ Invalid date ] for Enter value is -2009- -2 -17 expected [true] but found [false]
at test.propin.TestDateParsing.verifyDateParse(TestDateParsing.java:35)
at java.util.ArrayList.forEach(ArrayList.java:1257)
... Removed 34 stack frames]]>
    </failure>
  </testcase> <!-- verifyDateParse -->
  <testcase name="verifyDateParse" time="2.779" classname="test.propin.TestDateParsing">
    <failure type="java.lang.AssertionError" message=" 
 Verification failed getting parsing result as [ Tue Feb 17 2009 00:00:00 GMT+0000 ] instead of [ Invalid date ] for Enter value is -2009-/ -2/ -17 expected [true] but found [false]">
      <![CDATA[java.lang.AssertionError:  
 Verification failed getting parsing result as [ Tue Feb 17 2009 00:00:00 GMT+0000 ] instead of [ Invalid date ] for Enter value is -2009-/ -2/ -17 expected [true] but found [false]
at test.propin.TestDateParsing.verifyDateParse(TestDateParsing.java:35)
at java.util.ArrayList.forEach(ArrayList.java:1257)
... Removed 34 stack frames]]>
    </failure>
  </testcase> <!-- verifyDateParse -->
  <testcase name="verifyDateParse" time="2.801" classname="test.propin.TestDateParsing"/>
  <testcase name="verifyDateParse" time="2.725" classname="test.propin.TestDateParsing"/>
  <testcase name="verifyDateParse" time="2.816" classname="test.propin.TestDateParsing"/>
  <testcase name="verifyDateParse" time="2.784" classname="test.propin.TestDateParsing"/>
  <testcase name="verifyDateParse" time="2.822" classname="test.propin.TestDateParsing"/>
  <testcase name="verifyDateParse" time="2.757" classname="test.propin.TestDateParsing">
    <failure type="java.lang.AssertionError" message=" 
 Verification failed getting parsing result as [ Mon Dec 02 2002 00:00:00 GMT+0000 ] instead of [ Tue Feb 12 2002 00:00:00 GMT+0000 ] for Enter value is 0002/ 12/ 02 expected [true] but found [false]">
      <![CDATA[java.lang.AssertionError:  
 Verification failed getting parsing result as [ Mon Dec 02 2002 00:00:00 GMT+0000 ] instead of [ Tue Feb 12 2002 00:00:00 GMT+0000 ] for Enter value is 0002/ 12/ 02 expected [true] but found [false]
at test.propin.TestDateParsing.verifyDateParse(TestDateParsing.java:35)
at java.util.ArrayList.forEach(ArrayList.java:1257)
... Removed 33 stack frames]]>
    </failure>
  </testcase> <!-- verifyDateParse -->
  <testcase name="verifyDateParse" time="2.728" classname="test.propin.TestDateParsing">
    <failure type="java.lang.AssertionError" message=" 
 Verification failed getting parsing result as [ Invalid Date ] instead of [ Fri Feb 01 2019 00:00:00 GMT+0000 ] for Enter value is 2019/ 2/ $$ expected [true] but found [false]">
      <![CDATA[java.lang.AssertionError:  
 Verification failed getting parsing result as [ Invalid Date ] instead of [ Fri Feb 01 2019 00:00:00 GMT+0000 ] for Enter value is 2019/ 2/ $$ expected [true] but found [false]
at test.propin.TestDateParsing.verifyDateParse(TestDateParsing.java:35)
at java.util.ArrayList.forEach(ArrayList.java:1257)
... Removed 33 stack frames]]>
    </failure>
  </testcase> <!-- verifyDateParse -->
  <testcase name="verifyDateParse" time="2.863" classname="test.propin.TestDateParsing"/>
  <testcase name="verifyDateParse" time="2.76" classname="test.propin.TestDateParsing">
    <failure type="java.lang.AssertionError" message=" 
 Verification failed getting parsing result as [ Tue Feb 17 2009 00:00:00 GMT+0000 ] instead of [ Invalid date ] for Enter value is 17/02/2009 expected [true] but found [false]">
      <![CDATA[java.lang.AssertionError:  
 Verification failed getting parsing result as [ Tue Feb 17 2009 00:00:00 GMT+0000 ] instead of [ Invalid date ] for Enter value is 17/02/2009 expected [true] but found [false]
at test.propin.TestDateParsing.verifyDateParse(TestDateParsing.java:35)
at java.util.ArrayList.forEach(ArrayList.java:1257)
... Removed 33 stack frames]]>
    </failure>
  </testcase> <!-- verifyDateParse -->
  <testcase name="verifyDateParse" time="2.827" classname="test.propin.TestDateParsing">
    <failure type="java.lang.AssertionError" message=" 
 Verification failed getting parsing result as [ Invalid Date ] instead of [ Fri May 01 2009 00:00:00 GMT+0000 ] for Enter value is      04 31 2009 expected [true] but found [false]">
      <![CDATA[java.lang.AssertionError:  
 Verification failed getting parsing result as [ Invalid Date ] instead of [ Fri May 01 2009 00:00:00 GMT+0000 ] for Enter value is      04 31 2009 expected [true] but found [false]
at test.propin.TestDateParsing.verifyDateParse(TestDateParsing.java:35)
at java.util.ArrayList.forEach(ArrayList.java:1257)
... Removed 33 stack frames]]>
    </failure>
  </testcase> <!-- verifyDateParse -->
  <testcase name="verifyDateParse" time="2.926" classname="test.propin.TestDateParsing"/>
  <testcase name="verifyDateParse" time="4.225" classname="test.propin.TestDateParsing">
    <failure type="java.lang.AssertionError" message=" 
 Verification failed getting parsing result as [ Invalid Date ] instead of [ Mon Mar 01 2010 00:00:00 GMT+0000 ] for Enter value is   02 29 2010 expected [true] but found [false]">
      <![CDATA[java.lang.AssertionError:  
 Verification failed getting parsing result as [ Invalid Date ] instead of [ Mon Mar 01 2010 00:00:00 GMT+0000 ] for Enter value is   02 29 2010 expected [true] but found [false]
at test.propin.TestDateParsing.verifyDateParse(TestDateParsing.java:35)
at java.util.ArrayList.forEach(ArrayList.java:1257)
... Removed 33 stack frames]]>
    </failure>
  </testcase> <!-- verifyDateParse -->
  <testcase name="verifyDateParse" time="3.205" classname="test.propin.TestDateParsing"/>
  <testcase name="verifyDateParse" time="2.717" classname="test.propin.TestDateParsing">
    <failure type="java.lang.AssertionError" message=" 
 Verification failed getting parsing result as [ Tue Feb 17 2009 00:00:00 GMT+0000 ] instead of [ Invalid date ] for Enter value is -17/-02/-2009 expected [true] but found [false]">
      <![CDATA[java.lang.AssertionError:  
 Verification failed getting parsing result as [ Tue Feb 17 2009 00:00:00 GMT+0000 ] instead of [ Invalid date ] for Enter value is -17/-02/-2009 expected [true] but found [false]
at test.propin.TestDateParsing.verifyDateParse(TestDateParsing.java:35)
at java.util.ArrayList.forEach(ArrayList.java:1257)
... Removed 33 stack frames]]>
    </failure>
  </testcase> <!-- verifyDateParse -->
  <testcase name="verifyDateParse" time="2.98" classname="test.propin.TestDateParsing"/>
  <testcase name="verifyDateParse" time="2.727" classname="test.propin.TestDateParsing">
    <failure type="java.lang.AssertionError" message=" 
 Verification failed getting parsing result as [ Wed Feb 29 2012 00:00:00 GMT+0000 ] instead of [ Invalid date ] for Enter value is 29/02/2012 expected [true] but found [false]">
      <![CDATA[java.lang.AssertionError:  
 Verification failed getting parsing result as [ Wed Feb 29 2012 00:00:00 GMT+0000 ] instead of [ Invalid date ] for Enter value is 29/02/2012 expected [true] but found [false]
at test.propin.TestDateParsing.verifyDateParse(TestDateParsing.java:35)
at java.util.ArrayList.forEach(ArrayList.java:1257)
... Removed 33 stack frames]]>
    </failure>
  </testcase> <!-- verifyDateParse -->
  <testcase name="verifyDateParse" time="2.709" classname="test.propin.TestDateParsing"/>
  <testcase name="verifyDateParse" time="2.736" classname="test.propin.TestDateParsing">
    <failure type="java.lang.AssertionError" message=" 
 Verification failed getting parsing result as [ Mon Dec 02 2002 00:00:00 GMT+0000 ] instead of [ Tue Feb 12 2002 00:00:00 GMT+0000 ] for Enter value is 02/12/0002 expected [true] but found [false]">
      <![CDATA[java.lang.AssertionError:  
 Verification failed getting parsing result as [ Mon Dec 02 2002 00:00:00 GMT+0000 ] instead of [ Tue Feb 12 2002 00:00:00 GMT+0000 ] for Enter value is 02/12/0002 expected [true] but found [false]
at test.propin.TestDateParsing.verifyDateParse(TestDateParsing.java:35)
at java.util.ArrayList.forEach(ArrayList.java:1257)
... Removed 33 stack frames]]>
    </failure>
  </testcase> <!-- verifyDateParse -->
  <testcase name="verifyDateParse" time="2.789" classname="test.propin.TestDateParsing"/>
  <testcase name="verifyDateParse" time="2.698" classname="test.propin.TestDateParsing"/>
  <testcase name="verifyDateParse" time="2.787" classname="test.propin.TestDateParsing"/>
  <testcase name="verifyDateParse" time="2.81" classname="test.propin.TestDateParsing">
    <failure type="java.lang.AssertionError" message=" 
 Verification failed getting parsing result as [ Mon Dec 02 2002 00:00:00 GMT+0000 ] instead of [ Tue Feb 12 2002 00:00:00 GMT+0000 ] for Enter value is 0002 12 02 expected [true] but found [false]">
      <![CDATA[java.lang.AssertionError:  
 Verification failed getting parsing result as [ Mon Dec 02 2002 00:00:00 GMT+0000 ] instead of [ Tue Feb 12 2002 00:00:00 GMT+0000 ] for Enter value is 0002 12 02 expected [true] but found [false]
at test.propin.TestDateParsing.verifyDateParse(TestDateParsing.java:35)
at java.util.ArrayList.forEach(ArrayList.java:1257)
... Removed 33 stack frames]]>
    </failure>
  </testcase> <!-- verifyDateParse -->
  <testcase name="verifyDateParse" time="2.725" classname="test.propin.TestDateParsing"/>
  <testcase name="verifyDateParse" time="2.773" classname="test.propin.TestDateParsing">
    <failure type="java.lang.AssertionError" message=" 
 Verification failed getting parsing result as [ Invalid Date ] instead of [ Fri Feb 01 2019 00:00:00 GMT+0000 ] for Enter value is 2019 2 $$ expected [true] but found [false]">
      <![CDATA[java.lang.AssertionError:  
 Verification failed getting parsing result as [ Invalid Date ] instead of [ Fri Feb 01 2019 00:00:00 GMT+0000 ] for Enter value is 2019 2 $$ expected [true] but found [false]
at test.propin.TestDateParsing.verifyDateParse(TestDateParsing.java:35)
at java.util.ArrayList.forEach(ArrayList.java:1257)
... Removed 33 stack frames]]>
    </failure>
  </testcase> <!-- verifyDateParse -->
  <testcase name="verifyDateParse" time="2.723" classname="test.propin.TestDateParsing">
    <failure type="java.lang.AssertionError" message=" 
 Verification failed getting parsing result as [ Invalid Date ] instead of [ Fri May 01 2009 00:00:00 GMT+0000 ] for Enter value is 04/31/2009 expected [true] but found [false]">
      <![CDATA[java.lang.AssertionError:  
 Verification failed getting parsing result as [ Invalid Date ] instead of [ Fri May 01 2009 00:00:00 GMT+0000 ] for Enter value is 04/31/2009 expected [true] but found [false]
at test.propin.TestDateParsing.verifyDateParse(TestDateParsing.java:35)
at java.util.ArrayList.forEach(ArrayList.java:1257)
... Removed 33 stack frames]]>
    </failure>
  </testcase> <!-- verifyDateParse -->
  <testcase name="verifyDateParse" time="2.73" classname="test.propin.TestDateParsing"/>
  <testcase name="verifyDateParse" time="2.715" classname="test.propin.TestDateParsing">
    <failure type="java.lang.AssertionError" message=" 
 Verification failed getting parsing result as [ Invalid Date ] instead of [ Mon Mar 01 2010 00:00:00 GMT+0000 ] for Enter value is 02/29/2010 expected [true] but found [false]">
      <![CDATA[java.lang.AssertionError:  
 Verification failed getting parsing result as [ Invalid Date ] instead of [ Mon Mar 01 2010 00:00:00 GMT+0000 ] for Enter value is 02/29/2010 expected [true] but found [false]
at test.propin.TestDateParsing.verifyDateParse(TestDateParsing.java:35)
at java.util.ArrayList.forEach(ArrayList.java:1257)
... Removed 33 stack frames]]>
    </failure>
  </testcase> <!-- verifyDateParse -->
  <testcase name="verifyDateParse" time="2.73" classname="test.propin.TestDateParsing">
    <failure type="java.lang.AssertionError" message=" 
 Verification failed getting parsing result as [ Invalid Date ] instead of [ Fri May 01 2009 00:00:00 GMT+0000 ] for Enter value is   Apr 31 2009 expected [true] but found [false]">
      <![CDATA[java.lang.AssertionError:  
 Verification failed getting parsing result as [ Invalid Date ] instead of [ Fri May 01 2009 00:00:00 GMT+0000 ] for Enter value is   Apr 31 2009 expected [true] but found [false]
at test.propin.TestDateParsing.verifyDateParse(TestDateParsing.java:35)
at java.util.ArrayList.forEach(ArrayList.java:1257)
... Removed 33 stack frames]]>
    </failure>
  </testcase> <!-- verifyDateParse -->
  <testcase name="verifyDateParse" time="2.833" classname="test.propin.TestDateParsing">
    <failure type="java.lang.AssertionError" message=" 
 Verification failed getting parsing result as [ Tue Feb 17 2009 00:00:00 GMT+0000 ] instead of [ Invalid date ] for Enter value is -02/-17/-2009 expected [true] but found [false]">
      <![CDATA[java.lang.AssertionError:  
 Verification failed getting parsing result as [ Tue Feb 17 2009 00:00:00 GMT+0000 ] instead of [ Invalid date ] for Enter value is -02/-17/-2009 expected [true] but found [false]
at test.propin.TestDateParsing.verifyDateParse(TestDateParsing.java:35)
at java.util.ArrayList.forEach(ArrayList.java:1257)
... Removed 33 stack frames]]>
    </failure>
  </testcase> <!-- verifyDateParse -->
  <testcase name="verifyDateParse" time="2.708" classname="test.propin.TestDateParsing">
    <failure type="java.lang.AssertionError" message=" 
 Verification failed getting parsing result as [ Invalid Date ] instead of [ Mon Mar 01 2010 00:00:00 GMT+0000 ] for Enter value is Feb 29 2010 expected [true] but found [false]">
      <![CDATA[java.lang.AssertionError:  
 Verification failed getting parsing result as [ Invalid Date ] instead of [ Mon Mar 01 2010 00:00:00 GMT+0000 ] for Enter value is Feb 29 2010 expected [true] but found [false]
at test.propin.TestDateParsing.verifyDateParse(TestDateParsing.java:35)
at java.util.ArrayList.forEach(ArrayList.java:1257)
... Removed 33 stack frames]]>
    </failure>
  </testcase> <!-- verifyDateParse -->
  <testcase name="verifyDateParse" time="2.721" classname="test.propin.TestDateParsing"/>
  <testcase name="verifyDateParse" time="2.731" classname="test.propin.TestDateParsing">
    <failure type="java.lang.AssertionError" message=" 
 Verification failed getting parsing result as [ Tue Feb 17 2009 00:00:00 GMT+0000 ] instead of [ Invalid date ] for Enter value is Feb -17 -2009 expected [true] but found [false]">
      <![CDATA[java.lang.AssertionError:  
 Verification failed getting parsing result as [ Tue Feb 17 2009 00:00:00 GMT+0000 ] instead of [ Invalid date ] for Enter value is Feb -17 -2009 expected [true] but found [false]
at test.propin.TestDateParsing.verifyDateParse(TestDateParsing.java:35)
at java.util.ArrayList.forEach(ArrayList.java:1257)
... Removed 33 stack frames]]>
    </failure>
  </testcase> <!-- verifyDateParse -->
  <testcase name="verifyDateParse" time="2.736" classname="test.propin.TestDateParsing"/>
  <testcase name="verifyDateParse" time="2.754" classname="test.propin.TestDateParsing"/>
  <testcase name="verifyDateParse" time="2.76" classname="test.propin.TestDateParsing"/>
  <testcase name="verifyDateParse" time="2.758" classname="test.propin.TestDateParsing"/>
  <testcase name="verifyDateParse" time="2.718" classname="test.propin.TestDateParsing">
    <failure type="java.lang.AssertionError" message=" 
 Verification failed getting parsing result as [ Mon Dec 02 2002 00:00:00 GMT+0000 ] instead of [ Tue Feb 12 2002 00:00:00 GMT+0000 ] for Enter value is 02/12/0002 expected [true] but found [false]">
      <![CDATA[java.lang.AssertionError:  
 Verification failed getting parsing result as [ Mon Dec 02 2002 00:00:00 GMT+0000 ] instead of [ Tue Feb 12 2002 00:00:00 GMT+0000 ] for Enter value is 02/12/0002 expected [true] but found [false]
at test.propin.TestDateParsing.verifyDateParse(TestDateParsing.java:35)
at java.util.ArrayList.forEach(ArrayList.java:1257)
... Removed 33 stack frames]]>
    </failure>
  </testcase> <!-- verifyDateParse -->
  <testcase name="verifyDateParse" time="2.789" classname="test.propin.TestDateParsing">
    <failure type="java.lang.AssertionError" message=" 
 Verification failed getting parsing result as [ Invalid Date ] instead of [ Fri Feb 01 2019 00:00:00 GMT+0000 ] for Enter value is Feb $$ 2019 expected [true] but found [false]">
      <![CDATA[java.lang.AssertionError:  
 Verification failed getting parsing result as [ Invalid Date ] instead of [ Fri Feb 01 2019 00:00:00 GMT+0000 ] for Enter value is Feb $$ 2019 expected [true] but found [false]
at test.propin.TestDateParsing.verifyDateParse(TestDateParsing.java:35)
at java.util.ArrayList.forEach(ArrayList.java:1257)
... Removed 33 stack frames]]>
    </failure>
  </testcase> <!-- verifyDateParse -->
  <testcase name="verifyDateParse" time="2.833" classname="test.propin.TestDateParsing"/>
  <testcase name="verifyDateParse" time="2.713" classname="test.propin.TestDateParsing">
    <failure type="java.lang.AssertionError" message=" 
 Verification failed getting parsing result as [ Invalid Date ] instead of [ Fri May 01 2009 00:00:00 GMT+0000 ] for Enter value is 2009/04/31 expected [true] but found [false]">
      <![CDATA[java.lang.AssertionError:  
 Verification failed getting parsing result as [ Invalid Date ] instead of [ Fri May 01 2009 00:00:00 GMT+0000 ] for Enter value is 2009/04/31 expected [true] but found [false]
at test.propin.TestDateParsing.verifyDateParse(TestDateParsing.java:35)
at java.util.ArrayList.forEach(ArrayList.java:1257)
... Removed 33 stack frames]]>
    </failure>
  </testcase> <!-- verifyDateParse -->
  <testcase name="verifyDateParse" time="2.704" classname="test.propin.TestDateParsing">
    <failure type="java.lang.AssertionError" message=" 
 Verification failed getting parsing result as [ Invalid Date ] instead of [ Mon Mar 01 2010 00:00:00 GMT+0000 ] for Enter value is 2010/02/29 expected [true] but found [false]">
      <![CDATA[java.lang.AssertionError:  
 Verification failed getting parsing result as [ Invalid Date ] instead of [ Mon Mar 01 2010 00:00:00 GMT+0000 ] for Enter value is 2010/02/29 expected [true] but found [false]
at test.propin.TestDateParsing.verifyDateParse(TestDateParsing.java:35)
at java.util.ArrayList.forEach(ArrayList.java:1257)
... Removed 33 stack frames]]>
    </failure>
  </testcase> <!-- verifyDateParse -->
  <testcase name="verifyDateParse" time="2.908" classname="test.propin.TestDateParsing">
    <failure type="java.lang.AssertionError" message=" 
 Verification failed getting parsing result as [ Tue Feb 17 2009 00:00:00 GMT+0000 ] instead of [ Invalid date ] for Enter value is -2009-/-02/-17 expected [true] but found [false]">
      <![CDATA[java.lang.AssertionError:  
 Verification failed getting parsing result as [ Tue Feb 17 2009 00:00:00 GMT+0000 ] instead of [ Invalid date ] for Enter value is -2009-/-02/-17 expected [true] but found [false]
at test.propin.TestDateParsing.verifyDateParse(TestDateParsing.java:35)
at java.util.ArrayList.forEach(ArrayList.java:1257)
... Removed 33 stack frames]]>
    </failure>
  </testcase> <!-- verifyDateParse -->
  <testcase name="verifyDateParse" time="3.72" classname="test.propin.TestDateParsing"/>
  <testcase name="verifyDateParse" time="2.716" classname="test.propin.TestDateParsing"/>
  <testcase name="verifyDateParse" time="2.828" classname="test.propin.TestDateParsing"/>
  <testcase name="verifyDateParse" time="2.828" classname="test.propin.TestDateParsing">
    <failure type="java.lang.AssertionError" message=" 
 Verification failed getting parsing result as [ Mon Dec 02 2002 00:00:00 GMT+0000 ] instead of [ Tue Feb 12 2002 00:00:00 GMT+0000 ] for Enter value is 0002/12/02 expected [true] but found [false]">
      <![CDATA[java.lang.AssertionError:  
 Verification failed getting parsing result as [ Mon Dec 02 2002 00:00:00 GMT+0000 ] instead of [ Tue Feb 12 2002 00:00:00 GMT+0000 ] for Enter value is 0002/12/02 expected [true] but found [false]
at test.propin.TestDateParsing.verifyDateParse(TestDateParsing.java:35)
at java.util.ArrayList.forEach(ArrayList.java:1257)
... Removed 33 stack frames]]>
    </failure>
  </testcase> <!-- verifyDateParse -->
  <testcase name="verifyDateParse" time="2.729" classname="test.propin.TestDateParsing">
    <failure type="java.lang.AssertionError" message=" 
 Verification failed getting parsing result as [ Invalid Date ] instead of [ Fri Feb 01 2019 00:00:00 GMT+0000 ] for Enter value is 2019/02/$$ expected [true] but found [false]">
      <![CDATA[java.lang.AssertionError:  
 Verification failed getting parsing result as [ Invalid Date ] instead of [ Fri Feb 01 2019 00:00:00 GMT+0000 ] for Enter value is 2019/02/$$ expected [true] but found [false]
at test.propin.TestDateParsing.verifyDateParse(TestDateParsing.java:35)
at java.util.ArrayList.forEach(ArrayList.java:1257)
... Removed 33 stack frames]]>
    </failure>
  </testcase> <!-- verifyDateParse -->
  <testcase name="verifyDateParse" time="2.732" classname="test.propin.TestDateParsing"/>
  <testcase name="verifyDateParse" time="2.72" classname="test.propin.TestDateParsing">
    <failure type="java.lang.AssertionError" message=" 
 Verification failed getting parsing result as [ Invalid Date ] instead of [ Fri May 01 2009 00:00:00 GMT+0000 ] for Enter value is      04/31/2009 expected [true] but found [false]">
      <![CDATA[java.lang.AssertionError:  
 Verification failed getting parsing result as [ Invalid Date ] instead of [ Fri May 01 2009 00:00:00 GMT+0000 ] for Enter value is      04/31/2009 expected [true] but found [false]
at test.propin.TestDateParsing.verifyDateParse(TestDateParsing.java:35)
at java.util.ArrayList.forEach(ArrayList.java:1257)
... Removed 33 stack frames]]>
    </failure>
  </testcase> <!-- verifyDateParse -->
  <testcase name="verifyDateParse" time="2.757" classname="test.propin.TestDateParsing"/>
  <testcase name="verifyDateParse" time="2.782" classname="test.propin.TestDateParsing"/>
  <testcase name="verifyDateParse" time="2.712" classname="test.propin.TestDateParsing">
    <failure type="java.lang.AssertionError" message=" 
 Verification failed getting parsing result as [ Invalid Date ] instead of [ Fri May 01 2009 00:00:00 GMT+0000 ] for Enter value is   31 Apr 2009 expected [true] but found [false]">
      <![CDATA[java.lang.AssertionError:  
 Verification failed getting parsing result as [ Invalid Date ] instead of [ Fri May 01 2009 00:00:00 GMT+0000 ] for Enter value is   31 Apr 2009 expected [true] but found [false]
at test.propin.TestDateParsing.verifyDateParse(TestDateParsing.java:35)
at java.util.ArrayList.forEach(ArrayList.java:1257)
... Removed 33 stack frames]]>
    </failure>
  </testcase> <!-- verifyDateParse -->
  <testcase name="verifyDateParse" time="2.94" classname="test.propin.TestDateParsing">
    <failure type="java.lang.AssertionError" message=" 
 Verification failed getting parsing result as [ Invalid Date ] instead of [ Mon Mar 01 2010 00:00:00 GMT+0000 ] for Enter value is 29 Feb 2010 expected [true] but found [false]">
      <![CDATA[java.lang.AssertionError:  
 Verification failed getting parsing result as [ Invalid Date ] instead of [ Mon Mar 01 2010 00:00:00 GMT+0000 ] for Enter value is 29 Feb 2010 expected [true] but found [false]
at test.propin.TestDateParsing.verifyDateParse(TestDateParsing.java:35)
at java.util.ArrayList.forEach(ArrayList.java:1257)
... Removed 33 stack frames]]>
    </failure>
  </testcase> <!-- verifyDateParse -->
  <testcase name="verifyDateParse" time="2.978" classname="test.propin.TestDateParsing">
    <failure type="java.lang.AssertionError" message=" 
 Verification failed getting parsing result as [ Tue Feb 17 2009 00:00:00 GMT+0000 ] instead of [ Invalid date ] for Enter value is -17 Feb -2009 expected [true] but found [false]">
      <![CDATA[java.lang.AssertionError:  
 Verification failed getting parsing result as [ Tue Feb 17 2009 00:00:00 GMT+0000 ] instead of [ Invalid date ] for Enter value is -17 Feb -2009 expected [true] but found [false]
at test.propin.TestDateParsing.verifyDateParse(TestDateParsing.java:35)
at java.util.ArrayList.forEach(ArrayList.java:1257)
... Removed 33 stack frames]]>
    </failure>
  </testcase> <!-- verifyDateParse -->
  <testcase name="verifyDateParse" time="2.73" classname="test.propin.TestDateParsing"/>
  <testcase name="verifyDateParse" time="2.796" classname="test.propin.TestDateParsing"/>
  <testcase name="verifyDateParse" time="2.723" classname="test.propin.TestDateParsing">
    <failure type="java.lang.AssertionError" message=" 
 Verification failed getting parsing result as [ Invalid Date ] instead of [ Mon Mar 02 2009 00:00:00 GMT+0000 ] for Enter value is 30 Feb 2009 expected [true] but found [false]">
      <![CDATA[java.lang.AssertionError:  
 Verification failed getting parsing result as [ Invalid Date ] instead of [ Mon Mar 02 2009 00:00:00 GMT+0000 ] for Enter value is 30 Feb 2009 expected [true] but found [false]
at test.propin.TestDateParsing.verifyDateParse(TestDateParsing.java:35)
at java.util.ArrayList.forEach(ArrayList.java:1257)
... Removed 33 stack frames]]>
    </failure>
  </testcase> <!-- verifyDateParse -->
  <testcase name="verifyDateParse" time="2.82" classname="test.propin.TestDateParsing"/>
  <testcase name="verifyDateParse" time="2.72" classname="test.propin.TestDateParsing">
    <failure type="java.lang.AssertionError" message=" 
 Verification failed getting parsing result as [ Invalid Date ] instead of [ Fri May 01 2009 00:00:00 GMT+0000 ] for Enter value is 2009 Apr 31 expected [true] but found [false]">
      <![CDATA[java.lang.AssertionError:  
 Verification failed getting parsing result as [ Invalid Date ] instead of [ Fri May 01 2009 00:00:00 GMT+0000 ] for Enter value is 2009 Apr 31 expected [true] but found [false]
at test.propin.TestDateParsing.verifyDateParse(TestDateParsing.java:35)
at java.util.ArrayList.forEach(ArrayList.java:1257)
... Removed 33 stack frames]]>
    </failure>
  </testcase> <!-- verifyDateParse -->
  <testcase name="verifyDateParse" time="2.733" classname="test.propin.TestDateParsing">
    <failure type="java.lang.AssertionError" message=" 
 Verification failed getting parsing result as [ Invalid Date ] instead of [ Mon Mar 01 2010 00:00:00 GMT+0000 ] for Enter value is   02/29/2010 expected [true] but found [false]">
      <![CDATA[java.lang.AssertionError:  
 Verification failed getting parsing result as [ Invalid Date ] instead of [ Mon Mar 01 2010 00:00:00 GMT+0000 ] for Enter value is   02/29/2010 expected [true] but found [false]
at test.propin.TestDateParsing.verifyDateParse(TestDateParsing.java:35)
at java.util.ArrayList.forEach(ArrayList.java:1257)
... Removed 33 stack frames]]>
    </failure>
  </testcase> <!-- verifyDateParse -->
  <testcase name="verifyDateParse" time="2.79" classname="test.propin.TestDateParsing">
    <failure type="java.lang.AssertionError" message=" 
 Verification failed getting parsing result as [ Tue Feb 17 2009 00:00:00 GMT+0000 ] instead of [ Invalid date ] for Enter value is -02/-17/-2009 expected [true] but found [false]">
      <![CDATA[java.lang.AssertionError:  
 Verification failed getting parsing result as [ Tue Feb 17 2009 00:00:00 GMT+0000 ] instead of [ Invalid date ] for Enter value is -02/-17/-2009 expected [true] but found [false]
at test.propin.TestDateParsing.verifyDateParse(TestDateParsing.java:35)
at java.util.ArrayList.forEach(ArrayList.java:1257)
... Removed 33 stack frames]]>
    </failure>
  </testcase> <!-- verifyDateParse -->
  <testcase name="verifyDateParse" time="3.044" classname="test.propin.TestDateParsing"/>
  <testcase name="verifyDateParse" time="2.752" classname="test.propin.TestDateParsing"/>
  <testcase name="verifyDateParse" time="2.814" classname="test.propin.TestDateParsing"/>
  <testcase name="verifyDateParse" time="2.728" classname="test.propin.TestDateParsing"/>
  <testcase name="verifyDateParse" time="2.719" classname="test.propin.TestDateParsing"/>
  <testcase name="verifyDateParse" time="2.742" classname="test.propin.TestDateParsing"/>
  <testcase name="verifyDateParse" time="2.738" classname="test.propin.TestDateParsing">
    <failure type="java.lang.AssertionError" message=" 
 Verification failed getting parsing result as [ Invalid Date ] instead of [ Fri May 01 2009 00:00:00 GMT+0000 ] for Enter value is   April ,31, 2009 expected [true] but found [false]">
      <![CDATA[java.lang.AssertionError:  
 Verification failed getting parsing result as [ Invalid Date ] instead of [ Fri May 01 2009 00:00:00 GMT+0000 ] for Enter value is   April ,31, 2009 expected [true] but found [false]
at test.propin.TestDateParsing.verifyDateParse(TestDateParsing.java:35)
at java.util.ArrayList.forEach(ArrayList.java:1257)
... Removed 33 stack frames]]>
    </failure>
  </testcase> <!-- verifyDateParse -->
  <testcase name="verifyDateParse" time="2.855" classname="test.propin.TestDateParsing">
    <failure type="java.lang.AssertionError" message=" 
 Verification failed getting parsing result as [ Invalid Date ] instead of [ Mon Mar 01 2010 00:00:00 GMT+0000 ] for Enter value is February ,29, 2010 expected [true] but found [false]">
      <![CDATA[java.lang.AssertionError:  
 Verification failed getting parsing result as [ Invalid Date ] instead of [ Mon Mar 01 2010 00:00:00 GMT+0000 ] for Enter value is February ,29, 2010 expected [true] but found [false]
at test.propin.TestDateParsing.verifyDateParse(TestDateParsing.java:35)
at java.util.ArrayList.forEach(ArrayList.java:1257)
... Removed 33 stack frames]]>
    </failure>
  </testcase> <!-- verifyDateParse -->
  <testcase name="verifyDateParse" time="2.798" classname="test.propin.TestDateParsing">
    <failure type="java.lang.AssertionError" message=" 
 Verification failed getting parsing result as [ Invalid Date ] instead of [ Mon Mar 01 2010 00:00:00 GMT+0000 ] for Enter value is 2010 Feb 29  expected [true] but found [false]">
      <![CDATA[java.lang.AssertionError:  
 Verification failed getting parsing result as [ Invalid Date ] instead of [ Mon Mar 01 2010 00:00:00 GMT+0000 ] for Enter value is 2010 Feb 29  expected [true] but found [false]
at test.propin.TestDateParsing.verifyDateParse(TestDateParsing.java:35)
at java.util.ArrayList.forEach(ArrayList.java:1257)
... Removed 33 stack frames]]>
    </failure>
  </testcase> <!-- verifyDateParse -->
  <testcase name="verifyDateParse" time="2.663" classname="test.propin.TestDateParsing">
    <failure type="java.lang.AssertionError" message=" 
 Verification failed getting parsing result as [ Tue Feb 17 2009 00:00:00 GMT+0000 ] instead of [ Invalid date ] for Enter value is -2009 Feb -17 expected [true] but found [false]">
      <![CDATA[java.lang.AssertionError:  
 Verification failed getting parsing result as [ Tue Feb 17 2009 00:00:00 GMT+0000 ] instead of [ Invalid date ] for Enter value is -2009 Feb -17 expected [true] but found [false]
at test.propin.TestDateParsing.verifyDateParse(TestDateParsing.java:35)
at java.util.ArrayList.forEach(ArrayList.java:1257)
... Removed 33 stack frames]]>
    </failure>
  </testcase> <!-- verifyDateParse -->
  <testcase name="verifyDateParse" time="2.713" classname="test.propin.TestDateParsing"/>
  <testcase name="verifyDateParse" time="2.677" classname="test.propin.TestDateParsing"/>
  <testcase name="verifyDateParse" time="2.824" classname="test.propin.TestDateParsing">
    <failure type="java.lang.AssertionError" message=" 
 Verification failed getting parsing result as [ Invalid Date ] instead of [ Mon Mar 02 2009 00:00:00 GMT+0000 ] for Enter value is 2009 Feb 30 expected [true] but found [false]">
      <![CDATA[java.lang.AssertionError:  
 Verification failed getting parsing result as [ Invalid Date ] instead of [ Mon Mar 02 2009 00:00:00 GMT+0000 ] for Enter value is 2009 Feb 30 expected [true] but found [false]
at test.propin.TestDateParsing.verifyDateParse(TestDateParsing.java:35)
at java.util.ArrayList.forEach(ArrayList.java:1257)
... Removed 33 stack frames]]>
    </failure>
  </testcase> <!-- verifyDateParse -->
  <testcase name="verifyDateParse" time="2.694" classname="test.propin.TestDateParsing"/>
  <testcase name="verifyDateParse" time="2.706" classname="test.propin.TestDateParsing">
    <failure type="java.lang.AssertionError" message=" 
 Verification failed getting parsing result as [ Invalid Date ] instead of [ Fri May 01 2009 00:00:00 GMT+0000 ] for Enter value is   31 Apr, 2009 expected [true] but found [false]">
      <![CDATA[java.lang.AssertionError:  
 Verification failed getting parsing result as [ Invalid Date ] instead of [ Fri May 01 2009 00:00:00 GMT+0000 ] for Enter value is   31 Apr, 2009 expected [true] but found [false]
at test.propin.TestDateParsing.verifyDateParse(TestDateParsing.java:35)
at java.util.ArrayList.forEach(ArrayList.java:1257)
... Removed 33 stack frames]]>
    </failure>
  </testcase> <!-- verifyDateParse -->
  <testcase name="verifyDateParse" time="2.691" classname="test.propin.TestDateParsing">
    <failure type="java.lang.AssertionError" message=" 
 Verification failed getting parsing result as [ Invalid Date ] instead of [ Mon Mar 01 2010 00:00:00 GMT+0000 ] for Enter value is 29 Feb, 2010 expected [true] but found [false]">
      <![CDATA[java.lang.AssertionError:  
 Verification failed getting parsing result as [ Invalid Date ] instead of [ Mon Mar 01 2010 00:00:00 GMT+0000 ] for Enter value is 29 Feb, 2010 expected [true] but found [false]
at test.propin.TestDateParsing.verifyDateParse(TestDateParsing.java:35)
at java.util.ArrayList.forEach(ArrayList.java:1257)
... Removed 33 stack frames]]>
    </failure>
  </testcase> <!-- verifyDateParse -->
  <testcase name="verifyDateParse" time="2.778" classname="test.propin.TestDateParsing">
    <failure type="java.lang.AssertionError" message=" 
 Verification failed getting parsing result as [ Tue Feb 17 2009 00:00:00 GMT+0000 ] instead of [ Invalid date ] for Enter value is -17 Feb, -2009 expected [true] but found [false]">
      <![CDATA[java.lang.AssertionError:  
 Verification failed getting parsing result as [ Tue Feb 17 2009 00:00:00 GMT+0000 ] instead of [ Invalid date ] for Enter value is -17 Feb, -2009 expected [true] but found [false]
at test.propin.TestDateParsing.verifyDateParse(TestDateParsing.java:35)
at java.util.ArrayList.forEach(ArrayList.java:1257)
... Removed 33 stack frames]]>
    </failure>
  </testcase> <!-- verifyDateParse -->
  <testcase name="verifyDateParse" time="2.688" classname="test.propin.TestDateParsing"/>
  <testcase name="verifyDateParse" time="2.82" classname="test.propin.TestDateParsing">
    <failure type="java.lang.AssertionError" message=" 
 Verification failed getting parsing result as [ Tue Feb 17 2009 00:00:00 GMT+0000 ] instead of [ Invalid date ] for Enter value is February , -17, -2009 expected [true] but found [false]">
      <![CDATA[java.lang.AssertionError:  
 Verification failed getting parsing result as [ Tue Feb 17 2009 00:00:00 GMT+0000 ] instead of [ Invalid date ] for Enter value is February , -17, -2009 expected [true] but found [false]
at test.propin.TestDateParsing.verifyDateParse(TestDateParsing.java:35)
at java.util.ArrayList.forEach(ArrayList.java:1257)
... Removed 33 stack frames]]>
    </failure>
  </testcase> <!-- verifyDateParse -->
  <testcase name="verifyDateParse" time="2.715" classname="test.propin.TestDateParsing"/>
  <testcase name="verifyDateParse" time="2.709" classname="test.propin.TestDateParsing"/>
  <testcase name="verifyDateParse" time="2.763" classname="test.propin.TestDateParsing">
    <failure type="java.lang.AssertionError" message=" 
 Verification failed getting parsing result as [ Invalid Date ] instead of [ Fri Feb 01 2019 00:00:00 GMT+0000 ] for Enter value is February , $$ , 2019 expected [true] but found [false]">
      <![CDATA[java.lang.AssertionError:  
 Verification failed getting parsing result as [ Invalid Date ] instead of [ Fri Feb 01 2019 00:00:00 GMT+0000 ] for Enter value is February , $$ , 2019 expected [true] but found [false]
at test.propin.TestDateParsing.verifyDateParse(TestDateParsing.java:35)
at java.util.ArrayList.forEach(ArrayList.java:1257)
... Removed 33 stack frames]]>
    </failure>
  </testcase> <!-- verifyDateParse -->
  <testcase name="verifyDateParse" time="2.732" classname="test.propin.TestDateParsing">
    <failure type="java.lang.AssertionError" message=" 
 Verification failed getting parsing result as [ Invalid Date ] instead of [ Mon Mar 02 2009 00:00:00 GMT+0000 ] for Enter value is February ,30 ,2009 expected [true] but found [false]">
      <![CDATA[java.lang.AssertionError:  
 Verification failed getting parsing result as [ Invalid Date ] instead of [ Mon Mar 02 2009 00:00:00 GMT+0000 ] for Enter value is February ,30 ,2009 expected [true] but found [false]
at test.propin.TestDateParsing.verifyDateParse(TestDateParsing.java:35)
at java.util.ArrayList.forEach(ArrayList.java:1257)
... Removed 33 stack frames]]>
    </failure>
  </testcase> <!-- verifyDateParse -->
  <testcase name="verifyDateParse" time="2.743" classname="test.propin.TestDateParsing"/>
  <testcase name="verifyDateParse" time="2.833" classname="test.propin.TestDateParsing"/>
  <testcase name="verifyDateParse" time="3.474" classname="test.propin.TestDateParsing">
    <failure type="java.lang.AssertionError" message=" 
 Verification failed getting parsing result as [ Invalid Date ] instead of [ Fri May 01 2009 00:00:00 GMT+0000 ] for Enter value is      4/31/2009 expected [true] but found [false]">
      <![CDATA[java.lang.AssertionError:  
 Verification failed getting parsing result as [ Invalid Date ] instead of [ Fri May 01 2009 00:00:00 GMT+0000 ] for Enter value is      4/31/2009 expected [true] but found [false]
at test.propin.TestDateParsing.verifyDateParse(TestDateParsing.java:35)
at java.util.ArrayList.forEach(ArrayList.java:1257)
... Removed 33 stack frames]]>
    </failure>
  </testcase> <!-- verifyDateParse -->
  <testcase name="verifyDateParse" time="2.802" classname="test.propin.TestDateParsing">
    <failure type="java.lang.AssertionError" message=" 
 Verification failed getting parsing result as [ Invalid Date ] instead of [ Mon Mar 01 2010 00:00:00 GMT+0000 ] for Enter value is   2/29/2010 expected [true] but found [false]">
      <![CDATA[java.lang.AssertionError:  
 Verification failed getting parsing result as [ Invalid Date ] instead of [ Mon Mar 01 2010 00:00:00 GMT+0000 ] for Enter value is   2/29/2010 expected [true] but found [false]
at test.propin.TestDateParsing.verifyDateParse(TestDateParsing.java:35)
at java.util.ArrayList.forEach(ArrayList.java:1257)
... Removed 33 stack frames]]>
    </failure>
  </testcase> <!-- verifyDateParse -->
  <testcase name="verifyDateParse" time="2.835" classname="test.propin.TestDateParsing">
    <failure type="java.lang.AssertionError" message=" 
 Verification failed getting parsing result as [ Tue Feb 17 2009 00:00:00 GMT+0000 ] instead of [ Invalid date ] for Enter value is -2/-17/-2009 expected [true] but found [false]">
      <![CDATA[java.lang.AssertionError:  
 Verification failed getting parsing result as [ Tue Feb 17 2009 00:00:00 GMT+0000 ] instead of [ Invalid date ] for Enter value is -2/-17/-2009 expected [true] but found [false]
at test.propin.TestDateParsing.verifyDateParse(TestDateParsing.java:35)
at java.util.ArrayList.forEach(ArrayList.java:1257)
... Removed 33 stack frames]]>
    </failure>
  </testcase> <!-- verifyDateParse -->
  <testcase name="verifyDateParse" time="2.985" classname="test.propin.TestDateParsing"/>
  <testcase name="verifyDateParse" time="2.762" classname="test.propin.TestDateParsing"/>
  <testcase name="verifyDateParse" time="2.804" classname="test.propin.TestDateParsing"/>
  <testcase name="verifyDateParse" time="2.701" classname="test.propin.TestDateParsing">
    <failure type="java.lang.AssertionError" message=" 
 Verification failed getting parsing result as [ Invalid Date ] instead of [ Fri May 01 2009 00:00:00 GMT+0000 ] for Enter value is 2009, Apr 31 expected [true] but found [false]">
      <![CDATA[java.lang.AssertionError:  
 Verification failed getting parsing result as [ Invalid Date ] instead of [ Fri May 01 2009 00:00:00 GMT+0000 ] for Enter value is 2009, Apr 31 expected [true] but found [false]
at test.propin.TestDateParsing.verifyDateParse(TestDateParsing.java:35)
at java.util.ArrayList.forEach(ArrayList.java:1257)
... Removed 33 stack frames]]>
    </failure>
  </testcase> <!-- verifyDateParse -->
  <testcase name="verifyDateParse" time="2.985" classname="test.propin.TestDateParsing">
    <failure type="java.lang.AssertionError" message=" 
 Verification failed getting parsing result as [ Invalid Date ] instead of [ Mon Mar 01 2010 00:00:00 GMT+0000 ] for Enter value is 2010, Feb 29  expected [true] but found [false]">
      <![CDATA[java.lang.AssertionError:  
 Verification failed getting parsing result as [ Invalid Date ] instead of [ Mon Mar 01 2010 00:00:00 GMT+0000 ] for Enter value is 2010, Feb 29  expected [true] but found [false]
at test.propin.TestDateParsing.verifyDateParse(TestDateParsing.java:35)
at java.util.ArrayList.forEach(ArrayList.java:1257)
... Removed 33 stack frames]]>
    </failure>
  </testcase> <!-- verifyDateParse -->
  <testcase name="verifyDateParse" time="2.694" classname="test.propin.TestDateParsing">
    <failure type="java.lang.AssertionError" message=" 
 Verification failed getting parsing result as [ Tue Feb 17 2009 00:00:00 GMT+0000 ] instead of [ Invalid date ] for Enter value is -2009, Feb -17 expected [true] but found [false]">
      <![CDATA[java.lang.AssertionError:  
 Verification failed getting parsing result as [ Tue Feb 17 2009 00:00:00 GMT+0000 ] instead of [ Invalid date ] for Enter value is -2009, Feb -17 expected [true] but found [false]
at test.propin.TestDateParsing.verifyDateParse(TestDateParsing.java:35)
at java.util.ArrayList.forEach(ArrayList.java:1257)
... Removed 33 stack frames]]>
    </failure>
  </testcase> <!-- verifyDateParse -->
  <testcase name="verifyDateParse" time="2.694" classname="test.propin.TestDateParsing"/>
  <testcase name="verifyDateParse" time="2.769" classname="test.propin.TestDateParsing"/>
  <testcase name="verifyDateParse" time="2.697" classname="test.propin.TestDateParsing"/>
  <testcase name="verifyDateParse" time="2.684" classname="test.propin.TestDateParsing"/>
  <testcase name="verifyDateParse" time="2.797" classname="test.propin.TestDateParsing"/>
  <testcase name="verifyDateParse" time="2.757" classname="test.propin.TestDateParsing"/>
  <testcase name="verifyDateParse" time="2.681" classname="test.propin.TestDateParsing"/>
  <testcase name="verifyDateParse" time="2.679" classname="test.propin.TestDateParsing"/>
  <testcase name="verifyDateParse" time="2.684" classname="test.propin.TestDateParsing">
    <failure type="java.lang.AssertionError" message=" 
 Verification failed getting parsing result as [ Tue Feb 17 2009 00:00:00 GMT+0000 ] instead of [ Invalid date ] for Enter value is 17/2/2009 expected [true] but found [false]">
      <![CDATA[java.lang.AssertionError:  
 Verification failed getting parsing result as [ Tue Feb 17 2009 00:00:00 GMT+0000 ] instead of [ Invalid date ] for Enter value is 17/2/2009 expected [true] but found [false]
at test.propin.TestDateParsing.verifyDateParse(TestDateParsing.java:35)
at java.util.ArrayList.forEach(ArrayList.java:1257)
... Removed 33 stack frames]]>
    </failure>
  </testcase> <!-- verifyDateParse -->
  <testcase name="verifyDateParse" time="2.688" classname="test.propin.TestDateParsing"/>
  <testcase name="verifyDateParse" time="2.821" classname="test.propin.TestDateParsing"/>
  <testcase name="verifyDateParse" time="2.697" classname="test.propin.TestDateParsing">
    <failure type="java.lang.AssertionError" message=" 
 Verification failed getting parsing result as [ Tue Feb 17 2009 00:00:00 GMT+0000 ] instead of [ Invalid date ] for Enter value is -17/-2/-2009 expected [true] but found [false]">
      <![CDATA[java.lang.AssertionError:  
 Verification failed getting parsing result as [ Tue Feb 17 2009 00:00:00 GMT+0000 ] instead of [ Invalid date ] for Enter value is -17/-2/-2009 expected [true] but found [false]
at test.propin.TestDateParsing.verifyDateParse(TestDateParsing.java:35)
at java.util.ArrayList.forEach(ArrayList.java:1257)
... Removed 33 stack frames]]>
    </failure>
  </testcase> <!-- verifyDateParse -->
  <testcase name="verifyDateParse" time="3.534" classname="test.propin.TestDateParsing"/>
  <testcase name="verifyDateParse" time="2.68" classname="test.propin.TestDateParsing">
    <failure type="java.lang.AssertionError" message=" 
 Verification failed getting parsing result as [ Wed Feb 29 2012 00:00:00 GMT+0000 ] instead of [ Invalid date ] for Enter value is 29/2/2012 expected [true] but found [false]">
      <![CDATA[java.lang.AssertionError:  
 Verification failed getting parsing result as [ Wed Feb 29 2012 00:00:00 GMT+0000 ] instead of [ Invalid date ] for Enter value is 29/2/2012 expected [true] but found [false]
at test.propin.TestDateParsing.verifyDateParse(TestDateParsing.java:35)
at java.util.ArrayList.forEach(ArrayList.java:1257)
... Removed 33 stack frames]]>
    </failure>
  </testcase> <!-- verifyDateParse -->
  <testcase name="verifyDateParse" time="2.71" classname="test.propin.TestDateParsing">
    <failure type="java.lang.AssertionError" message=" 
 Verification failed getting parsing result as [ Invalid Date ] instead of [ Fri May 01 2009 00:00:00 GMT+0000 ] for Enter value is   Apr 31, 2009 expected [true] but found [false]">
      <![CDATA[java.lang.AssertionError:  
 Verification failed getting parsing result as [ Invalid Date ] instead of [ Fri May 01 2009 00:00:00 GMT+0000 ] for Enter value is   Apr 31, 2009 expected [true] but found [false]
at test.propin.TestDateParsing.verifyDateParse(TestDateParsing.java:35)
at java.util.ArrayList.forEach(ArrayList.java:1257)
... Removed 33 stack frames]]>
    </failure>
  </testcase> <!-- verifyDateParse -->
  <testcase name="verifyDateParse" time="2.967" classname="test.propin.TestDateParsing">
    <failure type="java.lang.AssertionError" message=" 
 Verification failed getting parsing result as [ Invalid Date ] instead of [ Mon Mar 01 2010 00:00:00 GMT+0000 ] for Enter value is Feb 29, 2010 expected [true] but found [false]">
      <![CDATA[java.lang.AssertionError:  
 Verification failed getting parsing result as [ Invalid Date ] instead of [ Mon Mar 01 2010 00:00:00 GMT+0000 ] for Enter value is Feb 29, 2010 expected [true] but found [false]
at test.propin.TestDateParsing.verifyDateParse(TestDateParsing.java:35)
at java.util.ArrayList.forEach(ArrayList.java:1257)
... Removed 33 stack frames]]>
    </failure>
  </testcase> <!-- verifyDateParse -->
  <testcase name="verifyDateParse" time="2.754" classname="test.propin.TestDateParsing">
    <failure type="java.lang.AssertionError" message=" 
 Verification failed getting parsing result as [ Tue Feb 17 2009 00:00:00 GMT+0000 ] instead of [ Invalid date ] for Enter value is Feb -17, -2009 expected [true] but found [false]">
      <![CDATA[java.lang.AssertionError:  
 Verification failed getting parsing result as [ Tue Feb 17 2009 00:00:00 GMT+0000 ] instead of [ Invalid date ] for Enter value is Feb -17, -2009 expected [true] but found [false]
at test.propin.TestDateParsing.verifyDateParse(TestDateParsing.java:35)
at java.util.ArrayList.forEach(ArrayList.java:1257)
... Removed 33 stack frames]]>
    </failure>
  </testcase> <!-- verifyDateParse -->
  <testcase name="verifyDateParse" time="2.777" classname="test.propin.TestDateParsing"/>
  <testcase name="verifyDateParse" time="2.735" classname="test.propin.TestDateParsing"/>
  <testcase name="verifyDateParse" time="2.723" classname="test.propin.TestDateParsing">
    <failure type="java.lang.AssertionError" message=" 
 Verification failed getting parsing result as [ Invalid Date ] instead of [ Fri Feb 01 2019 00:00:00 GMT+0000 ] for Enter value is Feb $$, 2019 expected [true] but found [false]">
      <![CDATA[java.lang.AssertionError:  
 Verification failed getting parsing result as [ Invalid Date ] instead of [ Fri Feb 01 2019 00:00:00 GMT+0000 ] for Enter value is Feb $$, 2019 expected [true] but found [false]
at test.propin.TestDateParsing.verifyDateParse(TestDateParsing.java:35)
at java.util.ArrayList.forEach(ArrayList.java:1257)
... Removed 33 stack frames]]>
    </failure>
  </testcase> <!-- verifyDateParse -->
  <testcase name="verifyDateParse" time="2.775" classname="test.propin.TestDateParsing"/>
  <testcase name="verifyDateParse" time="2.702" classname="test.propin.TestDateParsing"/>
  <testcase name="verifyDateParse" time="2.812" classname="test.propin.TestDateParsing">
    <failure type="java.lang.AssertionError" message=" 
 Verification failed getting parsing result as [ Mon Dec 02 2002 00:00:00 GMT+0000 ] instead of [ Tue Feb 12 2002 00:00:00 GMT+0000 ] for Enter value is 2/12/0002 expected [true] but found [false]">
      <![CDATA[java.lang.AssertionError:  
 Verification failed getting parsing result as [ Mon Dec 02 2002 00:00:00 GMT+0000 ] instead of [ Tue Feb 12 2002 00:00:00 GMT+0000 ] for Enter value is 2/12/0002 expected [true] but found [false]
at test.propin.TestDateParsing.verifyDateParse(TestDateParsing.java:35)
at java.util.ArrayList.forEach(ArrayList.java:1257)
... Removed 33 stack frames]]>
    </failure>
  </testcase> <!-- verifyDateParse -->
  <testcase name="verifyDateParse" time="2.729" classname="test.propin.TestDateParsing"/>
  <testcase name="verifyDateParse" time="2.819" classname="test.propin.TestDateParsing">
    <failure type="java.lang.AssertionError" message=" 
 Verification failed getting parsing result as [ Invalid Date ] instead of [ Fri May 01 2009 00:00:00 GMT+0000 ] for Enter value is 2009/4/31 expected [true] but found [false]">
      <![CDATA[java.lang.AssertionError:  
 Verification failed getting parsing result as [ Invalid Date ] instead of [ Fri May 01 2009 00:00:00 GMT+0000 ] for Enter value is 2009/4/31 expected [true] but found [false]
at test.propin.TestDateParsing.verifyDateParse(TestDateParsing.java:35)
at java.util.ArrayList.forEach(ArrayList.java:1257)
... Removed 33 stack frames]]>
    </failure>
  </testcase> <!-- verifyDateParse -->
  <testcase name="verifyDateParse" time="2.8" classname="test.propin.TestDateParsing">
    <failure type="java.lang.AssertionError" message=" 
 Verification failed getting parsing result as [ Invalid Date ] instead of [ Mon Mar 01 2010 00:00:00 GMT+0000 ] for Enter value is 2010/2/29 expected [true] but found [false]">
      <![CDATA[java.lang.AssertionError:  
 Verification failed getting parsing result as [ Invalid Date ] instead of [ Mon Mar 01 2010 00:00:00 GMT+0000 ] for Enter value is 2010/2/29 expected [true] but found [false]
at test.propin.TestDateParsing.verifyDateParse(TestDateParsing.java:35)
at java.util.ArrayList.forEach(ArrayList.java:1257)
... Removed 33 stack frames]]>
    </failure>
  </testcase> <!-- verifyDateParse -->
  <testcase name="verifyDateParse" time="2.754" classname="test.propin.TestDateParsing">
    <failure type="java.lang.AssertionError" message=" 
 Verification failed getting parsing result as [ Tue Feb 17 2009 00:00:00 GMT+0000 ] instead of [ Invalid date ] for Enter value is -2009-/-2/-17 expected [true] but found [false]">
      <![CDATA[java.lang.AssertionError:  
 Verification failed getting parsing result as [ Tue Feb 17 2009 00:00:00 GMT+0000 ] instead of [ Invalid date ] for Enter value is -2009-/-2/-17 expected [true] but found [false]
at test.propin.TestDateParsing.verifyDateParse(TestDateParsing.java:35)
at java.util.ArrayList.forEach(ArrayList.java:1257)
... Removed 33 stack frames]]>
    </failure>
  </testcase> <!-- verifyDateParse -->
  <testcase name="verifyDateParse" time="2.711" classname="test.propin.TestDateParsing"/>
  <testcase name="verifyDateParse" time="2.752" classname="test.propin.TestDateParsing"/>
  <testcase name="verifyDateParse" time="2.731" classname="test.propin.TestDateParsing"/>
  <testcase name="verifyDateParse" time="2.7" classname="test.propin.TestDateParsing">
    <failure type="java.lang.AssertionError" message=" 
 Verification failed getting parsing result as [ Mon Dec 02 2002 00:00:00 GMT+0000 ] instead of [ Tue Feb 12 2002 00:00:00 GMT+0000 ] for Enter value is 0002/12/02 expected [true] but found [false]">
      <![CDATA[java.lang.AssertionError:  
 Verification failed getting parsing result as [ Mon Dec 02 2002 00:00:00 GMT+0000 ] instead of [ Tue Feb 12 2002 00:00:00 GMT+0000 ] for Enter value is 0002/12/02 expected [true] but found [false]
at test.propin.TestDateParsing.verifyDateParse(TestDateParsing.java:35)
at java.util.ArrayList.forEach(ArrayList.java:1257)
... Removed 33 stack frames]]>
    </failure>
  </testcase> <!-- verifyDateParse -->
  <testcase name="verifyDateParse" time="2.7" classname="test.propin.TestDateParsing">
    <failure type="java.lang.AssertionError" message=" 
 Verification failed getting parsing result as [ Invalid Date ] instead of [ Fri Feb 01 2019 00:00:00 GMT+0000 ] for Enter value is 2019/2/$$ expected [true] but found [false]">
      <![CDATA[java.lang.AssertionError:  
 Verification failed getting parsing result as [ Invalid Date ] instead of [ Fri Feb 01 2019 00:00:00 GMT+0000 ] for Enter value is 2019/2/$$ expected [true] but found [false]
at test.propin.TestDateParsing.verifyDateParse(TestDateParsing.java:35)
at java.util.ArrayList.forEach(ArrayList.java:1257)
... Removed 33 stack frames]]>
    </failure>
  </testcase> <!-- verifyDateParse -->
  <testcase name="verifyDateParse" time="2.711" classname="test.propin.TestDateParsing"/>
  <testcase name="verifyDateParse" time="2.843" classname="test.propin.TestDateParsing">
    <failure type="java.lang.AssertionError" message=" 
 Verification failed getting parsing result as [ Invalid Date ] instead of [ Fri May 01 2009 00:00:00 GMT+0000 ] for Enter value is       4/31/2009 expected [true] but found [false]">
      <![CDATA[java.lang.AssertionError:  
 Verification failed getting parsing result as [ Invalid Date ] instead of [ Fri May 01 2009 00:00:00 GMT+0000 ] for Enter value is       4/31/2009 expected [true] but found [false]
at test.propin.TestDateParsing.verifyDateParse(TestDateParsing.java:35)
at java.util.ArrayList.forEach(ArrayList.java:1257)
... Removed 33 stack frames]]>
    </failure>
  </testcase> <!-- verifyDateParse -->
  <testcase name="verifyDateParse" time="3.065" classname="test.propin.TestDateParsing">
    <failure type="java.lang.AssertionError" message=" 
 Verification failed getting parsing result as [ Invalid Date ] instead of [ Mon Mar 01 2010 00:00:00 GMT+0000 ] for Enter value is    2/29/2010 expected [true] but found [false]">
      <![CDATA[java.lang.AssertionError:  
 Verification failed getting parsing result as [ Invalid Date ] instead of [ Mon Mar 01 2010 00:00:00 GMT+0000 ] for Enter value is    2/29/2010 expected [true] but found [false]
at test.propin.TestDateParsing.verifyDateParse(TestDateParsing.java:35)
at java.util.ArrayList.forEach(ArrayList.java:1257)
... Removed 33 stack frames]]>
    </failure>
  </testcase> <!-- verifyDateParse -->
  <testcase name="verifyDateParse" time="2.717" classname="test.propin.TestDateParsing">
    <failure type="java.lang.AssertionError" message=" 
 Verification failed getting parsing result as [ Tue Feb 17 2009 00:00:00 GMT+0000 ] instead of [ Invalid date ] for Enter value is  -2/-17/-2009 expected [true] but found [false]">
      <![CDATA[java.lang.AssertionError:  
 Verification failed getting parsing result as [ Tue Feb 17 2009 00:00:00 GMT+0000 ] instead of [ Invalid date ] for Enter value is  -2/-17/-2009 expected [true] but found [false]
at test.propin.TestDateParsing.verifyDateParse(TestDateParsing.java:35)
at java.util.ArrayList.forEach(ArrayList.java:1257)
... Removed 33 stack frames]]>
    </failure>
  </testcase> <!-- verifyDateParse -->
  <testcase name="verifyDateParse" time="2.759" classname="test.propin.TestDateParsing"/>
  <testcase name="verifyDateParse" time="2.759" classname="test.propin.TestDateParsing"/>
  <testcase name="verifyDateParse" time="2.743" classname="test.propin.TestDateParsing"/>
  <testcase name="verifyDateParse" time="2.766" classname="test.propin.TestDateParsing"/>
  <testcase name="verifyDateParse" time="2.801" classname="test.propin.TestDateParsing">
    <failure type="java.lang.AssertionError" message=" 
 Verification failed getting parsing result as [ Tue Feb 17 2009 00:00:00 GMT+0000 ] instead of [ Invalid date ] for Enter value is 17 / 2 /2009 expected [true] but found [false]">
      <![CDATA[java.lang.AssertionError:  
 Verification failed getting parsing result as [ Tue Feb 17 2009 00:00:00 GMT+0000 ] instead of [ Invalid date ] for Enter value is 17 / 2 /2009 expected [true] but found [false]
at test.propin.TestDateParsing.verifyDateParse(TestDateParsing.java:35)
at java.util.ArrayList.forEach(ArrayList.java:1257)
... Removed 33 stack frames]]>
    </failure>
  </testcase> <!-- verifyDateParse -->
  <testcase name="verifyDateParse" time="2.816" classname="test.propin.TestDateParsing">
    <failure type="java.lang.AssertionError" message=" 
 Verification failed getting parsing result as [ Tue Feb 17 2009 00:00:00 GMT+0000 ] instead of [ Invalid date ] for Enter value is -02 -17 -2009 expected [true] but found [false]">
      <![CDATA[java.lang.AssertionError:  
 Verification failed getting parsing result as [ Tue Feb 17 2009 00:00:00 GMT+0000 ] instead of [ Invalid date ] for Enter value is -02 -17 -2009 expected [true] but found [false]
at test.propin.TestDateParsing.verifyDateParse(TestDateParsing.java:35)
at java.util.ArrayList.forEach(ArrayList.java:1257)
... Removed 33 stack frames]]>
    </failure>
  </testcase> <!-- verifyDateParse -->
  <testcase name="verifyDateParse" time="2.816" classname="test.propin.TestDateParsing"/>
  <testcase name="verifyDateParse" time="3.292" classname="test.propin.TestDateParsing"/>
  <testcase name="verifyDateParse" time="2.84" classname="test.propin.TestDateParsing"/>
  <testcase name="verifyDateParse" time="2.726" classname="test.propin.TestDateParsing"/>
  <testcase name="verifyDateParse" time="2.787" classname="test.propin.TestDateParsing"/>
  <testcase name="verifyDateParse" time="2.715" classname="test.propin.TestDateParsing">
    <failure type="java.lang.AssertionError" message=" 
 Verification failed getting parsing result as [ Tue Feb 17 2009 00:00:00 GMT+0000 ] instead of [ Invalid date ] for Enter value is 17 2 2009 expected [true] but found [false]">
      <![CDATA[java.lang.AssertionError:  
 Verification failed getting parsing result as [ Tue Feb 17 2009 00:00:00 GMT+0000 ] instead of [ Invalid date ] for Enter value is 17 2 2009 expected [true] but found [false]
at test.propin.TestDateParsing.verifyDateParse(TestDateParsing.java:35)
at java.util.ArrayList.forEach(ArrayList.java:1257)
... Removed 33 stack frames]]>
    </failure>
  </testcase> <!-- verifyDateParse -->
  <testcase name="verifyDateParse" time="2.756" classname="test.propin.TestDateParsing"/>
  <testcase name="verifyDateParse" time="2.697" classname="test.propin.TestDateParsing"/>
  <testcase name="verifyDateParse" time="2.949" classname="test.propin.TestDateParsing"/>
  <testcase name="verifyDateParse" time="2.731" classname="test.propin.TestDateParsing"/>
  <testcase name="verifyDateParse" time="2.867" classname="test.propin.TestDateParsing">
    <failure type="java.lang.AssertionError" message=" 
 Verification failed getting parsing result as [ Tue Feb 17 2009 00:00:00 GMT+0000 ] instead of [ Invalid date ] for Enter value is  -17/ -2/-2009 expected [true] but found [false]">
      <![CDATA[java.lang.AssertionError:  
 Verification failed getting parsing result as [ Tue Feb 17 2009 00:00:00 GMT+0000 ] instead of [ Invalid date ] for Enter value is  -17/ -2/-2009 expected [true] but found [false]
at test.propin.TestDateParsing.verifyDateParse(TestDateParsing.java:35)
at java.util.ArrayList.forEach(ArrayList.java:1257)
... Removed 33 stack frames]]>
    </failure>
  </testcase> <!-- verifyDateParse -->
  <testcase name="verifyDateParse" time="2.737" classname="test.propin.TestDateParsing">
    <failure type="java.lang.AssertionError" message=" 
 Verification failed getting parsing result as [ Tue Feb 17 2009 00:00:00 GMT+0000 ] instead of [ Invalid date ] for Enter value is -17 -2 -2009 expected [true] but found [false]">
      <![CDATA[java.lang.AssertionError:  
 Verification failed getting parsing result as [ Tue Feb 17 2009 00:00:00 GMT+0000 ] instead of [ Invalid date ] for Enter value is -17 -2 -2009 expected [true] but found [false]
at test.propin.TestDateParsing.verifyDateParse(TestDateParsing.java:35)
at java.util.ArrayList.forEach(ArrayList.java:1257)
... Removed 33 stack frames]]>
    </failure>
  </testcase> <!-- verifyDateParse -->
  <testcase name="verifyDateParse" time="2.784" classname="test.propin.TestDateParsing"/>
  <testcase name="verifyDateParse" time="2.795" classname="test.propin.TestDateParsing">
    <failure type="java.lang.AssertionError" message=" 
 Verification failed getting parsing result as [ Wed Feb 29 2012 00:00:00 GMT+0000 ] instead of [ Invalid date ] for Enter value is  29/ 2/2012 expected [true] but found [false]">
      <![CDATA[java.lang.AssertionError:  
 Verification failed getting parsing result as [ Wed Feb 29 2012 00:00:00 GMT+0000 ] instead of [ Invalid date ] for Enter value is  29/ 2/2012 expected [true] but found [false]
at test.propin.TestDateParsing.verifyDateParse(TestDateParsing.java:35)
at java.util.ArrayList.forEach(ArrayList.java:1257)
... Removed 33 stack frames]]>
    </failure>
  </testcase> <!-- verifyDateParse -->
  <testcase name="verifyDateParse" time="2.756" classname="test.propin.TestDateParsing"/>
  <testcase name="verifyDateParse" time="2.731" classname="test.propin.TestDateParsing">
    <failure type="java.lang.AssertionError" message=" 
 Verification failed getting parsing result as [ Mon Dec 02 2002 00:00:00 GMT+0000 ] instead of [ Tue Feb 12 2002 00:00:00 GMT+0000 ] for Enter value is  02/ 12/0002 expected [true] but found [false]">
      <![CDATA[java.lang.AssertionError:  
 Verification failed getting parsing result as [ Mon Dec 02 2002 00:00:00 GMT+0000 ] instead of [ Tue Feb 12 2002 00:00:00 GMT+0000 ] for Enter value is  02/ 12/0002 expected [true] but found [false]
at test.propin.TestDateParsing.verifyDateParse(TestDateParsing.java:35)
at java.util.ArrayList.forEach(ArrayList.java:1257)
... Removed 33 stack frames]]>
    </failure>
  </testcase> <!-- verifyDateParse -->
  <testcase name="verifyDateParse" time="3.11" classname="test.propin.TestDateParsing"/>
</testsuite> <!-- TestDataParsing -->
