<?xml version="1.0" encoding="UTF-8"?>
<testng-results skipped="0" failed="79" ignored="0" total="166" passed="87">
  <reporter-output>
    <line>
      <![CDATA[Enter data 2009/ 2/ 17
]]>
    </line>
    <line>
      <![CDATA[Entered value as 2009/ 2/ 17
]]>
    </line>
    <line>
      <![CDATA[Tap on Submit
]]>
    </line>
    <line>
      <![CDATA[Submitted
]]>
    </line>
    <line>
      <![CDATA[Verify that parsing result should shown as Tue Feb 17 2009 00:00:00 GMT+0000
]]>
    </line>
    <line>
      <![CDATA[Enter data 2009/ 4/ 31
]]>
    </line>
    <line>
      <![CDATA[Entered value as 2009/ 4/ 31
]]>
    </line>
    <line>
      <![CDATA[Tap on Submit
]]>
    </line>
    <line>
      <![CDATA[Submitted
]]>
    </line>
    <line>
      <![CDATA[Verify that parsing result should shown as Invalid Date
]]>
    </line>
    <line>
      <![CDATA[ 
 Verification failed getting parsing result as [ Invalid Date ] instead of [ Fri May 01 2009 00:00:00 GMT+0000 ] for Enter value is 2009/ 4/ 31
]]>
    </line>
    <line>
      <![CDATA[Enter data 17 14 2009
]]>
    </line>
    <line>
      <![CDATA[Entered value as 17 14 2009
]]>
    </line>
    <line>
      <![CDATA[Tap on Submit
]]>
    </line>
    <line>
      <![CDATA[Submitted
]]>
    </line>
    <line>
      <![CDATA[Verify that parsing result should shown as Invalid Date
]]>
    </line>
    <line>
      <![CDATA[Enter data 29 2 2012
]]>
    </line>
    <line>
      <![CDATA[Entered value as 29 2 2012
]]>
    </line>
    <line>
      <![CDATA[Tap on Submit
]]>
    </line>
    <line>
      <![CDATA[Submitted
]]>
    </line>
    <line>
      <![CDATA[Verify that parsing result should shown as Wed Feb 29 2012 00:00:00 GMT+0000
]]>
    </line>
    <line>
      <![CDATA[ 
 Verification failed getting parsing result as [ Wed Feb 29 2012 00:00:00 GMT+0000 ] instead of [ Invalid date ] for Enter value is 29 2 2012
]]>
    </line>
    <line>
      <![CDATA[Enter data 13 13 2019
]]>
    </line>
    <line>
      <![CDATA[Entered value as 13 13 2019
]]>
    </line>
    <line>
      <![CDATA[Tap on Submit
]]>
    </line>
    <line>
      <![CDATA[Submitted
]]>
    </line>
    <line>
      <![CDATA[Verify that parsing result should shown as Invalid Date
]]>
    </line>
    <line>
      <![CDATA[Enter data 2 12 0002
]]>
    </line>
    <line>
      <![CDATA[Entered value as 2 12 0002
]]>
    </line>
    <line>
      <![CDATA[Tap on Submit
]]>
    </line>
    <line>
      <![CDATA[Submitted
]]>
    </line>
    <line>
      <![CDATA[Verify that parsing result should shown as Mon Dec 02 2002 00:00:00 GMT+0000
]]>
    </line>
    <line>
      <![CDATA[ 
 Verification failed getting parsing result as [ Mon Dec 02 2002 00:00:00 GMT+0000 ] instead of [ Tue Feb 12 2002 00:00:00 GMT+0000 ] for Enter value is 2 12 0002
]]>
    </line>
    <line>
      <![CDATA[Enter data 2009 2 17
]]>
    </line>
    <line>
      <![CDATA[Entered value as 2009 2 17
]]>
    </line>
    <line>
      <![CDATA[Tap on Submit
]]>
    </line>
    <line>
      <![CDATA[Submitted
]]>
    </line>
    <line>
      <![CDATA[Verify that parsing result should shown as Tue Feb 17 2009 00:00:00 GMT+0000
]]>
    </line>
    <line>
      <![CDATA[Enter data 2009 4 31
]]>
    </line>
    <line>
      <![CDATA[Entered value as 2009 4 31
]]>
    </line>
    <line>
      <![CDATA[Tap on Submit
]]>
    </line>
    <line>
      <![CDATA[Submitted
]]>
    </line>
    <line>
      <![CDATA[Verify that parsing result should shown as Invalid Date
]]>
    </line>
    <line>
      <![CDATA[ 
 Verification failed getting parsing result as [ Invalid Date ] instead of [ Fri May 01 2009 00:00:00 GMT+0000 ] for Enter value is 2009 4 31
]]>
    </line>
    <line>
      <![CDATA[Enter data 2010 2 29
]]>
    </line>
    <line>
      <![CDATA[Entered value as 2010 2 29
]]>
    </line>
    <line>
      <![CDATA[Tap on Submit
]]>
    </line>
    <line>
      <![CDATA[Submitted
]]>
    </line>
    <line>
      <![CDATA[Verify that parsing result should shown as Invalid Date
]]>
    </line>
    <line>
      <![CDATA[ 
 Verification failed getting parsing result as [ Invalid Date ] instead of [ Mon Mar 01 2010 00:00:00 GMT+0000 ] for Enter value is 2010 2 29
]]>
    </line>
    <line>
      <![CDATA[Enter data 2010/ 2/ 29
]]>
    </line>
    <line>
      <![CDATA[Entered value as 2010/ 2/ 29
]]>
    </line>
    <line>
      <![CDATA[Tap on Submit
]]>
    </line>
    <line>
      <![CDATA[Submitted
]]>
    </line>
    <line>
      <![CDATA[Verify that parsing result should shown as Invalid Date
]]>
    </line>
    <line>
      <![CDATA[ 
 Verification failed getting parsing result as [ Invalid Date ] instead of [ Mon Mar 01 2010 00:00:00 GMT+0000 ] for Enter value is 2010/ 2/ 29
]]>
    </line>
    <line>
      <![CDATA[Enter data -2009- -2 -17
]]>
    </line>
    <line>
      <![CDATA[Entered value as -2009- -2 -17
]]>
    </line>
    <line>
      <![CDATA[Tap on Submit
]]>
    </line>
    <line>
      <![CDATA[Submitted
]]>
    </line>
    <line>
      <![CDATA[Verify that parsing result should shown as Tue Feb 17 2009 00:00:00 GMT+0000
]]>
    </line>
    <line>
      <![CDATA[ 
 Verification failed getting parsing result as [ Tue Feb 17 2009 00:00:00 GMT+0000 ] instead of [ Invalid date ] for Enter value is -2009- -2 -17
]]>
    </line>
    <line>
      <![CDATA[Enter data -2009-/ -2/ -17
]]>
    </line>
    <line>
      <![CDATA[Entered value as -2009-/ -2/ -17
]]>
    </line>
    <line>
      <![CDATA[Tap on Submit
]]>
    </line>
    <line>
      <![CDATA[Submitted
]]>
    </line>
    <line>
      <![CDATA[Verify that parsing result should shown as Tue Feb 17 2009 00:00:00 GMT+0000
]]>
    </line>
    <line>
      <![CDATA[ 
 Verification failed getting parsing result as [ Tue Feb 17 2009 00:00:00 GMT+0000 ] instead of [ Invalid date ] for Enter value is -2009-/ -2/ -17
]]>
    </line>
    <line>
      <![CDATA[Enter data 2009 14 17
]]>
    </line>
    <line>
      <![CDATA[Entered value as 2009 14 17
]]>
    </line>
    <line>
      <![CDATA[Tap on Submit
]]>
    </line>
    <line>
      <![CDATA[Submitted
]]>
    </line>
    <line>
      <![CDATA[Verify that parsing result should shown as Invalid Date
]]>
    </line>
    <line>
      <![CDATA[Enter data 2009/ 14/ 17
]]>
    </line>
    <line>
      <![CDATA[Entered value as 2009/ 14/ 17
]]>
    </line>
    <line>
      <![CDATA[Tap on Submit
]]>
    </line>
    <line>
      <![CDATA[Submitted
]]>
    </line>
    <line>
      <![CDATA[Verify that parsing result should shown as Invalid Date
]]>
    </line>
    <line>
      <![CDATA[Enter data 2012 2 29
]]>
    </line>
    <line>
      <![CDATA[Entered value as 2012 2 29
]]>
    </line>
    <line>
      <![CDATA[Tap on Submit
]]>
    </line>
    <line>
      <![CDATA[Submitted
]]>
    </line>
    <line>
      <![CDATA[Verify that parsing result should shown as Wed Feb 29 2012 00:00:00 GMT+0000
]]>
    </line>
    <line>
      <![CDATA[Enter data 2012/ 2/ 29
]]>
    </line>
    <line>
      <![CDATA[Entered value as 2012/ 2/ 29
]]>
    </line>
    <line>
      <![CDATA[Tap on Submit
]]>
    </line>
    <line>
      <![CDATA[Submitted
]]>
    </line>
    <line>
      <![CDATA[Verify that parsing result should shown as Wed Feb 29 2012 00:00:00 GMT+0000
]]>
    </line>
    <line>
      <![CDATA[Enter data 13/ 13/ 2019
]]>
    </line>
    <line>
      <![CDATA[Entered value as 13/ 13/ 2019
]]>
    </line>
    <line>
      <![CDATA[Tap on Submit
]]>
    </line>
    <line>
      <![CDATA[Submitted
]]>
    </line>
    <line>
      <![CDATA[Verify that parsing result should shown as Invalid Date
]]>
    </line>
    <line>
      <![CDATA[Enter data 0002/ 12/ 02
]]>
    </line>
    <line>
      <![CDATA[Entered value as 0002/ 12/ 02
]]>
    </line>
    <line>
      <![CDATA[Tap on Submit
]]>
    </line>
    <line>
      <![CDATA[Submitted
]]>
    </line>
    <line>
      <![CDATA[Verify that parsing result should shown as Mon Dec 02 2002 00:00:00 GMT+0000
]]>
    </line>
    <line>
      <![CDATA[ 
 Verification failed getting parsing result as [ Mon Dec 02 2002 00:00:00 GMT+0000 ] instead of [ Tue Feb 12 2002 00:00:00 GMT+0000 ] for Enter value is 0002/ 12/ 02
]]>
    </line>
    <line>
      <![CDATA[Enter data 2019/ 2/ $$
]]>
    </line>
    <line>
      <![CDATA[Entered value as 2019/ 2/ $$
]]>
    </line>
    <line>
      <![CDATA[Tap on Submit
]]>
    </line>
    <line>
      <![CDATA[Submitted
]]>
    </line>
    <line>
      <![CDATA[Verify that parsing result should shown as Invalid Date
]]>
    </line>
    <line>
      <![CDATA[ 
 Verification failed getting parsing result as [ Invalid Date ] instead of [ Fri Feb 01 2019 00:00:00 GMT+0000 ] for Enter value is 2019/ 2/ $$
]]>
    </line>
    <line>
      <![CDATA[Enter data 02 17 2009
]]>
    </line>
    <line>
      <![CDATA[Entered value as 02 17 2009
]]>
    </line>
    <line>
      <![CDATA[Tap on Submit
]]>
    </line>
    <line>
      <![CDATA[Submitted
]]>
    </line>
    <line>
      <![CDATA[Verify that parsing result should shown as Tue Feb 17 2009 00:00:00 GMT+0000
]]>
    </line>
    <line>
      <![CDATA[Enter data 17/02/2009
]]>
    </line>
    <line>
      <![CDATA[Entered value as 17/02/2009
]]>
    </line>
    <line>
      <![CDATA[Tap on Submit
]]>
    </line>
    <line>
      <![CDATA[Submitted
]]>
    </line>
    <line>
      <![CDATA[Verify that parsing result should shown as Tue Feb 17 2009 00:00:00 GMT+0000
]]>
    </line>
    <line>
      <![CDATA[ 
 Verification failed getting parsing result as [ Tue Feb 17 2009 00:00:00 GMT+0000 ] instead of [ Invalid date ] for Enter value is 17/02/2009
]]>
    </line>
    <line>
      <![CDATA[Enter data      04 31 2009
]]>
    </line>
    <line>
      <![CDATA[Entered value as      04 31 2009
]]>
    </line>
    <line>
      <![CDATA[Tap on Submit
]]>
    </line>
    <line>
      <![CDATA[Submitted
]]>
    </line>
    <line>
      <![CDATA[Verify that parsing result should shown as Invalid Date
]]>
    </line>
    <line>
      <![CDATA[ 
 Verification failed getting parsing result as [ Invalid Date ] instead of [ Fri May 01 2009 00:00:00 GMT+0000 ] for Enter value is      04 31 2009
]]>
    </line>
    <line>
      <![CDATA[Enter data 31/04/2009
]]>
    </line>
    <line>
      <![CDATA[Entered value as 31/04/2009
]]>
    </line>
    <line>
      <![CDATA[Tap on Submit
]]>
    </line>
    <line>
      <![CDATA[Submitted
]]>
    </line>
    <line>
      <![CDATA[Verify that parsing result should shown as Invalid Date
]]>
    </line>
    <line>
      <![CDATA[Enter data   02 29 2010
]]>
    </line>
    <line>
      <![CDATA[Entered value as   02 29 2010
]]>
    </line>
    <line>
      <![CDATA[Tap on Submit
]]>
    </line>
    <line>
      <![CDATA[Submitted
]]>
    </line>
    <line>
      <![CDATA[Verify that parsing result should shown as Invalid Date
]]>
    </line>
    <line>
      <![CDATA[ 
 Verification failed getting parsing result as [ Invalid Date ] instead of [ Mon Mar 01 2010 00:00:00 GMT+0000 ] for Enter value is   02 29 2010
]]>
    </line>
    <line>
      <![CDATA[Enter data 29/02/2010
]]>
    </line>
    <line>
      <![CDATA[Entered value as 29/02/2010
]]>
    </line>
    <line>
      <![CDATA[Tap on Submit
]]>
    </line>
    <line>
      <![CDATA[Submitted
]]>
    </line>
    <line>
      <![CDATA[Verify that parsing result should shown as Invalid Date
]]>
    </line>
    <line>
      <![CDATA[Enter data -17/-02/-2009
]]>
    </line>
    <line>
      <![CDATA[Entered value as -17/-02/-2009
]]>
    </line>
    <line>
      <![CDATA[Tap on Submit
]]>
    </line>
    <line>
      <![CDATA[Submitted
]]>
    </line>
    <line>
      <![CDATA[Verify that parsing result should shown as Tue Feb 17 2009 00:00:00 GMT+0000
]]>
    </line>
    <line>
      <![CDATA[ 
 Verification failed getting parsing result as [ Tue Feb 17 2009 00:00:00 GMT+0000 ] instead of [ Invalid date ] for Enter value is -17/-02/-2009
]]>
    </line>
    <line>
      <![CDATA[Enter data 17/14/2009
]]>
    </line>
    <line>
      <![CDATA[Entered value as 17/14/2009
]]>
    </line>
    <line>
      <![CDATA[Tap on Submit
]]>
    </line>
    <line>
      <![CDATA[Submitted
]]>
    </line>
    <line>
      <![CDATA[Verify that parsing result should shown as Invalid Date
]]>
    </line>
    <line>
      <![CDATA[Enter data 29/02/2012
]]>
    </line>
    <line>
      <![CDATA[Entered value as 29/02/2012
]]>
    </line>
    <line>
      <![CDATA[Tap on Submit
]]>
    </line>
    <line>
      <![CDATA[Submitted
]]>
    </line>
    <line>
      <![CDATA[Verify that parsing result should shown as Wed Feb 29 2012 00:00:00 GMT+0000
]]>
    </line>
    <line>
      <![CDATA[ 
 Verification failed getting parsing result as [ Wed Feb 29 2012 00:00:00 GMT+0000 ] instead of [ Invalid date ] for Enter value is 29/02/2012
]]>
    </line>
    <line>
      <![CDATA[Enter data 13/13/2019
]]>
    </line>
    <line>
      <![CDATA[Entered value as 13/13/2019
]]>
    </line>
    <line>
      <![CDATA[Tap on Submit
]]>
    </line>
    <line>
      <![CDATA[Submitted
]]>
    </line>
    <line>
      <![CDATA[Verify that parsing result should shown as Invalid Date
]]>
    </line>
    <line>
      <![CDATA[Enter data 02/12/0002
]]>
    </line>
    <line>
      <![CDATA[Entered value as 02/12/0002
]]>
    </line>
    <line>
      <![CDATA[Tap on Submit
]]>
    </line>
    <line>
      <![CDATA[Submitted
]]>
    </line>
    <line>
      <![CDATA[Verify that parsing result should shown as Mon Dec 02 2002 00:00:00 GMT+0000
]]>
    </line>
    <line>
      <![CDATA[ 
 Verification failed getting parsing result as [ Mon Dec 02 2002 00:00:00 GMT+0000 ] instead of [ Tue Feb 12 2002 00:00:00 GMT+0000 ] for Enter value is 02/12/0002
]]>
    </line>
    <line>
      <![CDATA[Enter data $$/02/2019
]]>
    </line>
    <line>
      <![CDATA[Entered value as $$/02/2019
]]>
    </line>
    <line>
      <![CDATA[Tap on Submit
]]>
    </line>
    <line>
      <![CDATA[Submitted
]]>
    </line>
    <line>
      <![CDATA[Verify that parsing result should shown as Invalid Date
]]>
    </line>
    <line>
      <![CDATA[Enter data 2009/02/17
]]>
    </line>
    <line>
      <![CDATA[Entered value as 2009/02/17
]]>
    </line>
    <line>
      <![CDATA[Tap on Submit
]]>
    </line>
    <line>
      <![CDATA[Submitted
]]>
    </line>
    <line>
      <![CDATA[Verify that parsing result should shown as Tue Feb 17 2009 00:00:00 GMT+0000
]]>
    </line>
    <line>
      <![CDATA[Enter data 13 13 2019
]]>
    </line>
    <line>
      <![CDATA[Entered value as 13 13 2019
]]>
    </line>
    <line>
      <![CDATA[Tap on Submit
]]>
    </line>
    <line>
      <![CDATA[Submitted
]]>
    </line>
    <line>
      <![CDATA[Verify that parsing result should shown as Invalid Date
]]>
    </line>
    <line>
      <![CDATA[Enter data 0002 12 02
]]>
    </line>
    <line>
      <![CDATA[Entered value as 0002 12 02
]]>
    </line>
    <line>
      <![CDATA[Tap on Submit
]]>
    </line>
    <line>
      <![CDATA[Submitted
]]>
    </line>
    <line>
      <![CDATA[Verify that parsing result should shown as Mon Dec 02 2002 00:00:00 GMT+0000
]]>
    </line>
    <line>
      <![CDATA[ 
 Verification failed getting parsing result as [ Mon Dec 02 2002 00:00:00 GMT+0000 ] instead of [ Tue Feb 12 2002 00:00:00 GMT+0000 ] for Enter value is 0002 12 02
]]>
    </line>
    <line>
      <![CDATA[Enter data 02/17/2009
]]>
    </line>
    <line>
      <![CDATA[Entered value as 02/17/2009
]]>
    </line>
    <line>
      <![CDATA[Tap on Submit
]]>
    </line>
    <line>
      <![CDATA[Submitted
]]>
    </line>
    <line>
      <![CDATA[Verify that parsing result should shown as Tue Feb 17 2009 00:00:00 GMT+0000
]]>
    </line>
    <line>
      <![CDATA[Enter data 2019 2 $$
]]>
    </line>
    <line>
      <![CDATA[Entered value as 2019 2 $$
]]>
    </line>
    <line>
      <![CDATA[Tap on Submit
]]>
    </line>
    <line>
      <![CDATA[Submitted
]]>
    </line>
    <line>
      <![CDATA[Verify that parsing result should shown as Invalid Date
]]>
    </line>
    <line>
      <![CDATA[ 
 Verification failed getting parsing result as [ Invalid Date ] instead of [ Fri Feb 01 2019 00:00:00 GMT+0000 ] for Enter value is 2019 2 $$
]]>
    </line>
    <line>
      <![CDATA[Enter data 04/31/2009
]]>
    </line>
    <line>
      <![CDATA[Entered value as 04/31/2009
]]>
    </line>
    <line>
      <![CDATA[Tap on Submit
]]>
    </line>
    <line>
      <![CDATA[Submitted
]]>
    </line>
    <line>
      <![CDATA[Verify that parsing result should shown as Invalid Date
]]>
    </line>
    <line>
      <![CDATA[ 
 Verification failed getting parsing result as [ Invalid Date ] instead of [ Fri May 01 2009 00:00:00 GMT+0000 ] for Enter value is 04/31/2009
]]>
    </line>
    <line>
      <![CDATA[Enter data Feb 17 2009
]]>
    </line>
    <line>
      <![CDATA[Entered value as Feb 17 2009
]]>
    </line>
    <line>
      <![CDATA[Tap on Submit
]]>
    </line>
    <line>
      <![CDATA[Submitted
]]>
    </line>
    <line>
      <![CDATA[Verify that parsing result should shown as Tue Feb 17 2009 00:00:00 GMT+0000
]]>
    </line>
    <line>
      <![CDATA[Enter data 02/29/2010
]]>
    </line>
    <line>
      <![CDATA[Entered value as 02/29/2010
]]>
    </line>
    <line>
      <![CDATA[Tap on Submit
]]>
    </line>
    <line>
      <![CDATA[Submitted
]]>
    </line>
    <line>
      <![CDATA[Verify that parsing result should shown as Invalid Date
]]>
    </line>
    <line>
      <![CDATA[ 
 Verification failed getting parsing result as [ Invalid Date ] instead of [ Mon Mar 01 2010 00:00:00 GMT+0000 ] for Enter value is 02/29/2010
]]>
    </line>
    <line>
      <![CDATA[Enter data   Apr 31 2009
]]>
    </line>
    <line>
      <![CDATA[Entered value as   Apr 31 2009
]]>
    </line>
    <line>
      <![CDATA[Tap on Submit
]]>
    </line>
    <line>
      <![CDATA[Submitted
]]>
    </line>
    <line>
      <![CDATA[Verify that parsing result should shown as Invalid Date
]]>
    </line>
    <line>
      <![CDATA[ 
 Verification failed getting parsing result as [ Invalid Date ] instead of [ Fri May 01 2009 00:00:00 GMT+0000 ] for Enter value is   Apr 31 2009
]]>
    </line>
    <line>
      <![CDATA[Enter data -02/-17/-2009
]]>
    </line>
    <line>
      <![CDATA[Entered value as -02/-17/-2009
]]>
    </line>
    <line>
      <![CDATA[Tap on Submit
]]>
    </line>
    <line>
      <![CDATA[Submitted
]]>
    </line>
    <line>
      <![CDATA[Verify that parsing result should shown as Tue Feb 17 2009 00:00:00 GMT+0000
]]>
    </line>
    <line>
      <![CDATA[ 
 Verification failed getting parsing result as [ Tue Feb 17 2009 00:00:00 GMT+0000 ] instead of [ Invalid date ] for Enter value is -02/-17/-2009
]]>
    </line>
    <line>
      <![CDATA[Enter data Feb 29 2010
]]>
    </line>
    <line>
      <![CDATA[Entered value as Feb 29 2010
]]>
    </line>
    <line>
      <![CDATA[Tap on Submit
]]>
    </line>
    <line>
      <![CDATA[Submitted
]]>
    </line>
    <line>
      <![CDATA[Verify that parsing result should shown as Invalid Date
]]>
    </line>
    <line>
      <![CDATA[ 
 Verification failed getting parsing result as [ Invalid Date ] instead of [ Mon Mar 01 2010 00:00:00 GMT+0000 ] for Enter value is Feb 29 2010
]]>
    </line>
    <line>
      <![CDATA[Enter data 14/17/2009
]]>
    </line>
    <line>
      <![CDATA[Entered value as 14/17/2009
]]>
    </line>
    <line>
      <![CDATA[Tap on Submit
]]>
    </line>
    <line>
      <![CDATA[Submitted
]]>
    </line>
    <line>
      <![CDATA[Verify that parsing result should shown as Invalid Date
]]>
    </line>
    <line>
      <![CDATA[Enter data Feb -17 -2009
]]>
    </line>
    <line>
      <![CDATA[Entered value as Feb -17 -2009
]]>
    </line>
    <line>
      <![CDATA[Tap on Submit
]]>
    </line>
    <line>
      <![CDATA[Submitted
]]>
    </line>
    <line>
      <![CDATA[Verify that parsing result should shown as Tue Feb 17 2009 00:00:00 GMT+0000
]]>
    </line>
    <line>
      <![CDATA[ 
 Verification failed getting parsing result as [ Tue Feb 17 2009 00:00:00 GMT+0000 ] instead of [ Invalid date ] for Enter value is Feb -17 -2009
]]>
    </line>
    <line>
      <![CDATA[Enter data 02/29/2012
]]>
    </line>
    <line>
      <![CDATA[Entered value as 02/29/2012
]]>
    </line>
    <line>
      <![CDATA[Tap on Submit
]]>
    </line>
    <line>
      <![CDATA[Submitted
]]>
    </line>
    <line>
      <![CDATA[Verify that parsing result should shown as Wed Feb 29 2012 00:00:00 GMT+0000
]]>
    </line>
    <line>
      <![CDATA[Enter data Feb 29 2012
]]>
    </line>
    <line>
      <![CDATA[Entered value as Feb 29 2012
]]>
    </line>
    <line>
      <![CDATA[Tap on Submit
]]>
    </line>
    <line>
      <![CDATA[Submitted
]]>
    </line>
    <line>
      <![CDATA[Verify that parsing result should shown as Wed Feb 29 2012 00:00:00 GMT+0000
]]>
    </line>
    <line>
      <![CDATA[Enter data 13/13/2019
]]>
    </line>
    <line>
      <![CDATA[Entered value as 13/13/2019
]]>
    </line>
    <line>
      <![CDATA[Tap on Submit
]]>
    </line>
    <line>
      <![CDATA[Submitted
]]>
    </line>
    <line>
      <![CDATA[Verify that parsing result should shown as Invalid Date
]]>
    </line>
    <line>
      <![CDATA[Enter data Dec 02 0002
]]>
    </line>
    <line>
      <![CDATA[Entered value as Dec 02 0002
]]>
    </line>
    <line>
      <![CDATA[Tap on Submit
]]>
    </line>
    <line>
      <![CDATA[Submitted
]]>
    </line>
    <line>
      <![CDATA[Verify that parsing result should shown as Mon Dec 02 2002 00:00:00 GMT+0000
]]>
    </line>
    <line>
      <![CDATA[Enter data 02/12/0002
]]>
    </line>
    <line>
      <![CDATA[Entered value as 02/12/0002
]]>
    </line>
    <line>
      <![CDATA[Tap on Submit
]]>
    </line>
    <line>
      <![CDATA[Submitted
]]>
    </line>
    <line>
      <![CDATA[Verify that parsing result should shown as Mon Dec 02 2002 00:00:00 GMT+0000
]]>
    </line>
    <line>
      <![CDATA[ 
 Verification failed getting parsing result as [ Mon Dec 02 2002 00:00:00 GMT+0000 ] instead of [ Tue Feb 12 2002 00:00:00 GMT+0000 ] for Enter value is 02/12/0002
]]>
    </line>
    <line>
      <![CDATA[Enter data Feb $$ 2019
]]>
    </line>
    <line>
      <![CDATA[Entered value as Feb $$ 2019
]]>
    </line>
    <line>
      <![CDATA[Tap on Submit
]]>
    </line>
    <line>
      <![CDATA[Submitted
]]>
    </line>
    <line>
      <![CDATA[Verify that parsing result should shown as Invalid Date
]]>
    </line>
    <line>
      <![CDATA[ 
 Verification failed getting parsing result as [ Invalid Date ] instead of [ Fri Feb 01 2019 00:00:00 GMT+0000 ] for Enter value is Feb $$ 2019
]]>
    </line>
    <line>
      <![CDATA[Enter data $$/02/2019
]]>
    </line>
    <line>
      <![CDATA[Entered value as $$/02/2019
]]>
    </line>
    <line>
      <![CDATA[Tap on Submit
]]>
    </line>
    <line>
      <![CDATA[Submitted
]]>
    </line>
    <line>
      <![CDATA[Verify that parsing result should shown as Invalid Date
]]>
    </line>
    <line>
      <![CDATA[Enter data 2009/04/31
]]>
    </line>
    <line>
      <![CDATA[Entered value as 2009/04/31
]]>
    </line>
    <line>
      <![CDATA[Tap on Submit
]]>
    </line>
    <line>
      <![CDATA[Submitted
]]>
    </line>
    <line>
      <![CDATA[Verify that parsing result should shown as Invalid Date
]]>
    </line>
    <line>
      <![CDATA[ 
 Verification failed getting parsing result as [ Invalid Date ] instead of [ Fri May 01 2009 00:00:00 GMT+0000 ] for Enter value is 2009/04/31
]]>
    </line>
    <line>
      <![CDATA[Enter data 2010/02/29
]]>
    </line>
    <line>
      <![CDATA[Entered value as 2010/02/29
]]>
    </line>
    <line>
      <![CDATA[Tap on Submit
]]>
    </line>
    <line>
      <![CDATA[Submitted
]]>
    </line>
    <line>
      <![CDATA[Verify that parsing result should shown as Invalid Date
]]>
    </line>
    <line>
      <![CDATA[ 
 Verification failed getting parsing result as [ Invalid Date ] instead of [ Mon Mar 01 2010 00:00:00 GMT+0000 ] for Enter value is 2010/02/29
]]>
    </line>
    <line>
      <![CDATA[Enter data -2009-/-02/-17
]]>
    </line>
    <line>
      <![CDATA[Entered value as -2009-/-02/-17
]]>
    </line>
    <line>
      <![CDATA[Tap on Submit
]]>
    </line>
    <line>
      <![CDATA[Submitted
]]>
    </line>
    <line>
      <![CDATA[Verify that parsing result should shown as Tue Feb 17 2009 00:00:00 GMT+0000
]]>
    </line>
    <line>
      <![CDATA[ 
 Verification failed getting parsing result as [ Tue Feb 17 2009 00:00:00 GMT+0000 ] instead of [ Invalid date ] for Enter value is -2009-/-02/-17
]]>
    </line>
    <line>
      <![CDATA[Enter data 2009/14/17
]]>
    </line>
    <line>
      <![CDATA[Entered value as 2009/14/17
]]>
    </line>
    <line>
      <![CDATA[Tap on Submit
]]>
    </line>
    <line>
      <![CDATA[Submitted
]]>
    </line>
    <line>
      <![CDATA[Verify that parsing result should shown as Invalid Date
]]>
    </line>
    <line>
      <![CDATA[Enter data 2012/02/29
]]>
    </line>
    <line>
      <![CDATA[Entered value as 2012/02/29
]]>
    </line>
    <line>
      <![CDATA[Tap on Submit
]]>
    </line>
    <line>
      <![CDATA[Submitted
]]>
    </line>
    <line>
      <![CDATA[Verify that parsing result should shown as Wed Feb 29 2012 00:00:00 GMT+0000
]]>
    </line>
    <line>
      <![CDATA[Enter data 13/13/2019
]]>
    </line>
    <line>
      <![CDATA[Entered value as 13/13/2019
]]>
    </line>
    <line>
      <![CDATA[Tap on Submit
]]>
    </line>
    <line>
      <![CDATA[Submitted
]]>
    </line>
    <line>
      <![CDATA[Verify that parsing result should shown as Invalid Date
]]>
    </line>
    <line>
      <![CDATA[Enter data 0002/12/02
]]>
    </line>
    <line>
      <![CDATA[Entered value as 0002/12/02
]]>
    </line>
    <line>
      <![CDATA[Tap on Submit
]]>
    </line>
    <line>
      <![CDATA[Submitted
]]>
    </line>
    <line>
      <![CDATA[Verify that parsing result should shown as Mon Dec 02 2002 00:00:00 GMT+0000
]]>
    </line>
    <line>
      <![CDATA[ 
 Verification failed getting parsing result as [ Mon Dec 02 2002 00:00:00 GMT+0000 ] instead of [ Tue Feb 12 2002 00:00:00 GMT+0000 ] for Enter value is 0002/12/02
]]>
    </line>
    <line>
      <![CDATA[Enter data 2019/02/$$
]]>
    </line>
    <line>
      <![CDATA[Entered value as 2019/02/$$
]]>
    </line>
    <line>
      <![CDATA[Tap on Submit
]]>
    </line>
    <line>
      <![CDATA[Submitted
]]>
    </line>
    <line>
      <![CDATA[Verify that parsing result should shown as Invalid Date
]]>
    </line>
    <line>
      <![CDATA[ 
 Verification failed getting parsing result as [ Invalid Date ] instead of [ Fri Feb 01 2019 00:00:00 GMT+0000 ] for Enter value is 2019/02/$$
]]>
    </line>
    <line>
      <![CDATA[Enter data 02/17/2009
]]>
    </line>
    <line>
      <![CDATA[Entered value as 02/17/2009
]]>
    </line>
    <line>
      <![CDATA[Tap on Submit
]]>
    </line>
    <line>
      <![CDATA[Submitted
]]>
    </line>
    <line>
      <![CDATA[Verify that parsing result should shown as Tue Feb 17 2009 00:00:00 GMT+0000
]]>
    </line>
    <line>
      <![CDATA[Enter data      04/31/2009
]]>
    </line>
    <line>
      <![CDATA[Entered value as      04/31/2009
]]>
    </line>
    <line>
      <![CDATA[Tap on Submit
]]>
    </line>
    <line>
      <![CDATA[Submitted
]]>
    </line>
    <line>
      <![CDATA[Verify that parsing result should shown as Invalid Date
]]>
    </line>
    <line>
      <![CDATA[ 
 Verification failed getting parsing result as [ Invalid Date ] instead of [ Fri May 01 2009 00:00:00 GMT+0000 ] for Enter value is      04/31/2009
]]>
    </line>
    <line>
      <![CDATA[Enter data Dec 32 2009
]]>
    </line>
    <line>
      <![CDATA[Entered value as Dec 32 2009
]]>
    </line>
    <line>
      <![CDATA[Tap on Submit
]]>
    </line>
    <line>
      <![CDATA[Submitted
]]>
    </line>
    <line>
      <![CDATA[Verify that parsing result should shown as Invalid Date
]]>
    </line>
    <line>
      <![CDATA[Enter data 17 Feb 2009
]]>
    </line>
    <line>
      <![CDATA[Entered value as 17 Feb 2009
]]>
    </line>
    <line>
      <![CDATA[Tap on Submit
]]>
    </line>
    <line>
      <![CDATA[Submitted
]]>
    </line>
    <line>
      <![CDATA[Verify that parsing result should shown as Tue Feb 17 2009 00:00:00 GMT+0000
]]>
    </line>
    <line>
      <![CDATA[Enter data   31 Apr 2009
]]>
    </line>
    <line>
      <![CDATA[Entered value as   31 Apr 2009
]]>
    </line>
    <line>
      <![CDATA[Tap on Submit
]]>
    </line>
    <line>
      <![CDATA[Submitted
]]>
    </line>
    <line>
      <![CDATA[Verify that parsing result should shown as Invalid Date
]]>
    </line>
    <line>
      <![CDATA[ 
 Verification failed getting parsing result as [ Invalid Date ] instead of [ Fri May 01 2009 00:00:00 GMT+0000 ] for Enter value is   31 Apr 2009
]]>
    </line>
    <line>
      <![CDATA[Enter data 29 Feb 2010
]]>
    </line>
    <line>
      <![CDATA[Entered value as 29 Feb 2010
]]>
    </line>
    <line>
      <![CDATA[Tap on Submit
]]>
    </line>
    <line>
      <![CDATA[Submitted
]]>
    </line>
    <line>
      <![CDATA[Verify that parsing result should shown as Invalid Date
]]>
    </line>
    <line>
      <![CDATA[ 
 Verification failed getting parsing result as [ Invalid Date ] instead of [ Mon Mar 01 2010 00:00:00 GMT+0000 ] for Enter value is 29 Feb 2010
]]>
    </line>
    <line>
      <![CDATA[Enter data -17 Feb -2009
]]>
    </line>
    <line>
      <![CDATA[Entered value as -17 Feb -2009
]]>
    </line>
    <line>
      <![CDATA[Tap on Submit
]]>
    </line>
    <line>
      <![CDATA[Submitted
]]>
    </line>
    <line>
      <![CDATA[Verify that parsing result should shown as Tue Feb 17 2009 00:00:00 GMT+0000
]]>
    </line>
    <line>
      <![CDATA[ 
 Verification failed getting parsing result as [ Tue Feb 17 2009 00:00:00 GMT+0000 ] instead of [ Invalid date ] for Enter value is -17 Feb -2009
]]>
    </line>
    <line>
      <![CDATA[Enter data 29 Feb 2012
]]>
    </line>
    <line>
      <![CDATA[Entered value as 29 Feb 2012
]]>
    </line>
    <line>
      <![CDATA[Tap on Submit
]]>
    </line>
    <line>
      <![CDATA[Submitted
]]>
    </line>
    <line>
      <![CDATA[Verify that parsing result should shown as Wed Feb 29 2012 00:00:00 GMT+0000
]]>
    </line>
    <line>
      <![CDATA[Enter data 02 Dec 0002
]]>
    </line>
    <line>
      <![CDATA[Entered value as 02 Dec 0002
]]>
    </line>
    <line>
      <![CDATA[Tap on Submit
]]>
    </line>
    <line>
      <![CDATA[Submitted
]]>
    </line>
    <line>
      <![CDATA[Verify that parsing result should shown as Mon Dec 02 2002 00:00:00 GMT+0000
]]>
    </line>
    <line>
      <![CDATA[Enter data 30 Feb 2009
]]>
    </line>
    <line>
      <![CDATA[Entered value as 30 Feb 2009
]]>
    </line>
    <line>
      <![CDATA[Tap on Submit
]]>
    </line>
    <line>
      <![CDATA[Submitted
]]>
    </line>
    <line>
      <![CDATA[Verify that parsing result should shown as Invalid Date
]]>
    </line>
    <line>
      <![CDATA[ 
 Verification failed getting parsing result as [ Invalid Date ] instead of [ Mon Mar 02 2009 00:00:00 GMT+0000 ] for Enter value is 30 Feb 2009
]]>
    </line>
    <line>
      <![CDATA[Enter data 2009 Feb 17 
]]>
    </line>
    <line>
      <![CDATA[Entered value as 2009 Feb 17 
]]>
    </line>
    <line>
      <![CDATA[Tap on Submit
]]>
    </line>
    <line>
      <![CDATA[Submitted
]]>
    </line>
    <line>
      <![CDATA[Verify that parsing result should shown as Tue Feb 17 2009 00:00:00 GMT+0000
]]>
    </line>
    <line>
      <![CDATA[Enter data 2009 Apr 31
]]>
    </line>
    <line>
      <![CDATA[Entered value as 2009 Apr 31
]]>
    </line>
    <line>
      <![CDATA[Tap on Submit
]]>
    </line>
    <line>
      <![CDATA[Submitted
]]>
    </line>
    <line>
      <![CDATA[Verify that parsing result should shown as Invalid Date
]]>
    </line>
    <line>
      <![CDATA[ 
 Verification failed getting parsing result as [ Invalid Date ] instead of [ Fri May 01 2009 00:00:00 GMT+0000 ] for Enter value is 2009 Apr 31
]]>
    </line>
    <line>
      <![CDATA[Enter data   02/29/2010
]]>
    </line>
    <line>
      <![CDATA[Entered value as   02/29/2010
]]>
    </line>
    <line>
      <![CDATA[Tap on Submit
]]>
    </line>
    <line>
      <![CDATA[Submitted
]]>
    </line>
    <line>
      <![CDATA[Verify that parsing result should shown as Invalid Date
]]>
    </line>
    <line>
      <![CDATA[ 
 Verification failed getting parsing result as [ Invalid Date ] instead of [ Mon Mar 01 2010 00:00:00 GMT+0000 ] for Enter value is   02/29/2010
]]>
    </line>
    <line>
      <![CDATA[Enter data -02/-17/-2009
]]>
    </line>
    <line>
      <![CDATA[Entered value as -02/-17/-2009
]]>
    </line>
    <line>
      <![CDATA[Tap on Submit
]]>
    </line>
    <line>
      <![CDATA[Submitted
]]>
    </line>
    <line>
      <![CDATA[Verify that parsing result should shown as Tue Feb 17 2009 00:00:00 GMT+0000
]]>
    </line>
    <line>
      <![CDATA[ 
 Verification failed getting parsing result as [ Tue Feb 17 2009 00:00:00 GMT+0000 ] instead of [ Invalid date ] for Enter value is -02/-17/-2009
]]>
    </line>
    <line>
      <![CDATA[Enter data 14/17/2009
]]>
    </line>
    <line>
      <![CDATA[Entered value as 14/17/2009
]]>
    </line>
    <line>
      <![CDATA[Tap on Submit
]]>
    </line>
    <line>
      <![CDATA[Submitted
]]>
    </line>
    <line>
      <![CDATA[Verify that parsing result should shown as Invalid Date
]]>
    </line>
    <line>
      <![CDATA[Enter data 02/29/2012
]]>
    </line>
    <line>
      <![CDATA[Entered value as 02/29/2012
]]>
    </line>
    <line>
      <![CDATA[Tap on Submit
]]>
    </line>
    <line>
      <![CDATA[Submitted
]]>
    </line>
    <line>
      <![CDATA[Verify that parsing result should shown as Wed Feb 29 2012 00:00:00 GMT+0000
]]>
    </line>
    <line>
      <![CDATA[Enter data 13/13/2019
]]>
    </line>
    <line>
      <![CDATA[Entered value as 13/13/2019
]]>
    </line>
    <line>
      <![CDATA[Tap on Submit
]]>
    </line>
    <line>
      <![CDATA[Submitted
]]>
    </line>
    <line>
      <![CDATA[Verify that parsing result should shown as Invalid Date
]]>
    </line>
    <line>
      <![CDATA[Enter data 12/02/0002
]]>
    </line>
    <line>
      <![CDATA[Entered value as 12/02/0002
]]>
    </line>
    <line>
      <![CDATA[Tap on Submit
]]>
    </line>
    <line>
      <![CDATA[Submitted
]]>
    </line>
    <line>
      <![CDATA[Verify that parsing result should shown as Mon Dec 02 2002 00:00:00 GMT+0000
]]>
    </line>
    <line>
      <![CDATA[Enter data 02/$$/2019
]]>
    </line>
    <line>
      <![CDATA[Entered value as 02/$$/2019
]]>
    </line>
    <line>
      <![CDATA[Tap on Submit
]]>
    </line>
    <line>
      <![CDATA[Submitted
]]>
    </line>
    <line>
      <![CDATA[Verify that parsing result should shown as Invalid Date
]]>
    </line>
    <line>
      <![CDATA[Enter data February ,17, 2009
]]>
    </line>
    <line>
      <![CDATA[Entered value as February ,17, 2009
]]>
    </line>
    <line>
      <![CDATA[Tap on Submit
]]>
    </line>
    <line>
      <![CDATA[Submitted
]]>
    </line>
    <line>
      <![CDATA[Verify that parsing result should shown as Tue Feb 17 2009 00:00:00 GMT+0000
]]>
    </line>
    <line>
      <![CDATA[Enter data   April ,31, 2009
]]>
    </line>
    <line>
      <![CDATA[Entered value as   April ,31, 2009
]]>
    </line>
    <line>
      <![CDATA[Tap on Submit
]]>
    </line>
    <line>
      <![CDATA[Submitted
]]>
    </line>
    <line>
      <![CDATA[Verify that parsing result should shown as Invalid Date
]]>
    </line>
    <line>
      <![CDATA[ 
 Verification failed getting parsing result as [ Invalid Date ] instead of [ Fri May 01 2009 00:00:00 GMT+0000 ] for Enter value is   April ,31, 2009
]]>
    </line>
    <line>
      <![CDATA[Enter data February ,29, 2010
]]>
    </line>
    <line>
      <![CDATA[Entered value as February ,29, 2010
]]>
    </line>
    <line>
      <![CDATA[Tap on Submit
]]>
    </line>
    <line>
      <![CDATA[Submitted
]]>
    </line>
    <line>
      <![CDATA[Verify that parsing result should shown as Invalid Date
]]>
    </line>
    <line>
      <![CDATA[ 
 Verification failed getting parsing result as [ Invalid Date ] instead of [ Mon Mar 01 2010 00:00:00 GMT+0000 ] for Enter value is February ,29, 2010
]]>
    </line>
    <line>
      <![CDATA[Enter data 2010 Feb 29 
]]>
    </line>
    <line>
      <![CDATA[Entered value as 2010 Feb 29 
]]>
    </line>
    <line>
      <![CDATA[Tap on Submit
]]>
    </line>
    <line>
      <![CDATA[Submitted
]]>
    </line>
    <line>
      <![CDATA[Verify that parsing result should shown as Invalid Date
]]>
    </line>
    <line>
      <![CDATA[ 
 Verification failed getting parsing result as [ Invalid Date ] instead of [ Mon Mar 01 2010 00:00:00 GMT+0000 ] for Enter value is 2010 Feb 29 
]]>
    </line>
    <line>
      <![CDATA[Enter data -2009 Feb -17
]]>
    </line>
    <line>
      <![CDATA[Entered value as -2009 Feb -17
]]>
    </line>
    <line>
      <![CDATA[Tap on Submit
]]>
    </line>
    <line>
      <![CDATA[Submitted
]]>
    </line>
    <line>
      <![CDATA[Verify that parsing result should shown as Tue Feb 17 2009 00:00:00 GMT+0000
]]>
    </line>
    <line>
      <![CDATA[ 
 Verification failed getting parsing result as [ Tue Feb 17 2009 00:00:00 GMT+0000 ] instead of [ Invalid date ] for Enter value is -2009 Feb -17
]]>
    </line>
    <line>
      <![CDATA[Enter data 2012 Feb 29
]]>
    </line>
    <line>
      <![CDATA[Entered value as 2012 Feb 29
]]>
    </line>
    <line>
      <![CDATA[Tap on Submit
]]>
    </line>
    <line>
      <![CDATA[Submitted
]]>
    </line>
    <line>
      <![CDATA[Verify that parsing result should shown as Wed Feb 29 2012 00:00:00 GMT+0000
]]>
    </line>
    <line>
      <![CDATA[Enter data 0002 Dec 02
]]>
    </line>
    <line>
      <![CDATA[Entered value as 0002 Dec 02
]]>
    </line>
    <line>
      <![CDATA[Tap on Submit
]]>
    </line>
    <line>
      <![CDATA[Submitted
]]>
    </line>
    <line>
      <![CDATA[Verify that parsing result should shown as Mon Dec 02 2002 00:00:00 GMT+0000
]]>
    </line>
    <line>
      <![CDATA[Enter data 2009 Feb 30
]]>
    </line>
    <line>
      <![CDATA[Entered value as 2009 Feb 30
]]>
    </line>
    <line>
      <![CDATA[Tap on Submit
]]>
    </line>
    <line>
      <![CDATA[Submitted
]]>
    </line>
    <line>
      <![CDATA[Verify that parsing result should shown as Invalid Date
]]>
    </line>
    <line>
      <![CDATA[ 
 Verification failed getting parsing result as [ Invalid Date ] instead of [ Mon Mar 02 2009 00:00:00 GMT+0000 ] for Enter value is 2009 Feb 30
]]>
    </line>
    <line>
      <![CDATA[Enter data 17 Feb, 2009
]]>
    </line>
    <line>
      <![CDATA[Entered value as 17 Feb, 2009
]]>
    </line>
    <line>
      <![CDATA[Tap on Submit
]]>
    </line>
    <line>
      <![CDATA[Submitted
]]>
    </line>
    <line>
      <![CDATA[Verify that parsing result should shown as Tue Feb 17 2009 00:00:00 GMT+0000
]]>
    </line>
    <line>
      <![CDATA[Enter data   31 Apr, 2009
]]>
    </line>
    <line>
      <![CDATA[Entered value as   31 Apr, 2009
]]>
    </line>
    <line>
      <![CDATA[Tap on Submit
]]>
    </line>
    <line>
      <![CDATA[Submitted
]]>
    </line>
    <line>
      <![CDATA[Verify that parsing result should shown as Invalid Date
]]>
    </line>
    <line>
      <![CDATA[ 
 Verification failed getting parsing result as [ Invalid Date ] instead of [ Fri May 01 2009 00:00:00 GMT+0000 ] for Enter value is   31 Apr, 2009
]]>
    </line>
    <line>
      <![CDATA[Enter data 29 Feb, 2010
]]>
    </line>
    <line>
      <![CDATA[Entered value as 29 Feb, 2010
]]>
    </line>
    <line>
      <![CDATA[Tap on Submit
]]>
    </line>
    <line>
      <![CDATA[Submitted
]]>
    </line>
    <line>
      <![CDATA[Verify that parsing result should shown as Invalid Date
]]>
    </line>
    <line>
      <![CDATA[ 
 Verification failed getting parsing result as [ Invalid Date ] instead of [ Mon Mar 01 2010 00:00:00 GMT+0000 ] for Enter value is 29 Feb, 2010
]]>
    </line>
    <line>
      <![CDATA[Enter data -17 Feb, -2009
]]>
    </line>
    <line>
      <![CDATA[Entered value as -17 Feb, -2009
]]>
    </line>
    <line>
      <![CDATA[Tap on Submit
]]>
    </line>
    <line>
      <![CDATA[Submitted
]]>
    </line>
    <line>
      <![CDATA[Verify that parsing result should shown as Tue Feb 17 2009 00:00:00 GMT+0000
]]>
    </line>
    <line>
      <![CDATA[ 
 Verification failed getting parsing result as [ Tue Feb 17 2009 00:00:00 GMT+0000 ] instead of [ Invalid date ] for Enter value is -17 Feb, -2009
]]>
    </line>
    <line>
      <![CDATA[Enter data 29 Feb, 2012
]]>
    </line>
    <line>
      <![CDATA[Entered value as 29 Feb, 2012
]]>
    </line>
    <line>
      <![CDATA[Tap on Submit
]]>
    </line>
    <line>
      <![CDATA[Submitted
]]>
    </line>
    <line>
      <![CDATA[Verify that parsing result should shown as Wed Feb 29 2012 00:00:00 GMT+0000
]]>
    </line>
    <line>
      <![CDATA[Enter data February , -17, -2009
]]>
    </line>
    <line>
      <![CDATA[Entered value as February , -17, -2009
]]>
    </line>
    <line>
      <![CDATA[Tap on Submit
]]>
    </line>
    <line>
      <![CDATA[Submitted
]]>
    </line>
    <line>
      <![CDATA[Verify that parsing result should shown as Tue Feb 17 2009 00:00:00 GMT+0000
]]>
    </line>
    <line>
      <![CDATA[ 
 Verification failed getting parsing result as [ Tue Feb 17 2009 00:00:00 GMT+0000 ] instead of [ Invalid date ] for Enter value is February , -17, -2009
]]>
    </line>
    <line>
      <![CDATA[Enter data February , 29, 2012
]]>
    </line>
    <line>
      <![CDATA[Entered value as February , 29, 2012
]]>
    </line>
    <line>
      <![CDATA[Tap on Submit
]]>
    </line>
    <line>
      <![CDATA[Submitted
]]>
    </line>
    <line>
      <![CDATA[Verify that parsing result should shown as Wed Feb 29 2012 00:00:00 GMT+0000
]]>
    </line>
    <line>
      <![CDATA[Enter data December, 02, 0002
]]>
    </line>
    <line>
      <![CDATA[Entered value as December, 02, 0002
]]>
    </line>
    <line>
      <![CDATA[Tap on Submit
]]>
    </line>
    <line>
      <![CDATA[Submitted
]]>
    </line>
    <line>
      <![CDATA[Verify that parsing result should shown as Mon Dec 02 2002 00:00:00 GMT+0000
]]>
    </line>
    <line>
      <![CDATA[Enter data February , $$ , 2019
]]>
    </line>
    <line>
      <![CDATA[Entered value as February , $$ , 2019
]]>
    </line>
    <line>
      <![CDATA[Tap on Submit
]]>
    </line>
    <line>
      <![CDATA[Submitted
]]>
    </line>
    <line>
      <![CDATA[Verify that parsing result should shown as Invalid Date
]]>
    </line>
    <line>
      <![CDATA[ 
 Verification failed getting parsing result as [ Invalid Date ] instead of [ Fri Feb 01 2019 00:00:00 GMT+0000 ] for Enter value is February , $$ , 2019
]]>
    </line>
    <line>
      <![CDATA[Enter data February ,30 ,2009
]]>
    </line>
    <line>
      <![CDATA[Entered value as February ,30 ,2009
]]>
    </line>
    <line>
      <![CDATA[Tap on Submit
]]>
    </line>
    <line>
      <![CDATA[Submitted
]]>
    </line>
    <line>
      <![CDATA[Verify that parsing result should shown as Invalid Date
]]>
    </line>
    <line>
      <![CDATA[ 
 Verification failed getting parsing result as [ Invalid Date ] instead of [ Mon Mar 02 2009 00:00:00 GMT+0000 ] for Enter value is February ,30 ,2009
]]>
    </line>
    <line>
      <![CDATA[Enter data December, 32, 2009
]]>
    </line>
    <line>
      <![CDATA[Entered value as December, 32, 2009
]]>
    </line>
    <line>
      <![CDATA[Tap on Submit
]]>
    </line>
    <line>
      <![CDATA[Submitted
]]>
    </line>
    <line>
      <![CDATA[Verify that parsing result should shown as Invalid Date
]]>
    </line>
    <line>
      <![CDATA[Enter data 2/17/2009
]]>
    </line>
    <line>
      <![CDATA[Entered value as 2/17/2009
]]>
    </line>
    <line>
      <![CDATA[Tap on Submit
]]>
    </line>
    <line>
      <![CDATA[Submitted
]]>
    </line>
    <line>
      <![CDATA[Verify that parsing result should shown as Tue Feb 17 2009 00:00:00 GMT+0000
]]>
    </line>
    <line>
      <![CDATA[Enter data      4/31/2009
]]>
    </line>
    <line>
      <![CDATA[Entered value as      4/31/2009
]]>
    </line>
    <line>
      <![CDATA[Tap on Submit
]]>
    </line>
    <line>
      <![CDATA[Submitted
]]>
    </line>
    <line>
      <![CDATA[Verify that parsing result should shown as Invalid Date
]]>
    </line>
    <line>
      <![CDATA[ 
 Verification failed getting parsing result as [ Invalid Date ] instead of [ Fri May 01 2009 00:00:00 GMT+0000 ] for Enter value is      4/31/2009
]]>
    </line>
    <line>
      <![CDATA[Enter data   2/29/2010
]]>
    </line>
    <line>
      <![CDATA[Entered value as   2/29/2010
]]>
    </line>
    <line>
      <![CDATA[Tap on Submit
]]>
    </line>
    <line>
      <![CDATA[Submitted
]]>
    </line>
    <line>
      <![CDATA[Verify that parsing result should shown as Invalid Date
]]>
    </line>
    <line>
      <![CDATA[ 
 Verification failed getting parsing result as [ Invalid Date ] instead of [ Mon Mar 01 2010 00:00:00 GMT+0000 ] for Enter value is   2/29/2010
]]>
    </line>
    <line>
      <![CDATA[Enter data -2/-17/-2009
]]>
    </line>
    <line>
      <![CDATA[Entered value as -2/-17/-2009
]]>
    </line>
    <line>
      <![CDATA[Tap on Submit
]]>
    </line>
    <line>
      <![CDATA[Submitted
]]>
    </line>
    <line>
      <![CDATA[Verify that parsing result should shown as Tue Feb 17 2009 00:00:00 GMT+0000
]]>
    </line>
    <line>
      <![CDATA[ 
 Verification failed getting parsing result as [ Tue Feb 17 2009 00:00:00 GMT+0000 ] instead of [ Invalid date ] for Enter value is -2/-17/-2009
]]>
    </line>
    <line>
      <![CDATA[Enter data 02 Dec, 0002
]]>
    </line>
    <line>
      <![CDATA[Entered value as 02 Dec, 0002
]]>
    </line>
    <line>
      <![CDATA[Tap on Submit
]]>
    </line>
    <line>
      <![CDATA[Submitted
]]>
    </line>
    <line>
      <![CDATA[Verify that parsing result should shown as Mon Dec 02 2002 00:00:00 GMT+0000
]]>
    </line>
    <line>
      <![CDATA[Enter data 32 Dec, 2009
]]>
    </line>
    <line>
      <![CDATA[Entered value as 32 Dec, 2009
]]>
    </line>
    <line>
      <![CDATA[Tap on Submit
]]>
    </line>
    <line>
      <![CDATA[Submitted
]]>
    </line>
    <line>
      <![CDATA[Verify that parsing result should shown as Invalid Date
]]>
    </line>
    <line>
      <![CDATA[Enter data 2009, Feb 17 
]]>
    </line>
    <line>
      <![CDATA[Entered value as 2009, Feb 17 
]]>
    </line>
    <line>
      <![CDATA[Tap on Submit
]]>
    </line>
    <line>
      <![CDATA[Submitted
]]>
    </line>
    <line>
      <![CDATA[Verify that parsing result should shown as Tue Feb 17 2009 00:00:00 GMT+0000
]]>
    </line>
    <line>
      <![CDATA[Enter data 2009, Apr 31
]]>
    </line>
    <line>
      <![CDATA[Entered value as 2009, Apr 31
]]>
    </line>
    <line>
      <![CDATA[Tap on Submit
]]>
    </line>
    <line>
      <![CDATA[Submitted
]]>
    </line>
    <line>
      <![CDATA[Verify that parsing result should shown as Invalid Date
]]>
    </line>
    <line>
      <![CDATA[ 
 Verification failed getting parsing result as [ Invalid Date ] instead of [ Fri May 01 2009 00:00:00 GMT+0000 ] for Enter value is 2009, Apr 31
]]>
    </line>
    <line>
      <![CDATA[Enter data 2010, Feb 29 
]]>
    </line>
    <line>
      <![CDATA[Entered value as 2010, Feb 29 
]]>
    </line>
    <line>
      <![CDATA[Tap on Submit
]]>
    </line>
    <line>
      <![CDATA[Submitted
]]>
    </line>
    <line>
      <![CDATA[Verify that parsing result should shown as Invalid Date
]]>
    </line>
    <line>
      <![CDATA[ 
 Verification failed getting parsing result as [ Invalid Date ] instead of [ Mon Mar 01 2010 00:00:00 GMT+0000 ] for Enter value is 2010, Feb 29 
]]>
    </line>
    <line>
      <![CDATA[Enter data -2009, Feb -17
]]>
    </line>
    <line>
      <![CDATA[Entered value as -2009, Feb -17
]]>
    </line>
    <line>
      <![CDATA[Tap on Submit
]]>
    </line>
    <line>
      <![CDATA[Submitted
]]>
    </line>
    <line>
      <![CDATA[Verify that parsing result should shown as Tue Feb 17 2009 00:00:00 GMT+0000
]]>
    </line>
    <line>
      <![CDATA[ 
 Verification failed getting parsing result as [ Tue Feb 17 2009 00:00:00 GMT+0000 ] instead of [ Invalid date ] for Enter value is -2009, Feb -17
]]>
    </line>
    <line>
      <![CDATA[Enter data 2012, Feb 29
]]>
    </line>
    <line>
      <![CDATA[Entered value as 2012, Feb 29
]]>
    </line>
    <line>
      <![CDATA[Tap on Submit
]]>
    </line>
    <line>
      <![CDATA[Submitted
]]>
    </line>
    <line>
      <![CDATA[Verify that parsing result should shown as Wed Feb 29 2012 00:00:00 GMT+0000
]]>
    </line>
    <line>
      <![CDATA[Enter data 0002, Dec 02
]]>
    </line>
    <line>
      <![CDATA[Entered value as 0002, Dec 02
]]>
    </line>
    <line>
      <![CDATA[Tap on Submit
]]>
    </line>
    <line>
      <![CDATA[Submitted
]]>
    </line>
    <line>
      <![CDATA[Verify that parsing result should shown as Mon Dec 02 2002 00:00:00 GMT+0000
]]>
    </line>
    <line>
      <![CDATA[Enter data  2009, Dec 32 
]]>
    </line>
    <line>
      <![CDATA[Entered value as  2009, Dec 32 
]]>
    </line>
    <line>
      <![CDATA[Tap on Submit
]]>
    </line>
    <line>
      <![CDATA[Submitted
]]>
    </line>
    <line>
      <![CDATA[Verify that parsing result should shown as Invalid Date
]]>
    </line>
    <line>
      <![CDATA[Enter data Feb 17, 2009
]]>
    </line>
    <line>
      <![CDATA[Entered value as Feb 17, 2009
]]>
    </line>
    <line>
      <![CDATA[Tap on Submit
]]>
    </line>
    <line>
      <![CDATA[Submitted
]]>
    </line>
    <line>
      <![CDATA[Verify that parsing result should shown as Tue Feb 17 2009 00:00:00 GMT+0000
]]>
    </line>
    <line>
      <![CDATA[Enter data 2/29/2012
]]>
    </line>
    <line>
      <![CDATA[Entered value as 2/29/2012
]]>
    </line>
    <line>
      <![CDATA[Tap on Submit
]]>
    </line>
    <line>
      <![CDATA[Submitted
]]>
    </line>
    <line>
      <![CDATA[Verify that parsing result should shown as Wed Feb 29 2012 00:00:00 GMT+0000
]]>
    </line>
    <line>
      <![CDATA[Enter data 13/1/2019
]]>
    </line>
    <line>
      <![CDATA[Entered value as 13/1/2019
]]>
    </line>
    <line>
      <![CDATA[Tap on Submit
]]>
    </line>
    <line>
      <![CDATA[Submitted
]]>
    </line>
    <line>
      <![CDATA[Verify that parsing result should shown as Invalid Date
]]>
    </line>
    <line>
      <![CDATA[Enter data 12/2/0002
]]>
    </line>
    <line>
      <![CDATA[Entered value as 12/2/0002
]]>
    </line>
    <line>
      <![CDATA[Tap on Submit
]]>
    </line>
    <line>
      <![CDATA[Submitted
]]>
    </line>
    <line>
      <![CDATA[Verify that parsing result should shown as Mon Dec 02 2002 00:00:00 GMT+0000
]]>
    </line>
    <line>
      <![CDATA[Enter data 2/$$/2019
]]>
    </line>
    <line>
      <![CDATA[Entered value as 2/$$/2019
]]>
    </line>
    <line>
      <![CDATA[Tap on Submit
]]>
    </line>
    <line>
      <![CDATA[Submitted
]]>
    </line>
    <line>
      <![CDATA[Verify that parsing result should shown as Invalid Date
]]>
    </line>
    <line>
      <![CDATA[Enter data 17/2/2009
]]>
    </line>
    <line>
      <![CDATA[Entered value as 17/2/2009
]]>
    </line>
    <line>
      <![CDATA[Tap on Submit
]]>
    </line>
    <line>
      <![CDATA[Submitted
]]>
    </line>
    <line>
      <![CDATA[Verify that parsing result should shown as Tue Feb 17 2009 00:00:00 GMT+0000
]]>
    </line>
    <line>
      <![CDATA[ 
 Verification failed getting parsing result as [ Tue Feb 17 2009 00:00:00 GMT+0000 ] instead of [ Invalid date ] for Enter value is 17/2/2009
]]>
    </line>
    <line>
      <![CDATA[Enter data 31/4/2009
]]>
    </line>
    <line>
      <![CDATA[Entered value as 31/4/2009
]]>
    </line>
    <line>
      <![CDATA[Tap on Submit
]]>
    </line>
    <line>
      <![CDATA[Submitted
]]>
    </line>
    <line>
      <![CDATA[Verify that parsing result should shown as Invalid Date
]]>
    </line>
    <line>
      <![CDATA[Enter data 29/2/2010
]]>
    </line>
    <line>
      <![CDATA[Entered value as 29/2/2010
]]>
    </line>
    <line>
      <![CDATA[Tap on Submit
]]>
    </line>
    <line>
      <![CDATA[Submitted
]]>
    </line>
    <line>
      <![CDATA[Verify that parsing result should shown as Invalid Date
]]>
    </line>
    <line>
      <![CDATA[Enter data -17/-2/-2009
]]>
    </line>
    <line>
      <![CDATA[Entered value as -17/-2/-2009
]]>
    </line>
    <line>
      <![CDATA[Tap on Submit
]]>
    </line>
    <line>
      <![CDATA[Submitted
]]>
    </line>
    <line>
      <![CDATA[Verify that parsing result should shown as Tue Feb 17 2009 00:00:00 GMT+0000
]]>
    </line>
    <line>
      <![CDATA[ 
 Verification failed getting parsing result as [ Tue Feb 17 2009 00:00:00 GMT+0000 ] instead of [ Invalid date ] for Enter value is -17/-2/-2009
]]>
    </line>
    <line>
      <![CDATA[Enter data 17/14/2009
]]>
    </line>
    <line>
      <![CDATA[Entered value as 17/14/2009
]]>
    </line>
    <line>
      <![CDATA[Tap on Submit
]]>
    </line>
    <line>
      <![CDATA[Submitted
]]>
    </line>
    <line>
      <![CDATA[Verify that parsing result should shown as Invalid Date
]]>
    </line>
    <line>
      <![CDATA[Enter data 29/2/2012
]]>
    </line>
    <line>
      <![CDATA[Entered value as 29/2/2012
]]>
    </line>
    <line>
      <![CDATA[Tap on Submit
]]>
    </line>
    <line>
      <![CDATA[Submitted
]]>
    </line>
    <line>
      <![CDATA[Verify that parsing result should shown as Wed Feb 29 2012 00:00:00 GMT+0000
]]>
    </line>
    <line>
      <![CDATA[ 
 Verification failed getting parsing result as [ Wed Feb 29 2012 00:00:00 GMT+0000 ] instead of [ Invalid date ] for Enter value is 29/2/2012
]]>
    </line>
    <line>
      <![CDATA[Enter data   Apr 31, 2009
]]>
    </line>
    <line>
      <![CDATA[Entered value as   Apr 31, 2009
]]>
    </line>
    <line>
      <![CDATA[Tap on Submit
]]>
    </line>
    <line>
      <![CDATA[Submitted
]]>
    </line>
    <line>
      <![CDATA[Verify that parsing result should shown as Invalid Date
]]>
    </line>
    <line>
      <![CDATA[ 
 Verification failed getting parsing result as [ Invalid Date ] instead of [ Fri May 01 2009 00:00:00 GMT+0000 ] for Enter value is   Apr 31, 2009
]]>
    </line>
    <line>
      <![CDATA[Enter data Feb 29, 2010
]]>
    </line>
    <line>
      <![CDATA[Entered value as Feb 29, 2010
]]>
    </line>
    <line>
      <![CDATA[Tap on Submit
]]>
    </line>
    <line>
      <![CDATA[Submitted
]]>
    </line>
    <line>
      <![CDATA[Verify that parsing result should shown as Invalid Date
]]>
    </line>
    <line>
      <![CDATA[ 
 Verification failed getting parsing result as [ Invalid Date ] instead of [ Mon Mar 01 2010 00:00:00 GMT+0000 ] for Enter value is Feb 29, 2010
]]>
    </line>
    <line>
      <![CDATA[Enter data Feb -17, -2009
]]>
    </line>
    <line>
      <![CDATA[Entered value as Feb -17, -2009
]]>
    </line>
    <line>
      <![CDATA[Tap on Submit
]]>
    </line>
    <line>
      <![CDATA[Submitted
]]>
    </line>
    <line>
      <![CDATA[Verify that parsing result should shown as Tue Feb 17 2009 00:00:00 GMT+0000
]]>
    </line>
    <line>
      <![CDATA[ 
 Verification failed getting parsing result as [ Tue Feb 17 2009 00:00:00 GMT+0000 ] instead of [ Invalid date ] for Enter value is Feb -17, -2009
]]>
    </line>
    <line>
      <![CDATA[Enter data Feb 29, 2012
]]>
    </line>
    <line>
      <![CDATA[Entered value as Feb 29, 2012
]]>
    </line>
    <line>
      <![CDATA[Tap on Submit
]]>
    </line>
    <line>
      <![CDATA[Submitted
]]>
    </line>
    <line>
      <![CDATA[Verify that parsing result should shown as Wed Feb 29 2012 00:00:00 GMT+0000
]]>
    </line>
    <line>
      <![CDATA[Enter data Dec 02, 0002
]]>
    </line>
    <line>
      <![CDATA[Entered value as Dec 02, 0002
]]>
    </line>
    <line>
      <![CDATA[Tap on Submit
]]>
    </line>
    <line>
      <![CDATA[Submitted
]]>
    </line>
    <line>
      <![CDATA[Verify that parsing result should shown as Mon Dec 02 2002 00:00:00 GMT+0000
]]>
    </line>
    <line>
      <![CDATA[Enter data Feb $$, 2019
]]>
    </line>
    <line>
      <![CDATA[Entered value as Feb $$, 2019
]]>
    </line>
    <line>
      <![CDATA[Tap on Submit
]]>
    </line>
    <line>
      <![CDATA[Submitted
]]>
    </line>
    <line>
      <![CDATA[Verify that parsing result should shown as Invalid Date
]]>
    </line>
    <line>
      <![CDATA[ 
 Verification failed getting parsing result as [ Invalid Date ] instead of [ Fri Feb 01 2019 00:00:00 GMT+0000 ] for Enter value is Feb $$, 2019
]]>
    </line>
    <line>
      <![CDATA[Enter data Dec 32, 2009
]]>
    </line>
    <line>
      <![CDATA[Entered value as Dec 32, 2009
]]>
    </line>
    <line>
      <![CDATA[Tap on Submit
]]>
    </line>
    <line>
      <![CDATA[Submitted
]]>
    </line>
    <line>
      <![CDATA[Verify that parsing result should shown as Invalid Date
]]>
    </line>
    <line>
      <![CDATA[Enter data 13/13/2019
]]>
    </line>
    <line>
      <![CDATA[Entered value as 13/13/2019
]]>
    </line>
    <line>
      <![CDATA[Tap on Submit
]]>
    </line>
    <line>
      <![CDATA[Submitted
]]>
    </line>
    <line>
      <![CDATA[Verify that parsing result should shown as Invalid Date
]]>
    </line>
    <line>
      <![CDATA[Enter data 2/12/0002
]]>
    </line>
    <line>
      <![CDATA[Entered value as 2/12/0002
]]>
    </line>
    <line>
      <![CDATA[Tap on Submit
]]>
    </line>
    <line>
      <![CDATA[Submitted
]]>
    </line>
    <line>
      <![CDATA[Verify that parsing result should shown as Mon Dec 02 2002 00:00:00 GMT+0000
]]>
    </line>
    <line>
      <![CDATA[ 
 Verification failed getting parsing result as [ Mon Dec 02 2002 00:00:00 GMT+0000 ] instead of [ Tue Feb 12 2002 00:00:00 GMT+0000 ] for Enter value is 2/12/0002
]]>
    </line>
    <line>
      <![CDATA[Enter data 2009/2/17
]]>
    </line>
    <line>
      <![CDATA[Entered value as 2009/2/17
]]>
    </line>
    <line>
      <![CDATA[Tap on Submit
]]>
    </line>
    <line>
      <![CDATA[Submitted
]]>
    </line>
    <line>
      <![CDATA[Verify that parsing result should shown as Tue Feb 17 2009 00:00:00 GMT+0000
]]>
    </line>
    <line>
      <![CDATA[Enter data 2009/4/31
]]>
    </line>
    <line>
      <![CDATA[Entered value as 2009/4/31
]]>
    </line>
    <line>
      <![CDATA[Tap on Submit
]]>
    </line>
    <line>
      <![CDATA[Submitted
]]>
    </line>
    <line>
      <![CDATA[Verify that parsing result should shown as Invalid Date
]]>
    </line>
    <line>
      <![CDATA[ 
 Verification failed getting parsing result as [ Invalid Date ] instead of [ Fri May 01 2009 00:00:00 GMT+0000 ] for Enter value is 2009/4/31
]]>
    </line>
    <line>
      <![CDATA[Enter data 2010/2/29
]]>
    </line>
    <line>
      <![CDATA[Entered value as 2010/2/29
]]>
    </line>
    <line>
      <![CDATA[Tap on Submit
]]>
    </line>
    <line>
      <![CDATA[Submitted
]]>
    </line>
    <line>
      <![CDATA[Verify that parsing result should shown as Invalid Date
]]>
    </line>
    <line>
      <![CDATA[ 
 Verification failed getting parsing result as [ Invalid Date ] instead of [ Mon Mar 01 2010 00:00:00 GMT+0000 ] for Enter value is 2010/2/29
]]>
    </line>
    <line>
      <![CDATA[Enter data -2009-/-2/-17
]]>
    </line>
    <line>
      <![CDATA[Entered value as -2009-/-2/-17
]]>
    </line>
    <line>
      <![CDATA[Tap on Submit
]]>
    </line>
    <line>
      <![CDATA[Submitted
]]>
    </line>
    <line>
      <![CDATA[Verify that parsing result should shown as Tue Feb 17 2009 00:00:00 GMT+0000
]]>
    </line>
    <line>
      <![CDATA[ 
 Verification failed getting parsing result as [ Tue Feb 17 2009 00:00:00 GMT+0000 ] instead of [ Invalid date ] for Enter value is -2009-/-2/-17
]]>
    </line>
    <line>
      <![CDATA[Enter data 2009/14/17
]]>
    </line>
    <line>
      <![CDATA[Entered value as 2009/14/17
]]>
    </line>
    <line>
      <![CDATA[Tap on Submit
]]>
    </line>
    <line>
      <![CDATA[Submitted
]]>
    </line>
    <line>
      <![CDATA[Verify that parsing result should shown as Invalid Date
]]>
    </line>
    <line>
      <![CDATA[Enter data 2012/2/29
]]>
    </line>
    <line>
      <![CDATA[Entered value as 2012/2/29
]]>
    </line>
    <line>
      <![CDATA[Tap on Submit
]]>
    </line>
    <line>
      <![CDATA[Submitted
]]>
    </line>
    <line>
      <![CDATA[Verify that parsing result should shown as Wed Feb 29 2012 00:00:00 GMT+0000
]]>
    </line>
    <line>
      <![CDATA[Enter data 13/13/2019
]]>
    </line>
    <line>
      <![CDATA[Entered value as 13/13/2019
]]>
    </line>
    <line>
      <![CDATA[Tap on Submit
]]>
    </line>
    <line>
      <![CDATA[Submitted
]]>
    </line>
    <line>
      <![CDATA[Verify that parsing result should shown as Invalid Date
]]>
    </line>
    <line>
      <![CDATA[Enter data 0002/12/02
]]>
    </line>
    <line>
      <![CDATA[Entered value as 0002/12/02
]]>
    </line>
    <line>
      <![CDATA[Tap on Submit
]]>
    </line>
    <line>
      <![CDATA[Submitted
]]>
    </line>
    <line>
      <![CDATA[Verify that parsing result should shown as Mon Dec 02 2002 00:00:00 GMT+0000
]]>
    </line>
    <line>
      <![CDATA[ 
 Verification failed getting parsing result as [ Mon Dec 02 2002 00:00:00 GMT+0000 ] instead of [ Tue Feb 12 2002 00:00:00 GMT+0000 ] for Enter value is 0002/12/02
]]>
    </line>
    <line>
      <![CDATA[Enter data 2019/2/$$
]]>
    </line>
    <line>
      <![CDATA[Entered value as 2019/2/$$
]]>
    </line>
    <line>
      <![CDATA[Tap on Submit
]]>
    </line>
    <line>
      <![CDATA[Submitted
]]>
    </line>
    <line>
      <![CDATA[Verify that parsing result should shown as Invalid Date
]]>
    </line>
    <line>
      <![CDATA[ 
 Verification failed getting parsing result as [ Invalid Date ] instead of [ Fri Feb 01 2019 00:00:00 GMT+0000 ] for Enter value is 2019/2/$$
]]>
    </line>
    <line>
      <![CDATA[Enter data  2/17/2009
]]>
    </line>
    <line>
      <![CDATA[Entered value as  2/17/2009
]]>
    </line>
    <line>
      <![CDATA[Tap on Submit
]]>
    </line>
    <line>
      <![CDATA[Submitted
]]>
    </line>
    <line>
      <![CDATA[Verify that parsing result should shown as Tue Feb 17 2009 00:00:00 GMT+0000
]]>
    </line>
    <line>
      <![CDATA[Enter data       4/31/2009
]]>
    </line>
    <line>
      <![CDATA[Entered value as       4/31/2009
]]>
    </line>
    <line>
      <![CDATA[Tap on Submit
]]>
    </line>
    <line>
      <![CDATA[Submitted
]]>
    </line>
    <line>
      <![CDATA[Verify that parsing result should shown as Invalid Date
]]>
    </line>
    <line>
      <![CDATA[ 
 Verification failed getting parsing result as [ Invalid Date ] instead of [ Fri May 01 2009 00:00:00 GMT+0000 ] for Enter value is       4/31/2009
]]>
    </line>
    <line>
      <![CDATA[Enter data    2/29/2010
]]>
    </line>
    <line>
      <![CDATA[Entered value as    2/29/2010
]]>
    </line>
    <line>
      <![CDATA[Tap on Submit
]]>
    </line>
    <line>
      <![CDATA[Submitted
]]>
    </line>
    <line>
      <![CDATA[Verify that parsing result should shown as Invalid Date
]]>
    </line>
    <line>
      <![CDATA[ 
 Verification failed getting parsing result as [ Invalid Date ] instead of [ Mon Mar 01 2010 00:00:00 GMT+0000 ] for Enter value is    2/29/2010
]]>
    </line>
    <line>
      <![CDATA[Enter data  -2/-17/-2009
]]>
    </line>
    <line>
      <![CDATA[Entered value as  -2/-17/-2009
]]>
    </line>
    <line>
      <![CDATA[Tap on Submit
]]>
    </line>
    <line>
      <![CDATA[Submitted
]]>
    </line>
    <line>
      <![CDATA[Verify that parsing result should shown as Tue Feb 17 2009 00:00:00 GMT+0000
]]>
    </line>
    <line>
      <![CDATA[ 
 Verification failed getting parsing result as [ Tue Feb 17 2009 00:00:00 GMT+0000 ] instead of [ Invalid date ] for Enter value is  -2/-17/-2009
]]>
    </line>
    <line>
      <![CDATA[Enter data  2/29/2012
]]>
    </line>
    <line>
      <![CDATA[Entered value as  2/29/2012
]]>
    </line>
    <line>
      <![CDATA[Tap on Submit
]]>
    </line>
    <line>
      <![CDATA[Submitted
]]>
    </line>
    <line>
      <![CDATA[Verify that parsing result should shown as Wed Feb 29 2012 00:00:00 GMT+0000
]]>
    </line>
    <line>
      <![CDATA[Enter data  13/ 1/2019
]]>
    </line>
    <line>
      <![CDATA[Entered value as  13/ 1/2019
]]>
    </line>
    <line>
      <![CDATA[Tap on Submit
]]>
    </line>
    <line>
      <![CDATA[Submitted
]]>
    </line>
    <line>
      <![CDATA[Verify that parsing result should shown as Invalid Date
]]>
    </line>
    <line>
      <![CDATA[Enter data 12/ 2/0002
]]>
    </line>
    <line>
      <![CDATA[Entered value as 12/ 2/0002
]]>
    </line>
    <line>
      <![CDATA[Tap on Submit
]]>
    </line>
    <line>
      <![CDATA[Submitted
]]>
    </line>
    <line>
      <![CDATA[Verify that parsing result should shown as Mon Dec 02 2002 00:00:00 GMT+0000
]]>
    </line>
    <line>
      <![CDATA[Enter data  2/$$/2019
]]>
    </line>
    <line>
      <![CDATA[Entered value as  2/$$/2019
]]>
    </line>
    <line>
      <![CDATA[Tap on Submit
]]>
    </line>
    <line>
      <![CDATA[Submitted
]]>
    </line>
    <line>
      <![CDATA[Verify that parsing result should shown as Invalid Date
]]>
    </line>
    <line>
      <![CDATA[Enter data 17 / 2 /2009
]]>
    </line>
    <line>
      <![CDATA[Entered value as 17 / 2 /2009
]]>
    </line>
    <line>
      <![CDATA[Tap on Submit
]]>
    </line>
    <line>
      <![CDATA[Submitted
]]>
    </line>
    <line>
      <![CDATA[Verify that parsing result should shown as Tue Feb 17 2009 00:00:00 GMT+0000
]]>
    </line>
    <line>
      <![CDATA[ 
 Verification failed getting parsing result as [ Tue Feb 17 2009 00:00:00 GMT+0000 ] instead of [ Invalid date ] for Enter value is 17 / 2 /2009
]]>
    </line>
    <line>
      <![CDATA[Enter data -02 -17 -2009
]]>
    </line>
    <line>
      <![CDATA[Entered value as -02 -17 -2009
]]>
    </line>
    <line>
      <![CDATA[Tap on Submit
]]>
    </line>
    <line>
      <![CDATA[Submitted
]]>
    </line>
    <line>
      <![CDATA[Verify that parsing result should shown as Tue Feb 17 2009 00:00:00 GMT+0000
]]>
    </line>
    <line>
      <![CDATA[ 
 Verification failed getting parsing result as [ Tue Feb 17 2009 00:00:00 GMT+0000 ] instead of [ Invalid date ] for Enter value is -02 -17 -2009
]]>
    </line>
    <line>
      <![CDATA[Enter data 14 17 2009
]]>
    </line>
    <line>
      <![CDATA[Entered value as 14 17 2009
]]>
    </line>
    <line>
      <![CDATA[Tap on Submit
]]>
    </line>
    <line>
      <![CDATA[Submitted
]]>
    </line>
    <line>
      <![CDATA[Verify that parsing result should shown as Invalid Date
]]>
    </line>
    <line>
      <![CDATA[Enter data 02 29 2012
]]>
    </line>
    <line>
      <![CDATA[Entered value as 02 29 2012
]]>
    </line>
    <line>
      <![CDATA[Tap on Submit
]]>
    </line>
    <line>
      <![CDATA[Submitted
]]>
    </line>
    <line>
      <![CDATA[Verify that parsing result should shown as Wed Feb 29 2012 00:00:00 GMT+0000
]]>
    </line>
    <line>
      <![CDATA[Enter data 13 13 2019
]]>
    </line>
    <line>
      <![CDATA[Entered value as 13 13 2019
]]>
    </line>
    <line>
      <![CDATA[Tap on Submit
]]>
    </line>
    <line>
      <![CDATA[Submitted
]]>
    </line>
    <line>
      <![CDATA[Verify that parsing result should shown as Invalid Date
]]>
    </line>
    <line>
      <![CDATA[Enter data 12 02 0002
]]>
    </line>
    <line>
      <![CDATA[Entered value as 12 02 0002
]]>
    </line>
    <line>
      <![CDATA[Tap on Submit
]]>
    </line>
    <line>
      <![CDATA[Submitted
]]>
    </line>
    <line>
      <![CDATA[Verify that parsing result should shown as Mon Dec 02 2002 00:00:00 GMT+0000
]]>
    </line>
    <line>
      <![CDATA[Enter data 02 $$ 2019
]]>
    </line>
    <line>
      <![CDATA[Entered value as 02 $$ 2019
]]>
    </line>
    <line>
      <![CDATA[Tap on Submit
]]>
    </line>
    <line>
      <![CDATA[Submitted
]]>
    </line>
    <line>
      <![CDATA[Verify that parsing result should shown as Invalid Date
]]>
    </line>
    <line>
      <![CDATA[Enter data 17 2 2009
]]>
    </line>
    <line>
      <![CDATA[Entered value as 17 2 2009
]]>
    </line>
    <line>
      <![CDATA[Tap on Submit
]]>
    </line>
    <line>
      <![CDATA[Submitted
]]>
    </line>
    <line>
      <![CDATA[Verify that parsing result should shown as Tue Feb 17 2009 00:00:00 GMT+0000
]]>
    </line>
    <line>
      <![CDATA[ 
 Verification failed getting parsing result as [ Tue Feb 17 2009 00:00:00 GMT+0000 ] instead of [ Invalid date ] for Enter value is 17 2 2009
]]>
    </line>
    <line>
      <![CDATA[Enter data  31/ 4/2009
]]>
    </line>
    <line>
      <![CDATA[Entered value as  31/ 4/2009
]]>
    </line>
    <line>
      <![CDATA[Tap on Submit
]]>
    </line>
    <line>
      <![CDATA[Submitted
]]>
    </line>
    <line>
      <![CDATA[Verify that parsing result should shown as Invalid Date
]]>
    </line>
    <line>
      <![CDATA[Enter data 31 4 2009
]]>
    </line>
    <line>
      <![CDATA[Entered value as 31 4 2009
]]>
    </line>
    <line>
      <![CDATA[Tap on Submit
]]>
    </line>
    <line>
      <![CDATA[Submitted
]]>
    </line>
    <line>
      <![CDATA[Verify that parsing result should shown as Invalid Date
]]>
    </line>
    <line>
      <![CDATA[Enter data  29/ 2/2010
]]>
    </line>
    <line>
      <![CDATA[Entered value as  29/ 2/2010
]]>
    </line>
    <line>
      <![CDATA[Tap on Submit
]]>
    </line>
    <line>
      <![CDATA[Submitted
]]>
    </line>
    <line>
      <![CDATA[Verify that parsing result should shown as Invalid Date
]]>
    </line>
    <line>
      <![CDATA[Enter data 29 2 2010
]]>
    </line>
    <line>
      <![CDATA[Entered value as 29 2 2010
]]>
    </line>
    <line>
      <![CDATA[Tap on Submit
]]>
    </line>
    <line>
      <![CDATA[Submitted
]]>
    </line>
    <line>
      <![CDATA[Verify that parsing result should shown as Invalid Date
]]>
    </line>
    <line>
      <![CDATA[Enter data  -17/ -2/-2009
]]>
    </line>
    <line>
      <![CDATA[Entered value as  -17/ -2/-2009
]]>
    </line>
    <line>
      <![CDATA[Tap on Submit
]]>
    </line>
    <line>
      <![CDATA[Submitted
]]>
    </line>
    <line>
      <![CDATA[Verify that parsing result should shown as Tue Feb 17 2009 00:00:00 GMT+0000
]]>
    </line>
    <line>
      <![CDATA[ 
 Verification failed getting parsing result as [ Tue Feb 17 2009 00:00:00 GMT+0000 ] instead of [ Invalid date ] for Enter value is  -17/ -2/-2009
]]>
    </line>
    <line>
      <![CDATA[Enter data -17 -2 -2009
]]>
    </line>
    <line>
      <![CDATA[Entered value as -17 -2 -2009
]]>
    </line>
    <line>
      <![CDATA[Tap on Submit
]]>
    </line>
    <line>
      <![CDATA[Submitted
]]>
    </line>
    <line>
      <![CDATA[Verify that parsing result should shown as Tue Feb 17 2009 00:00:00 GMT+0000
]]>
    </line>
    <line>
      <![CDATA[ 
 Verification failed getting parsing result as [ Tue Feb 17 2009 00:00:00 GMT+0000 ] instead of [ Invalid date ] for Enter value is -17 -2 -2009
]]>
    </line>
    <line>
      <![CDATA[Enter data  17/ 14/2009
]]>
    </line>
    <line>
      <![CDATA[Entered value as  17/ 14/2009
]]>
    </line>
    <line>
      <![CDATA[Tap on Submit
]]>
    </line>
    <line>
      <![CDATA[Submitted
]]>
    </line>
    <line>
      <![CDATA[Verify that parsing result should shown as Invalid Date
]]>
    </line>
    <line>
      <![CDATA[Enter data  29/ 2/2012
]]>
    </line>
    <line>
      <![CDATA[Entered value as  29/ 2/2012
]]>
    </line>
    <line>
      <![CDATA[Tap on Submit
]]>
    </line>
    <line>
      <![CDATA[Submitted
]]>
    </line>
    <line>
      <![CDATA[Verify that parsing result should shown as Wed Feb 29 2012 00:00:00 GMT+0000
]]>
    </line>
    <line>
      <![CDATA[ 
 Verification failed getting parsing result as [ Wed Feb 29 2012 00:00:00 GMT+0000 ] instead of [ Invalid date ] for Enter value is  29/ 2/2012
]]>
    </line>
    <line>
      <![CDATA[Enter data  13/ 13/2019
]]>
    </line>
    <line>
      <![CDATA[Entered value as  13/ 13/2019
]]>
    </line>
    <line>
      <![CDATA[Tap on Submit
]]>
    </line>
    <line>
      <![CDATA[Submitted
]]>
    </line>
    <line>
      <![CDATA[Verify that parsing result should shown as Invalid Date
]]>
    </line>
    <line>
      <![CDATA[Enter data  02/ 12/0002
]]>
    </line>
    <line>
      <![CDATA[Entered value as  02/ 12/0002
]]>
    </line>
    <line>
      <![CDATA[Tap on Submit
]]>
    </line>
    <line>
      <![CDATA[Submitted
]]>
    </line>
    <line>
      <![CDATA[Verify that parsing result should shown as Mon Dec 02 2002 00:00:00 GMT+0000
]]>
    </line>
    <line>
      <![CDATA[ 
 Verification failed getting parsing result as [ Mon Dec 02 2002 00:00:00 GMT+0000 ] instead of [ Tue Feb 12 2002 00:00:00 GMT+0000 ] for Enter value is  02/ 12/0002
]]>
    </line>
    <line>
      <![CDATA[Enter data  $$/ 2/2019
]]>
    </line>
    <line>
      <![CDATA[Entered value as  $$/ 2/2019
]]>
    </line>
    <line>
      <![CDATA[Tap on Submit
]]>
    </line>
    <line>
      <![CDATA[Submitted
]]>
    </line>
    <line>
      <![CDATA[Verify that parsing result should shown as Invalid Date
]]>
    </line>
  </reporter-output>
  <suite name="propinTest" duration-ms="530984" started-at="2020-06-12T18:44:03 IST" finished-at="2020-06-12T18:52:53 IST">
    <groups>
    </groups>
    <test name="TestDataParsing" duration-ms="530984" started-at="2020-06-12T18:44:03 IST" finished-at="2020-06-12T18:52:53 IST">
      <class name="test.propin.TestDateParsing">
        <test-method status="PASS" signature="openTheUrl()[pri:0, instance:test.propin.TestDateParsing@3f67593e]" name="openTheUrl" is-config="true" duration-ms="2926" started-at="2020-06-12T18:44:03 IST" finished-at="2020-06-12T18:44:05 IST">
          <reporter-output>
          </reporter-output>
        </test-method> <!-- openTheUrl -->
        <test-method status="PASS" signature="getActualData([Ljava.lang.Object;)[pri:0, instance:test.propin.TestDateParsing@3f67593e]" name="getActualData" is-config="true" duration-ms="1" started-at="2020-06-12T18:44:06 IST" finished-at="2020-06-12T18:44:06 IST">
          <params>
            <param index="0">
              <value>
                <![CDATA[[Ljava.lang.Object;@34ea86ff]]>
              </value>
            </param>
          </params>
          <reporter-output>
          </reporter-output>
        </test-method> <!-- getActualData -->
        <test-method status="PASS" signature="startTest(java.lang.reflect.Method)[pri:0, instance:test.propin.TestDateParsing@3f67593e]" name="startTest" is-config="true" duration-ms="72" started-at="2020-06-12T18:44:06 IST" depends-on-methods="prop.commonUtility.CommonPreAndPostConditions.getActualData" finished-at="2020-06-12T18:44:06 IST">
          <params>
            <param index="0">
              <value>
                <![CDATA[public void test.propin.TestDateParsing.verifyDateParse(java.lang.String,java.lang.String[]) throws java.lang.InterruptedException]]>
              </value>
            </param>
          </params>
          <reporter-output>
          </reporter-output>
        </test-method> <!-- startTest -->
        <test-method status="PASS" signature="verifyDateParse(java.lang.String, [Ljava.lang.String;)[pri:0, instance:test.propin.TestDateParsing@3f67593e]" name="verifyDateParse" duration-ms="2903" started-at="2020-06-12T18:44:06 IST" data-provider="testData" finished-at="2020-06-12T18:44:09 IST">
          <params>
            <param index="0">
              <value>
                <![CDATA[88]]>
              </value>
            </param>
            <param index="1">
              <value>
                <![CDATA[[Ljava.lang.String;@2c444798]]>
              </value>
            </param>
          </params>
          <reporter-output>
            <line>
              <![CDATA[Enter data 2009/ 2/ 17
]]>
            </line>
            <line>
              <![CDATA[Entered value as 2009/ 2/ 17
]]>
            </line>
            <line>
              <![CDATA[Tap on Submit
]]>
            </line>
            <line>
              <![CDATA[Submitted
]]>
            </line>
            <line>
              <![CDATA[Verify that parsing result should shown as Tue Feb 17 2009 00:00:00 GMT+0000
]]>
            </line>
          </reporter-output>
        </test-method> <!-- verifyDateParse -->
        <test-method status="PASS" signature="storeResult(org.testng.ITestResult)[pri:0, instance:test.propin.TestDateParsing@3f67593e]" name="storeResult" is-config="true" duration-ms="347" started-at="2020-06-12T18:44:09 IST" finished-at="2020-06-12T18:44:10 IST">
          <params>
            <param index="0">
              <value>
                <![CDATA[[TestResult name=verifyDateParse status=SUCCESS method=TestDateParsing.verifyDateParse(java.lang.String, [Ljava.lang.String;)[pri:0, instance:test.propin.TestDateParsing@3f67593e] output=Enter data 2009/ 2/ 17
]]]>
              </value>
            </param>
          </params>
          <reporter-output>
          </reporter-output>
        </test-method> <!-- storeResult -->
        <test-method status="PASS" signature="getActualData([Ljava.lang.Object;)[pri:0, instance:test.propin.TestDateParsing@3f67593e]" name="getActualData" is-config="true" duration-ms="0" started-at="2020-06-12T18:44:10 IST" finished-at="2020-06-12T18:44:10 IST">
          <params>
            <param index="0">
              <value>
                <![CDATA[[Ljava.lang.Object;@4bcf08ae]]>
              </value>
            </param>
          </params>
          <reporter-output>
          </reporter-output>
        </test-method> <!-- getActualData -->
        <test-method status="FAIL" signature="verifyDateParse(java.lang.String, [Ljava.lang.String;)[pri:0, instance:test.propin.TestDateParsing@3f67593e]" name="verifyDateParse" duration-ms="2829" started-at="2020-06-12T18:44:10 IST" data-provider="testData" finished-at="2020-06-12T18:44:12 IST">
          <params>
            <param index="0">
              <value>
                <![CDATA[89]]>
              </value>
            </param>
            <param index="1">
              <value>
                <![CDATA[[Ljava.lang.String;@7726e185]]>
              </value>
            </param>
          </params>
          <exception class="java.lang.AssertionError">
            <message>
              <![CDATA[ 
 Verification failed getting parsing result as [ Invalid Date ] instead of [ Fri May 01 2009 00:00:00 GMT+0000 ] for Enter value is 2009/ 4/ 31 expected [true] but found [false]]]>
            </message>
            <full-stacktrace>
              <![CDATA[java.lang.AssertionError:  
 Verification failed getting parsing result as [ Invalid Date ] instead of [ Fri May 01 2009 00:00:00 GMT+0000 ] for Enter value is 2009/ 4/ 31 expected [true] but found [false]
at org.testng.Assert.fail(Assert.java:97)
at org.testng.Assert.failNotEquals(Assert.java:969)
at org.testng.Assert.assertTrue(Assert.java:43)
at test.propin.TestDateParsing.verifyDateParse(TestDateParsing.java:35)
at sun.reflect.NativeMethodAccessorImpl.invoke0(Native Method)
at sun.reflect.NativeMethodAccessorImpl.invoke(NativeMethodAccessorImpl.java:62)
at sun.reflect.DelegatingMethodAccessorImpl.invoke(DelegatingMethodAccessorImpl.java:43)
[...]
          <params>
            <param index="0">
              <value>
                <![CDATA[84]]>
              </value>
            </param>
            <param index="1">
              <value>
                <![CDATA[[Ljava.lang.String;@5d202dc4]]>
              </value>
            </param>
          </params>
          <exception class="java.lang.AssertionError">
            <message>
              <![CDATA[ 
 Verification failed getting parsing result as [ Wed Feb 29 2012 00:00:00 GMT+0000 ] instead of [ Invalid date ] for Enter value is  29/ 2/2012 expected [true] but found [false]]]>
            </message>
            <full-stacktrace>
              <![CDATA[java.lang.AssertionError:  
 Verification failed getting parsing result as [ Wed Feb 29 2012 00:00:00 GMT+0000 ] instead of [ Invalid date ] for Enter value is  29/ 2/2012 expected [true] but found [false]
at org.testng.Assert.fail(Assert.java:97)
at org.testng.Assert.failNotEquals(Assert.java:969)
at org.testng.Assert.assertTrue(Assert.java:43)
at test.propin.TestDateParsing.verifyDateParse(TestDateParsing.java:35)
at sun.reflect.GeneratedMethodAccessor3.invoke(Unknown Source)
at sun.reflect.DelegatingMethodAccessorImpl.invoke(DelegatingMethodAccessorImpl.java:43)
at java.lang.reflect.Method.invoke(Method.java:498)
at org.testng.internal.MethodInvocationHelper.invokeMethod(MethodInvocationHelper.java:134)
at org.testng.internal.TestInvoker.invokeMethod(TestInvoker.java:597)
at org.testng.internal.TestInvoker.invokeTestMethod(TestInvoker.java:173)
at org.testng.internal.MethodRunner.runInSequence(MethodRunner.java:46)
at org.testng.internal.TestInvoker$MethodInvocationAgent.invoke(TestInvoker.java:816)
at org.testng.internal.TestInvoker.invokeTestMethods(TestInvoker.java:146)
at org.testng.internal.TestMethodWorker.invokeTestMethods(TestMethodWorker.java:146)
at org.testng.internal.TestMethodWorker.run(TestMethodWorker.java:128)
at java.util.ArrayList.forEach(ArrayList.java:1257)
at org.testng.TestRunner.privateRun(TestRunner.java:766)
at org.testng.TestRunner.run(TestRunner.java:587)
at org.testng.SuiteRunner.runTest(SuiteRunner.java:384)
at org.testng.SuiteRunner.runSequentially(SuiteRunner.java:378)
at org.testng.SuiteRunner.privateRun(SuiteRunner.java:337)
at org.testng.SuiteRunner.run(SuiteRunner.java:286)
at org.testng.SuiteRunnerWorker.runSuite(SuiteRunnerWorker.java:53)
at org.testng.SuiteRunnerWorker.run(SuiteRunnerWorker.java:96)
at org.testng.TestNG.runSuitesSequentially(TestNG.java:1187)
at org.testng.TestNG.runSuitesLocally(TestNG.java:1109)
at org.testng.TestNG.runSuites(TestNG.java:1039)
at org.testng.TestNG.run(TestNG.java:1007)
at org.apache.maven.surefire.testng.TestNGExecutor.run(TestNGExecutor.java:283)
at org.apache.maven.surefire.testng.TestNGXmlTestSuite.execute(TestNGXmlTestSuite.java:75)
at org.apache.maven.surefire.testng.TestNGProvider.invoke(TestNGProvider.java:120)
at org.apache.maven.surefire.booter.ForkedBooter.invokeProviderInSameClassLoader(ForkedBooter.java:384)
at org.apache.maven.surefire.booter.ForkedBooter.runSuitesInProcess(ForkedBooter.java:345)
at org.apache.maven.surefire.booter.ForkedBooter.execute(ForkedBooter.java:126)
at org.apache.maven.surefire.booter.ForkedBooter.main(ForkedBooter.java:418)
]]>
            </full-stacktrace>
          </exception> <!-- java.lang.AssertionError -->
          <reporter-output>
            <line>
              <![CDATA[Enter data  29/ 2/2012
]]>
            </line>
            <line>
              <![CDATA[Entered value as  29/ 2/2012
]]>
            </line>
            <line>
              <![CDATA[Tap on Submit
]]>
            </line>
            <line>
              <![CDATA[Submitted
]]>
            </line>
            <line>
              <![CDATA[Verify that parsing result should shown as Wed Feb 29 2012 00:00:00 GMT+0000
]]>
            </line>
            <line>
              <![CDATA[ 
 Verification failed getting parsing result as [ Wed Feb 29 2012 00:00:00 GMT+0000 ] instead of [ Invalid date ] for Enter value is  29/ 2/2012
]]>
            </line>
          </reporter-output>
        </test-method> <!-- verifyDateParse -->
        <test-method status="PASS" signature="getActualData([Ljava.lang.Object;)[pri:0, instance:test.propin.TestDateParsing@3f67593e]" name="getActualData" is-config="true" duration-ms="0" started-at="2020-06-12T18:52:40 IST" finished-at="2020-06-12T18:52:40 IST">
          <params>
            <param index="0">
              <value>
                <![CDATA[[Ljava.lang.Object;@575fe6da]]>
              </value>
            </param>
          </params>
          <reporter-output>
          </reporter-output>
        </test-method> <!-- getActualData -->
        <test-method status="PASS" signature="startTest(java.lang.reflect.Method)[pri:0, instance:test.propin.TestDateParsing@3f67593e]" name="startTest" is-config="true" duration-ms="0" started-at="2020-06-12T18:52:40 IST" depends-on-methods="prop.commonUtility.CommonPreAndPostConditions.getActualData" finished-at="2020-06-12T18:52:40 IST">
          <params>
            <param index="0">
              <value>
                <![CDATA[public void test.propin.TestDateParsing.verifyDateParse(java.lang.String,java.lang.String[]) throws java.lang.InterruptedException]]>
              </value>
            </param>
          </params>
          <reporter-output>
          </reporter-output>
        </test-method> <!-- startTest -->
        <test-method status="PASS" signature="storeResult(org.testng.ITestResult)[pri:0, instance:test.propin.TestDateParsing@3f67593e]" name="storeResult" is-config="true" duration-ms="105" started-at="2020-06-12T18:52:44 IST" finished-at="2020-06-12T18:52:44 IST">
          <params>
            <param index="0">
              <value>
                <![CDATA[[TestResult name=verifyDateParse status=FAILURE method=TestDateParsing.verifyDateParse(java.lang.String, [Ljava.lang.String;)[pri:0, instance:test.propin.TestDateParsing@3f67593e] output=Enter data  29/ 2/2012
]]]>
              </value>
            </param>
          </params>
          <reporter-output>
          </reporter-output>
        </test-method> <!-- storeResult -->
        <test-method status="PASS" signature="getActualData([Ljava.lang.Object;)[pri:0, instance:test.propin.TestDateParsing@3f67593e]" name="getActualData" is-config="true" duration-ms="0" started-at="2020-06-12T18:52:44 IST" finished-at="2020-06-12T18:52:44 IST">
          <params>
            <param index="0">
              <value>
                <![CDATA[[Ljava.lang.Object;@149238fe]]>
              </value>
            </param>
          </params>
          <reporter-output>
          </reporter-output>
        </test-method> <!-- getActualData -->
        <test-method status="PASS" signature="startTest(java.lang.reflect.Method)[pri:0, instance:test.propin.TestDateParsing@3f67593e]" name="startTest" is-config="true" duration-ms="1" started-at="2020-06-12T18:52:44 IST" depends-on-methods="prop.commonUtility.CommonPreAndPostConditions.getActualData" finished-at="2020-06-12T18:52:44 IST">
          <params>
            <param index="0">
              <value>
                <![CDATA[public void test.propin.TestDateParsing.verifyDateParse(java.lang.String,java.lang.String[]) throws java.lang.InterruptedException]]>
              </value>
            </param>
          </params>
          <reporter-output>
          </reporter-output>
        </test-method> <!-- startTest -->
        <test-method status="PASS" signature="verifyDateParse(java.lang.String, [Ljava.lang.String;)[pri:0, instance:test.propin.TestDateParsing@3f67593e]" name="verifyDateParse" duration-ms="2756" started-at="2020-06-12T18:52:44 IST" data-provider="testData" finished-at="2020-06-12T18:52:47 IST">
          <params>
            <param index="0">
              <value>
                <![CDATA[85]]>
              </value>
            </param>
            <param index="1">
              <value>
                <![CDATA[[Ljava.lang.String;@46d51d5e]]>
              </value>
            </param>
          </params>
          <reporter-output>
            <line>
              <![CDATA[Enter data  13/ 13/2019
]]>
            </line>
            <line>
              <![CDATA[Entered value as  13/ 13/2019
]]>
            </line>
            <line>
              <![CDATA[Tap on Submit
]]>
            </line>
            <line>
              <![CDATA[Submitted
]]>
            </line>
            <line>
              <![CDATA[Verify that parsing result should shown as Invalid Date
]]>
            </line>
          </reporter-output>
        </test-method> <!-- verifyDateParse -->
        <test-method status="PASS" signature="storeResult(org.testng.ITestResult)[pri:0, instance:test.propin.TestDateParsing@3f67593e]" name="storeResult" is-config="true" duration-ms="108" started-at="2020-06-12T18:52:47 IST" finished-at="2020-06-12T18:52:47 IST">
          <params>
            <param index="0">
              <value>
                <![CDATA[[TestResult name=verifyDateParse status=SUCCESS method=TestDateParsing.verifyDateParse(java.lang.String, [Ljava.lang.String;)[pri:0, instance:test.propin.TestDateParsing@3f67593e] output=Enter data  13/ 13/2019
]]]>
              </value>
            </param>
          </params>
          <reporter-output>
          </reporter-output>
        </test-method> <!-- storeResult -->
        <test-method status="PASS" signature="getActualData([Ljava.lang.Object;)[pri:0, instance:test.propin.TestDateParsing@3f67593e]" name="getActualData" is-config="true" duration-ms="0" started-at="2020-06-12T18:52:47 IST" finished-at="2020-06-12T18:52:47 IST">
          <params>
            <param index="0">
              <value>
                <![CDATA[[Ljava.lang.Object;@a0bdbe2]]>
              </value>
            </param>
          </params>
          <reporter-output>
          </reporter-output>
        </test-method> <!-- getActualData -->
        <test-method status="PASS" signature="startTest(java.lang.reflect.Method)[pri:0, instance:test.propin.TestDateParsing@3f67593e]" name="startTest" is-config="true" duration-ms="0" started-at="2020-06-12T18:52:47 IST" depends-on-methods="prop.commonUtility.CommonPreAndPostConditions.getActualData" finished-at="2020-06-12T18:52:47 IST">
          <params>
            <param index="0">
              <value>
                <![CDATA[public void test.propin.TestDateParsing.verifyDateParse(java.lang.String,java.lang.String[]) throws java.lang.InterruptedException]]>
              </value>
            </param>
          </params>
          <reporter-output>
          </reporter-output>
        </test-method> <!-- startTest -->
        <test-method status="FAIL" signature="verifyDateParse(java.lang.String, [Ljava.lang.String;)[pri:0, instance:test.propin.TestDateParsing@3f67593e]" name="verifyDateParse" duration-ms="2731" started-at="2020-06-12T18:52:47 IST" data-provider="testData" finished-at="2020-06-12T18:52:49 IST">
          <params>
            <param index="0">
              <value>
                <![CDATA[86]]>
              </value>
            </param>
            <param index="1">
              <value>
                <![CDATA[[Ljava.lang.String;@7348e75e]]>
              </value>
            </param>
          </params>
          <exception class="java.lang.AssertionError">
            <message>
              <![CDATA[ 
 Verification failed getting parsing result as [ Mon Dec 02 2002 00:00:00 GMT+0000 ] instead of [ Tue Feb 12 2002 00:00:00 GMT+0000 ] for Enter value is  02/ 12/0002 expected [true] but found [false]]]>
            </message>
            <full-stacktrace>
              <![CDATA[java.lang.AssertionError:  
 Verification failed getting parsing result as [ Mon Dec 02 2002 00:00:00 GMT+0000 ] instead of [ Tue Feb 12 2002 00:00:00 GMT+0000 ] for Enter value is  02/ 12/0002 expected [true] but found [false]
at org.testng.Assert.fail(Assert.java:97)
at org.testng.Assert.failNotEquals(Assert.java:969)
at org.testng.Assert.assertTrue(Assert.java:43)
at test.propin.TestDateParsing.verifyDateParse(TestDateParsing.java:35)
at sun.reflect.GeneratedMethodAccessor3.invoke(Unknown Source)
at sun.reflect.DelegatingMethodAccessorImpl.invoke(DelegatingMethodAccessorImpl.java:43)
at java.lang.reflect.Method.invoke(Method.java:498)
at org.testng.internal.MethodInvocationHelper.invokeMethod(MethodInvocationHelper.java:134)
at org.testng.internal.TestInvoker.invokeMethod(TestInvoker.java:597)
at org.testng.internal.TestInvoker.invokeTestMethod(TestInvoker.java:173)
at org.testng.internal.MethodRunner.runInSequence(MethodRunner.java:46)
at org.testng.internal.TestInvoker$MethodInvocationAgent.invoke(TestInvoker.java:816)
at org.testng.internal.TestInvoker.invokeTestMethods(TestInvoker.java:146)
at org.testng.internal.TestMethodWorker.invokeTestMethods(TestMethodWorker.java:146)
at org.testng.internal.TestMethodWorker.run(TestMethodWorker.java:128)
at java.util.ArrayList.forEach(ArrayList.java:1257)
at org.testng.TestRunner.privateRun(TestRunner.java:766)
at org.testng.TestRunner.run(TestRunner.java:587)
at org.testng.SuiteRunner.runTest(SuiteRunner.java:384)
at org.testng.SuiteRunner.runSequentially(SuiteRunner.java:378)
at org.testng.SuiteRunner.privateRun(SuiteRunner.java:337)
at org.testng.SuiteRunner.run(SuiteRunner.java:286)
at org.testng.SuiteRunnerWorker.runSuite(SuiteRunnerWorker.java:53)
at org.testng.SuiteRunnerWorker.run(SuiteRunnerWorker.java:96)
at org.testng.TestNG.runSuitesSequentially(TestNG.java:1187)
at org.testng.TestNG.runSuitesLocally(TestNG.java:1109)
at org.testng.TestNG.runSuites(TestNG.java:1039)
at org.testng.TestNG.run(TestNG.java:1007)
at org.apache.maven.surefire.testng.TestNGExecutor.run(TestNGExecutor.java:283)
at org.apache.maven.surefire.testng.TestNGXmlTestSuite.execute(TestNGXmlTestSuite.java:75)
at org.apache.maven.surefire.testng.TestNGProvider.invoke(TestNGProvider.java:120)
at org.apache.maven.surefire.booter.ForkedBooter.invokeProviderInSameClassLoader(ForkedBooter.java:384)
at org.apache.maven.surefire.booter.ForkedBooter.runSuitesInProcess(ForkedBooter.java:345)
at org.apache.maven.surefire.booter.ForkedBooter.execute(ForkedBooter.java:126)
at org.apache.maven.surefire.booter.ForkedBooter.main(ForkedBooter.java:418)
]]>
            </full-stacktrace>
          </exception> <!-- java.lang.AssertionError -->
          <reporter-output>
            <line>
              <![CDATA[Enter data  02/ 12/0002
]]>
            </line>
            <line>
              <![CDATA[Entered value as  02/ 12/0002
]]>
            </line>
            <line>
              <![CDATA[Tap on Submit
]]>
            </line>
            <line>
              <![CDATA[Submitted
]]>
            </line>
            <line>
              <![CDATA[Verify that parsing result should shown as Mon Dec 02 2002 00:00:00 GMT+0000
]]>
            </line>
            <line>
              <![CDATA[ 
 Verification failed getting parsing result as [ Mon Dec 02 2002 00:00:00 GMT+0000 ] instead of [ Tue Feb 12 2002 00:00:00 GMT+0000 ] for Enter value is  02/ 12/0002
]]>
            </line>
          </reporter-output>
        </test-method> <!-- verifyDateParse -->
        <test-method status="PASS" signature="storeResult(org.testng.ITestResult)[pri:0, instance:test.propin.TestDateParsing@3f67593e]" name="storeResult" is-config="true" duration-ms="109" started-at="2020-06-12T18:52:50 IST" finished-at="2020-06-12T18:52:50 IST">
          <params>
            <param index="0">
              <value>
                <![CDATA[[TestResult name=verifyDateParse status=FAILURE method=TestDateParsing.verifyDateParse(java.lang.String, [Ljava.lang.String;)[pri:0, instance:test.propin.TestDateParsing@3f67593e] output=Enter data  02/ 12/0002
]]]>
              </value>
            </param>
          </params>
          <reporter-output>
          </reporter-output>
        </test-method> <!-- storeResult -->
        <test-method status="PASS" signature="getActualData([Ljava.lang.Object;)[pri:0, instance:test.propin.TestDateParsing@3f67593e]" name="getActualData" is-config="true" duration-ms="0" started-at="2020-06-12T18:52:50 IST" finished-at="2020-06-12T18:52:50 IST">
          <params>
            <param index="0">
              <value>
                <![CDATA[[Ljava.lang.Object;@261099e1]]>
              </value>
            </param>
          </params>
          <reporter-output>
          </reporter-output>
        </test-method> <!-- getActualData -->
        <test-method status="PASS" signature="verifyDateParse(java.lang.String, [Ljava.lang.String;)[pri:0, instance:test.propin.TestDateParsing@3f67593e]" name="verifyDateParse" duration-ms="3110" started-at="2020-06-12T18:52:50 IST" data-provider="testData" finished-at="2020-06-12T18:52:53 IST">
          <params>
            <param index="0">
              <value>
                <![CDATA[87]]>
              </value>
            </param>
            <param index="1">
              <value>
                <![CDATA[[Ljava.lang.String;@3462e99a]]>
              </value>
            </param>
          </params>
          <reporter-output>
            <line>
              <![CDATA[Enter data  $$/ 2/2019
]]>
            </line>
            <line>
              <![CDATA[Entered value as  $$/ 2/2019
]]>
            </line>
            <line>
              <![CDATA[Tap on Submit
]]>
            </line>
            <line>
              <![CDATA[Submitted
]]>
            </line>
            <line>
              <![CDATA[Verify that parsing result should shown as Invalid Date
]]>
            </line>
          </reporter-output>
        </test-method> <!-- verifyDateParse -->
        <test-method status="PASS" signature="startTest(java.lang.reflect.Method)[pri:0, instance:test.propin.TestDateParsing@3f67593e]" name="startTest" is-config="true" duration-ms="0" started-at="2020-06-12T18:52:50 IST" depends-on-methods="prop.commonUtility.CommonPreAndPostConditions.getActualData" finished-at="2020-06-12T18:52:50 IST">
          <params>
            <param index="0">
              <value>
                <![CDATA[public void test.propin.TestDateParsing.verifyDateParse(java.lang.String,java.lang.String[]) throws java.lang.InterruptedException]]>
              </value>
            </param>
          </params>
          <reporter-output>
          </reporter-output>
        </test-method> <!-- startTest -->
        <test-method status="PASS" signature="storeResult(org.testng.ITestResult)[pri:0, instance:test.propin.TestDateParsing@3f67593e]" name="storeResult" is-config="true" duration-ms="107" started-at="2020-06-12T18:52:53 IST" finished-at="2020-06-12T18:52:53 IST">
          <params>
            <param index="0">
              <value>
                <![CDATA[[TestResult name=verifyDateParse status=SUCCESS method=TestDateParsing.verifyDateParse(java.lang.String, [Ljava.lang.String;)[pri:0, instance:test.propin.TestDateParsing@3f67593e] output=Enter data  $$/ 2/2019
]]]>
              </value>
            </param>
          </params>
          <reporter-output>
          </reporter-output>
        </test-method> <!-- storeResult -->
        <test-method status="PASS" signature="closeBrowser()[pri:0, instance:test.propin.TestDateParsing@3f67593e]" name="closeBrowser" is-config="true" duration-ms="126" started-at="2020-06-12T18:52:53 IST" finished-at="2020-06-12T18:52:53 IST">
          <reporter-output>
          </reporter-output>
        </test-method> <!-- closeBrowser -->
      </class> <!-- test.propin.TestDateParsing -->
    </test> <!-- TestDataParsing -->
  </suite> <!-- propinTest -->
</testng-results>
