-------------------------------------------------------------------------------
Test set: TestSuite
-------------------------------------------------------------------------------
Tests run: 166, Failures: 79, Errors: 0, Skipped: 0, Time elapsed: 533.736 s <<< FAILURE! - in TestSuite
verifyDateParse(test.propin.TestDateParsing)  Time elapsed: 3.442 s  <<< FAILURE!
java.lang.AssertionError: 
 
 Verification failed getting parsing result as [ Invalid Date ] instead of [ Fri May 01 2009 00:00:00 GMT+0000 ] for Enter value is 2009/ 4/ 31 expected [true] but found [false]
	at test.propin.TestDateParsing.verifyDateParse(TestDateParsing.java:35)

verifyDateParse(test.propin.TestDateParsing)  Time elapsed: 3.99 s  <<< FAILURE!
java.lang.AssertionError: 
 
 Verification failed getting parsing result as [ Wed Feb 29 2012 00:00:00 GMT+0000 ] instead of [ Invalid date ] for Enter value is 29 2 2012 expected [true] but found [false]
	at test.propin.TestDateParsing.verifyDateParse(TestDateParsing.java:35)

verifyDateParse(test.propin.TestDateParsing)  Time elapsed: 3.314 s  <<< FAILURE!
java.lang.AssertionError: 
 
 Verification failed getting parsing result as [ Mon Dec 02 2002 00:00:00 GMT+0000 ] instead of [ Tue Feb 12 2002 00:00:00 GMT+0000 ] for Enter value is 2 12 0002 expected [true] but found [false]
	at test.propin.TestDateParsing.verifyDateParse(TestDateParsing.java:35)

verifyDateParse(test.propin.TestDateParsing)  Time elapsed: 3.26 s  <<< FAILURE!
java.lang.AssertionError: 
 
 Verification failed getting parsing result as [ Invalid Date ] instead of [ Fri May 01 2009 00:00:00 GMT+0000 ] for Enter value is 2009 4 31 expected [true] but found [false]
	at test.propin.TestDateParsing.verifyDateParse(TestDateParsing.java:35)

verifyDateParse(test.propin.TestDateParsing)  Time elapsed: 3.37 s  <<< FAILURE!
java.lang.AssertionError: 
 
 Verification failed getting parsing result as [ Invalid Date ] instead of [ Mon Mar 01 2010 00:00:00 GMT+0000 ] for Enter value is 2010 2 29 expected [true] but found [false]
	at test.propin.TestDateParsing.verifyDateParse(TestDateParsing.java:35)

verifyDateParse(test.propin.TestDateParsing)  Time elapsed: 3.365 s  <<< FAILURE!
java.lang.AssertionError: 
 
 Verification failed getting parsing result as [ Invalid Date ] instead of [ Mon Mar 01 2010 00:00:00 GMT+0000 ] for Enter value is 2010/ 2/ 29 expected [true] but found [false]
	at test.propin.TestDateParsing.verifyDateParse(TestDateParsing.java:35)

verifyDateParse(test.propin.TestDateParsing)  Time elapsed: 3.262 s  <<< FAILURE!
java.lang.AssertionError: 
 
 Verification failed getting parsing result as [ Tue Feb 17 2009 00:00:00 GMT+0000 ] instead of [ Invalid date ] for Enter value is -2009- -2 -17 expected [true] but found [false]
	at test.propin.TestDateParsing.verifyDateParse(TestDateParsing.java:35)

verifyDateParse(test.propin.TestDateParsing)  Time elapsed: 3.31 s  <<< FAILURE!
java.lang.AssertionError: 
 
 Verification failed getting parsing result as [ Tue Feb 17 2009 00:00:00 GMT+0000 ] instead of [ Invalid date ] for Enter value is -2009-/ -2/ -17 expected [true] but found [false]
	at test.propin.TestDateParsing.verifyDateParse(TestDateParsing.java:35)

verifyDateParse(test.propin.TestDateParsing)  Time elapsed: 3.301 s  <<< FAILURE!
java.lang.AssertionError: 
 
 Verification failed getting parsing result as [ Mon Dec 02 2002 00:00:00 GMT+0000 ] instead of [ Tue Feb 12 2002 00:00:00 GMT+0000 ] for Enter value is 0002/ 12/ 02 expected [true] but found [false]
	at test.propin.TestDateParsing.verifyDateParse(TestDateParsing.java:35)

verifyDateParse(test.propin.TestDateParsing)  Time elapsed: 3.259 s  <<< FAILURE!
java.lang.AssertionError: 
 
 Verification failed getting parsing result as [ Invalid Date ] instead of [ Fri Feb 01 2019 00:00:00 GMT+0000 ] for Enter value is 2019/ 2/ $$ expected [true] but found [false]
	at test.propin.TestDateParsing.verifyDateParse(TestDateParsing.java:35)

verifyDateParse(test.propin.TestDateParsing)  Time elapsed: 3.294 s  <<< FAILURE!
java.lang.AssertionError: 
 
 Verification failed getting parsing result as [ Tue Feb 17 2009 00:00:00 GMT+0000 ] instead of [ Invalid date ] for Enter value is 17/02/2009 expected [true] but found [false]
	at test.propin.TestDateParsing.verifyDateParse(TestDateParsing.java:35)

verifyDateParse(test.propin.TestDateParsing)  Time elapsed: 3.37 s  <<< FAILURE!
java.lang.AssertionError: 
 
 Verification failed getting parsing result as [ Invalid Date ] instead of [ Fri May 01 2009 00:00:00 GMT+0000 ] for Enter value is      04 31 2009 expected [true] but found [false]
	at test.propin.TestDateParsing.verifyDateParse(TestDateParsing.java:35)

verifyDateParse(test.propin.TestDateParsing)  Time elapsed: 4.764 s  <<< FAILURE!
java.lang.AssertionError: 
 
 Verification failed getting parsing result as [ Invalid Date ] instead of [ Mon Mar 01 2010 00:00:00 GMT+0000 ] for Enter value is   02 29 2010 expected [true] but found [false]
	at test.propin.TestDateParsing.verifyDateParse(TestDateParsing.java:35)

verifyDateParse(test.propin.TestDateParsing)  Time elapsed: 3.258 s  <<< FAILURE!
java.lang.AssertionError: 
 
 Verification failed getting parsing result as [ Tue Feb 17 2009 00:00:00 GMT+0000 ] instead of [ Invalid date ] for Enter value is -17/-02/-2009 expected [true] but found [false]
	at test.propin.TestDateParsing.verifyDateParse(TestDateParsing.java:35)

verifyDateParse(test.propin.TestDateParsing)  Time elapsed: 3.265 s  <<< FAILURE!
java.lang.AssertionError: 
 
 Verification failed getting parsing result as [ Wed Feb 29 2012 00:00:00 GMT+0000 ] instead of [ Invalid date ] for Enter value is 29/02/2012 expected [true] but found [false]
	at test.propin.TestDateParsing.verifyDateParse(TestDateParsing.java:35)

verifyDateParse(test.propin.TestDateParsing)  Time elapsed: 3.268 s  <<< FAILURE!
java.lang.AssertionError: 
 
 Verification failed getting parsing result as [ Mon Dec 02 2002 00:00:00 GMT+0000 ] instead of [ Tue Feb 12 2002 00:00:00 GMT+0000 ] for Enter value is 02/12/0002 expected [true] but found [false]
	at test.propin.TestDateParsing.verifyDateParse(TestDateParsing.java:35)

verifyDateParse(test.propin.TestDateParsing)  Time elapsed: 3.345 s  <<< FAILURE!
java.lang.AssertionError: 
 
 Verification failed getting parsing result as [ Mon Dec 02 2002 00:00:00 GMT+0000 ] instead of [ Tue Feb 12 2002 00:00:00 GMT+0000 ] for Enter value is 0002 12 02 expected [true] but found [false]
	at test.propin.TestDateParsing.verifyDateParse(TestDateParsing.java:35)

verifyDateParse(test.propin.TestDateParsing)  Time elapsed: 3.346 s  <<< FAILURE!
java.lang.AssertionError: 
 
 Verification failed getting parsing result as [ Invalid Date ] instead of [ Fri Feb 01 2019 00:00:00 GMT+0000 ] for Enter value is 2019 2 $$ expected [true] but found [false]
	at test.propin.TestDateParsing.verifyDateParse(TestDateParsing.java:35)

verifyDateParse(test.propin.TestDateParsing)  Time elapsed: 3.281 s  <<< FAILURE!
java.lang.AssertionError: 
 
 Verification failed getting parsing result as [ Invalid Date ] instead of [ Fri May 01 2009 00:00:00 GMT+0000 ] for Enter value is 04/31/2009 expected [true] but found [false]
	at test.propin.TestDateParsing.verifyDateParse(TestDateParsing.java:35)

verifyDateParse(test.propin.TestDateParsing)  Time elapsed: 3.271 s  <<< FAILURE!
java.lang.AssertionError: 
 
 Verification failed getting parsing result as [ Invalid Date ] instead of [ Mon Mar 01 2010 00:00:00 GMT+0000 ] for Enter value is 02/29/2010 expected [true] but found [false]
	at test.propin.TestDateParsing.verifyDateParse(TestDateParsing.java:35)

verifyDateParse(test.propin.TestDateParsing)  Time elapsed: 3.297 s  <<< FAILURE!
java.lang.AssertionError: 
 
 Verification failed getting parsing result as [ Invalid Date ] instead of [ Fri May 01 2009 00:00:00 GMT+0000 ] for Enter value is   Apr 31 2009 expected [true] but found [false]
	at test.propin.TestDateParsing.verifyDateParse(TestDateParsing.java:35)

verifyDateParse(test.propin.TestDateParsing)  Time elapsed: 3.361 s  <<< FAILURE!
java.lang.AssertionError: 
 
 Verification failed getting parsing result as [ Tue Feb 17 2009 00:00:00 GMT+0000 ] instead of [ Invalid date ] for Enter value is -02/-17/-2009 expected [true] but found [false]
	at test.propin.TestDateParsing.verifyDateParse(TestDateParsing.java:35)

verifyDateParse(test.propin.TestDateParsing)  Time elapsed: 3.228 s  <<< FAILURE!
java.lang.AssertionError: 
 
 Verification failed getting parsing result as [ Invalid Date ] instead of [ Mon Mar 01 2010 00:00:00 GMT+0000 ] for Enter value is Feb 29 2010 expected [true] but found [false]
	at test.propin.TestDateParsing.verifyDateParse(TestDateParsing.java:35)

verifyDateParse(test.propin.TestDateParsing)  Time elapsed: 3.262 s  <<< FAILURE!
java.lang.AssertionError: 
 
 Verification failed getting parsing result as [ Tue Feb 17 2009 00:00:00 GMT+0000 ] instead of [ Invalid date ] for Enter value is Feb -17 -2009 expected [true] but found [false]
	at test.propin.TestDateParsing.verifyDateParse(TestDateParsing.java:35)

verifyDateParse(test.propin.TestDateParsing)  Time elapsed: 3.255 s  <<< FAILURE!
java.lang.AssertionError: 
 
 Verification failed getting parsing result as [ Mon Dec 02 2002 00:00:00 GMT+0000 ] instead of [ Tue Feb 12 2002 00:00:00 GMT+0000 ] for Enter value is 02/12/0002 expected [true] but found [false]
	at test.propin.TestDateParsing.verifyDateParse(TestDateParsing.java:35)

verifyDateParse(test.propin.TestDateParsing)  Time elapsed: 3.317 s  <<< FAILURE!
java.lang.AssertionError: 
 
 Verification failed getting parsing result as [ Invalid Date ] instead of [ Fri Feb 01 2019 00:00:00 GMT+0000 ] for Enter value is Feb $$ 2019 expected [true] but found [false]
	at test.propin.TestDateParsing.verifyDateParse(TestDateParsing.java:35)

verifyDateParse(test.propin.TestDateParsing)  Time elapsed: 3.242 s  <<< FAILURE!
java.lang.AssertionError: 
 
 Verification failed getting parsing result as [ Invalid Date ] instead of [ Fri May 01 2009 00:00:00 GMT+0000 ] for Enter value is 2009/04/31 expected [true] but found [false]
	at test.propin.TestDateParsing.verifyDateParse(TestDateParsing.java:35)

verifyDateParse(test.propin.TestDateParsing)  Time elapsed: 3.26 s  <<< FAILURE!
java.lang.AssertionError: 
 
 Verification failed getting parsing result as [ Invalid Date ] instead of [ Mon Mar 01 2010 00:00:00 GMT+0000 ] for Enter value is 2010/02/29 expected [true] but found [false]
	at test.propin.TestDateParsing.verifyDateParse(TestDateParsing.java:35)

verifyDateParse(test.propin.TestDateParsing)  Time elapsed: 3.459 s  <<< FAILURE!
java.lang.AssertionError: 
 
 Verification failed getting parsing result as [ Tue Feb 17 2009 00:00:00 GMT+0000 ] instead of [ Invalid date ] for Enter value is -2009-/-02/-17 expected [true] but found [false]
	at test.propin.TestDateParsing.verifyDateParse(TestDateParsing.java:35)

verifyDateParse(test.propin.TestDateParsing)  Time elapsed: 3.366 s  <<< FAILURE!
java.lang.AssertionError: 
 
 Verification failed getting parsing result as [ Mon Dec 02 2002 00:00:00 GMT+0000 ] instead of [ Tue Feb 12 2002 00:00:00 GMT+0000 ] for Enter value is 0002/12/02 expected [true] but found [false]
	at test.propin.TestDateParsing.verifyDateParse(TestDateParsing.java:35)

verifyDateParse(test.propin.TestDateParsing)  Time elapsed: 3.263 s  <<< FAILURE!
java.lang.AssertionError: 
 
 Verification failed getting parsing result as [ Invalid Date ] instead of [ Fri Feb 01 2019 00:00:00 GMT+0000 ] for Enter value is 2019/02/$$ expected [true] but found [false]
	at test.propin.TestDateParsing.verifyDateParse(TestDateParsing.java:35)

verifyDateParse(test.propin.TestDateParsing)  Time elapsed: 3.245 s  <<< FAILURE!
java.lang.AssertionError: 
 
 Verification failed getting parsing result as [ Invalid Date ] instead of [ Fri May 01 2009 00:00:00 GMT+0000 ] for Enter value is      04/31/2009 expected [true] but found [false]
	at test.propin.TestDateParsing.verifyDateParse(TestDateParsing.java:35)

verifyDateParse(test.propin.TestDateParsing)  Time elapsed: 3.24 s  <<< FAILURE!
java.lang.AssertionError: 
 
 Verification failed getting parsing result as [ Invalid Date ] instead of [ Fri May 01 2009 00:00:00 GMT+0000 ] for Enter value is   31 Apr 2009 expected [true] but found [false]
	at test.propin.TestDateParsing.verifyDateParse(TestDateParsing.java:35)

verifyDateParse(test.propin.TestDateParsing)  Time elapsed: 3.475 s  <<< FAILURE!
java.lang.AssertionError: 
 
 Verification failed getting parsing result as [ Invalid Date ] instead of [ Mon Mar 01 2010 00:00:00 GMT+0000 ] for Enter value is 29 Feb 2010 expected [true] but found [false]
	at test.propin.TestDateParsing.verifyDateParse(TestDateParsing.java:35)

verifyDateParse(test.propin.TestDateParsing)  Time elapsed: 3.514 s  <<< FAILURE!
java.lang.AssertionError: 
 
 Verification failed getting parsing result as [ Tue Feb 17 2009 00:00:00 GMT+0000 ] instead of [ Invalid date ] for Enter value is -17 Feb -2009 expected [true] but found [false]
	at test.propin.TestDateParsing.verifyDateParse(TestDateParsing.java:35)

verifyDateParse(test.propin.TestDateParsing)  Time elapsed: 3.252 s  <<< FAILURE!
java.lang.AssertionError: 
 
 Verification failed getting parsing result as [ Invalid Date ] instead of [ Mon Mar 02 2009 00:00:00 GMT+0000 ] for Enter value is 30 Feb 2009 expected [true] but found [false]
	at test.propin.TestDateParsing.verifyDateParse(TestDateParsing.java:35)

verifyDateParse(test.propin.TestDateParsing)  Time elapsed: 3.255 s  <<< FAILURE!
java.lang.AssertionError: 
 
 Verification failed getting parsing result as [ Invalid Date ] instead of [ Fri May 01 2009 00:00:00 GMT+0000 ] for Enter value is 2009 Apr 31 expected [true] but found [false]
	at test.propin.TestDateParsing.verifyDateParse(TestDateParsing.java:35)

verifyDateParse(test.propin.TestDateParsing)  Time elapsed: 3.262 s  <<< FAILURE!
java.lang.AssertionError: 
 
 Verification failed getting parsing result as [ Invalid Date ] instead of [ Mon Mar 01 2010 00:00:00 GMT+0000 ] for Enter value is   02/29/2010 expected [true] but found [false]
	at test.propin.TestDateParsing.verifyDateParse(TestDateParsing.java:35)

verifyDateParse(test.propin.TestDateParsing)  Time elapsed: 3.326 s  <<< FAILURE!
java.lang.AssertionError: 
 
 Verification failed getting parsing result as [ Tue Feb 17 2009 00:00:00 GMT+0000 ] instead of [ Invalid date ] for Enter value is -02/-17/-2009 expected [true] but found [false]
	at test.propin.TestDateParsing.verifyDateParse(TestDateParsing.java:35)

verifyDateParse(test.propin.TestDateParsing)  Time elapsed: 3.264 s  <<< FAILURE!
java.lang.AssertionError: 
 
 Verification failed getting parsing result as [ Invalid Date ] instead of [ Fri May 01 2009 00:00:00 GMT+0000 ] for Enter value is   April ,31, 2009 expected [true] but found [false]
	at test.propin.TestDateParsing.verifyDateParse(TestDateParsing.java:35)

verifyDateParse(test.propin.TestDateParsing)  Time elapsed: 3.393 s  <<< FAILURE!
java.lang.AssertionError: 
 
 Verification failed getting parsing result as [ Invalid Date ] instead of [ Mon Mar 01 2010 00:00:00 GMT+0000 ] for Enter value is February ,29, 2010 expected [true] but found [false]
	at test.propin.TestDateParsing.verifyDateParse(TestDateParsing.java:35)

verifyDateParse(test.propin.TestDateParsing)  Time elapsed: 3.329 s  <<< FAILURE!
java.lang.AssertionError: 
 
 Verification failed getting parsing result as [ Invalid Date ] instead of [ Mon Mar 01 2010 00:00:00 GMT+0000 ] for Enter value is 2010 Feb 29  expected [true] but found [false]
	at test.propin.TestDateParsing.verifyDateParse(TestDateParsing.java:35)

verifyDateParse(test.propin.TestDateParsing)  Time elapsed: 3.192 s  <<< FAILURE!
java.lang.AssertionError: 
 
 Verification failed getting parsing result as [ Tue Feb 17 2009 00:00:00 GMT+0000 ] instead of [ Invalid date ] for Enter value is -2009 Feb -17 expected [true] but found [false]
	at test.propin.TestDateParsing.verifyDateParse(TestDateParsing.java:35)

verifyDateParse(test.propin.TestDateParsing)  Time elapsed: 3.361 s  <<< FAILURE!
java.lang.AssertionError: 
 
 Verification failed getting parsing result as [ Invalid Date ] instead of [ Mon Mar 02 2009 00:00:00 GMT+0000 ] for Enter value is 2009 Feb 30 expected [true] but found [false]
	at test.propin.TestDateParsing.verifyDateParse(TestDateParsing.java:35)

verifyDateParse(test.propin.TestDateParsing)  Time elapsed: 3.228 s  <<< FAILURE!
java.lang.AssertionError: 
 
 Verification failed getting parsing result as [ Invalid Date ] instead of [ Fri May 01 2009 00:00:00 GMT+0000 ] for Enter value is   31 Apr, 2009 expected [true] but found [false]
	at test.propin.TestDateParsing.verifyDateParse(TestDateParsing.java:35)

verifyDateParse(test.propin.TestDateParsing)  Time elapsed: 3.215 s  <<< FAILURE!
java.lang.AssertionError: 
 
 Verification failed getting parsing result as [ Invalid Date ] instead of [ Mon Mar 01 2010 00:00:00 GMT+0000 ] for Enter value is 29 Feb, 2010 expected [true] but found [false]
	at test.propin.TestDateParsing.verifyDateParse(TestDateParsing.java:35)

verifyDateParse(test.propin.TestDateParsing)  Time elapsed: 3.299 s  <<< FAILURE!
java.lang.AssertionError: 
 
 Verification failed getting parsing result as [ Tue Feb 17 2009 00:00:00 GMT+0000 ] instead of [ Invalid date ] for Enter value is -17 Feb, -2009 expected [true] but found [false]
	at test.propin.TestDateParsing.verifyDateParse(TestDateParsing.java:35)

verifyDateParse(test.propin.TestDateParsing)  Time elapsed: 3.357 s  <<< FAILURE!
java.lang.AssertionError: 
 
 Verification failed getting parsing result as [ Tue Feb 17 2009 00:00:00 GMT+0000 ] instead of [ Invalid date ] for Enter value is February , -17, -2009 expected [true] but found [false]
	at test.propin.TestDateParsing.verifyDateParse(TestDateParsing.java:35)

verifyDateParse(test.propin.TestDateParsing)  Time elapsed: 3.302 s  <<< FAILURE!
java.lang.AssertionError: 
 
 Verification failed getting parsing result as [ Invalid Date ] instead of [ Fri Feb 01 2019 00:00:00 GMT+0000 ] for Enter value is February , $$ , 2019 expected [true] but found [false]
	at test.propin.TestDateParsing.verifyDateParse(TestDateParsing.java:35)

verifyDateParse(test.propin.TestDateParsing)  Time elapsed: 3.276 s  <<< FAILURE!
java.lang.AssertionError: 
 
 Verification failed getting parsing result as [ Invalid Date ] instead of [ Mon Mar 02 2009 00:00:00 GMT+0000 ] for Enter value is February ,30 ,2009 expected [true] but found [false]
	at test.propin.TestDateParsing.verifyDateParse(TestDateParsing.java:35)

verifyDateParse(test.propin.TestDateParsing)  Time elapsed: 3.998 s  <<< FAILURE!
java.lang.AssertionError: 
 
 Verification failed getting parsing result as [ Invalid Date ] instead of [ Fri May 01 2009 00:00:00 GMT+0000 ] for Enter value is      4/31/2009 expected [true] but found [false]
	at test.propin.TestDateParsing.verifyDateParse(TestDateParsing.java:35)

verifyDateParse(test.propin.TestDateParsing)  Time elapsed: 3.343 s  <<< FAILURE!
java.lang.AssertionError: 
 
 Verification failed getting parsing result as [ Invalid Date ] instead of [ Mon Mar 01 2010 00:00:00 GMT+0000 ] for Enter value is   2/29/2010 expected [true] but found [false]
	at test.propin.TestDateParsing.verifyDateParse(TestDateParsing.java:35)

verifyDateParse(test.propin.TestDateParsing)  Time elapsed: 3.368 s  <<< FAILURE!
java.lang.AssertionError: 
 
 Verification failed getting parsing result as [ Tue Feb 17 2009 00:00:00 GMT+0000 ] instead of [ Invalid date ] for Enter value is -2/-17/-2009 expected [true] but found [false]
	at test.propin.TestDateParsing.verifyDateParse(TestDateParsing.java:35)

verifyDateParse(test.propin.TestDateParsing)  Time elapsed: 3.236 s  <<< FAILURE!
java.lang.AssertionError: 
 
 Verification failed getting parsing result as [ Invalid Date ] instead of [ Fri May 01 2009 00:00:00 GMT+0000 ] for Enter value is 2009, Apr 31 expected [true] but found [false]
	at test.propin.TestDateParsing.verifyDateParse(TestDateParsing.java:35)

verifyDateParse(test.propin.TestDateParsing)  Time elapsed: 3.508 s  <<< FAILURE!
java.lang.AssertionError: 
 
 Verification failed getting parsing result as [ Invalid Date ] instead of [ Mon Mar 01 2010 00:00:00 GMT+0000 ] for Enter value is 2010, Feb 29  expected [true] but found [false]
	at test.propin.TestDateParsing.verifyDateParse(TestDateParsing.java:35)

verifyDateParse(test.propin.TestDateParsing)  Time elapsed: 3.228 s  <<< FAILURE!
java.lang.AssertionError: 
 
 Verification failed getting parsing result as [ Tue Feb 17 2009 00:00:00 GMT+0000 ] instead of [ Invalid date ] for Enter value is -2009, Feb -17 expected [true] but found [false]
	at test.propin.TestDateParsing.verifyDateParse(TestDateParsing.java:35)

verifyDateParse(test.propin.TestDateParsing)  Time elapsed: 3.217 s  <<< FAILURE!
java.lang.AssertionError: 
 
 Verification failed getting parsing result as [ Tue Feb 17 2009 00:00:00 GMT+0000 ] instead of [ Invalid date ] for Enter value is 17/2/2009 expected [true] but found [false]
	at test.propin.TestDateParsing.verifyDateParse(TestDateParsing.java:35)

verifyDateParse(test.propin.TestDateParsing)  Time elapsed: 3.221 s  <<< FAILURE!
java.lang.AssertionError: 
 
 Verification failed getting parsing result as [ Tue Feb 17 2009 00:00:00 GMT+0000 ] instead of [ Invalid date ] for Enter value is -17/-2/-2009 expected [true] but found [false]
	at test.propin.TestDateParsing.verifyDateParse(TestDateParsing.java:35)

verifyDateParse(test.propin.TestDateParsing)  Time elapsed: 3.208 s  <<< FAILURE!
java.lang.AssertionError: 
 
 Verification failed getting parsing result as [ Wed Feb 29 2012 00:00:00 GMT+0000 ] instead of [ Invalid date ] for Enter value is 29/2/2012 expected [true] but found [false]
	at test.propin.TestDateParsing.verifyDateParse(TestDateParsing.java:35)

verifyDateParse(test.propin.TestDateParsing)  Time elapsed: 3.242 s  <<< FAILURE!
java.lang.AssertionError: 
 
 Verification failed getting parsing result as [ Invalid Date ] instead of [ Fri May 01 2009 00:00:00 GMT+0000 ] for Enter value is   Apr 31, 2009 expected [true] but found [false]
	at test.propin.TestDateParsing.verifyDateParse(TestDateParsing.java:35)

verifyDateParse(test.propin.TestDateParsing)  Time elapsed: 3.49 s  <<< FAILURE!
java.lang.AssertionError: 
 
 Verification failed getting parsing result as [ Invalid Date ] instead of [ Mon Mar 01 2010 00:00:00 GMT+0000 ] for Enter value is Feb 29, 2010 expected [true] but found [false]
	at test.propin.TestDateParsing.verifyDateParse(TestDateParsing.java:35)

verifyDateParse(test.propin.TestDateParsing)  Time elapsed: 3.289 s  <<< FAILURE!
java.lang.AssertionError: 
 
 Verification failed getting parsing result as [ Tue Feb 17 2009 00:00:00 GMT+0000 ] instead of [ Invalid date ] for Enter value is Feb -17, -2009 expected [true] but found [false]
	at test.propin.TestDateParsing.verifyDateParse(TestDateParsing.java:35)

verifyDateParse(test.propin.TestDateParsing)  Time elapsed: 3.251 s  <<< FAILURE!
java.lang.AssertionError: 
 
 Verification failed getting parsing result as [ Invalid Date ] instead of [ Fri Feb 01 2019 00:00:00 GMT+0000 ] for Enter value is Feb $$, 2019 expected [true] but found [false]
	at test.propin.TestDateParsing.verifyDateParse(TestDateParsing.java:35)

verifyDateParse(test.propin.TestDateParsing)  Time elapsed: 3.34 s  <<< FAILURE!
java.lang.AssertionError: 
 
 Verification failed getting parsing result as [ Mon Dec 02 2002 00:00:00 GMT+0000 ] instead of [ Tue Feb 12 2002 00:00:00 GMT+0000 ] for Enter value is 2/12/0002 expected [true] but found [false]
	at test.propin.TestDateParsing.verifyDateParse(TestDateParsing.java:35)

verifyDateParse(test.propin.TestDateParsing)  Time elapsed: 3.338 s  <<< FAILURE!
java.lang.AssertionError: 
 
 Verification failed getting parsing result as [ Invalid Date ] instead of [ Fri May 01 2009 00:00:00 GMT+0000 ] for Enter value is 2009/4/31 expected [true] but found [false]
	at test.propin.TestDateParsing.verifyDateParse(TestDateParsing.java:35)

verifyDateParse(test.propin.TestDateParsing)  Time elapsed: 3.327 s  <<< FAILURE!
java.lang.AssertionError: 
 
 Verification failed getting parsing result as [ Invalid Date ] instead of [ Mon Mar 01 2010 00:00:00 GMT+0000 ] for Enter value is 2010/2/29 expected [true] but found [false]
	at test.propin.TestDateParsing.verifyDateParse(TestDateParsing.java:35)

verifyDateParse(test.propin.TestDateParsing)  Time elapsed: 3.295 s  <<< FAILURE!
java.lang.AssertionError: 
 
 Verification failed getting parsing result as [ Tue Feb 17 2009 00:00:00 GMT+0000 ] instead of [ Invalid date ] for Enter value is -2009-/-2/-17 expected [true] but found [false]
	at test.propin.TestDateParsing.verifyDateParse(TestDateParsing.java:35)

verifyDateParse(test.propin.TestDateParsing)  Time elapsed: 3.229 s  <<< FAILURE!
java.lang.AssertionError: 
 
 Verification failed getting parsing result as [ Mon Dec 02 2002 00:00:00 GMT+0000 ] instead of [ Tue Feb 12 2002 00:00:00 GMT+0000 ] for Enter value is 0002/12/02 expected [true] but found [false]
	at test.propin.TestDateParsing.verifyDateParse(TestDateParsing.java:35)

verifyDateParse(test.propin.TestDateParsing)  Time elapsed: 3.23 s  <<< FAILURE!
java.lang.AssertionError: 
 
 Verification failed getting parsing result as [ Invalid Date ] instead of [ Fri Feb 01 2019 00:00:00 GMT+0000 ] for Enter value is 2019/2/$$ expected [true] but found [false]
	at test.propin.TestDateParsing.verifyDateParse(TestDateParsing.java:35)

verifyDateParse(test.propin.TestDateParsing)  Time elapsed: 3.374 s  <<< FAILURE!
java.lang.AssertionError: 
 
 Verification failed getting parsing result as [ Invalid Date ] instead of [ Fri May 01 2009 00:00:00 GMT+0000 ] for Enter value is       4/31/2009 expected [true] but found [false]
	at test.propin.TestDateParsing.verifyDateParse(TestDateParsing.java:35)

verifyDateParse(test.propin.TestDateParsing)  Time elapsed: 3.599 s  <<< FAILURE!
java.lang.AssertionError: 
 
 Verification failed getting parsing result as [ Invalid Date ] instead of [ Mon Mar 01 2010 00:00:00 GMT+0000 ] for Enter value is    2/29/2010 expected [true] but found [false]
	at test.propin.TestDateParsing.verifyDateParse(TestDateParsing.java:35)

verifyDateParse(test.propin.TestDateParsing)  Time elapsed: 3.253 s  <<< FAILURE!
java.lang.AssertionError: 
 
 Verification failed getting parsing result as [ Tue Feb 17 2009 00:00:00 GMT+0000 ] instead of [ Invalid date ] for Enter value is  -2/-17/-2009 expected [true] but found [false]
	at test.propin.TestDateParsing.verifyDateParse(TestDateParsing.java:35)

verifyDateParse(test.propin.TestDateParsing)  Time elapsed: 3.332 s  <<< FAILURE!
java.lang.AssertionError: 
 
 Verification failed getting parsing result as [ Tue Feb 17 2009 00:00:00 GMT+0000 ] instead of [ Invalid date ] for Enter value is 17 / 2 /2009 expected [true] but found [false]
	at test.propin.TestDateParsing.verifyDateParse(TestDateParsing.java:35)

verifyDateParse(test.propin.TestDateParsing)  Time elapsed: 3.351 s  <<< FAILURE!
java.lang.AssertionError: 
 
 Verification failed getting parsing result as [ Tue Feb 17 2009 00:00:00 GMT+0000 ] instead of [ Invalid date ] for Enter value is -02 -17 -2009 expected [true] but found [false]
	at test.propin.TestDateParsing.verifyDateParse(TestDateParsing.java:35)

verifyDateParse(test.propin.TestDateParsing)  Time elapsed: 3.261 s  <<< FAILURE!
java.lang.AssertionError: 
 
 Verification failed getting parsing result as [ Tue Feb 17 2009 00:00:00 GMT+0000 ] instead of [ Invalid date ] for Enter value is 17 2 2009 expected [true] but found [false]
	at test.propin.TestDateParsing.verifyDateParse(TestDateParsing.java:35)

verifyDateParse(test.propin.TestDateParsing)  Time elapsed: 3.392 s  <<< FAILURE!
java.lang.AssertionError: 
 
 Verification failed getting parsing result as [ Tue Feb 17 2009 00:00:00 GMT+0000 ] instead of [ Invalid date ] for Enter value is  -17/ -2/-2009 expected [true] but found [false]
	at test.propin.TestDateParsing.verifyDateParse(TestDateParsing.java:35)

verifyDateParse(test.propin.TestDateParsing)  Time elapsed: 3.263 s  <<< FAILURE!
java.lang.AssertionError: 
 
 Verification failed getting parsing result as [ Tue Feb 17 2009 00:00:00 GMT+0000 ] instead of [ Invalid date ] for Enter value is -17 -2 -2009 expected [true] but found [false]
	at test.propin.TestDateParsing.verifyDateParse(TestDateParsing.java:35)

verifyDateParse(test.propin.TestDateParsing)  Time elapsed: 3.319 s  <<< FAILURE!
java.lang.AssertionError: 
 
 Verification failed getting parsing result as [ Wed Feb 29 2012 00:00:00 GMT+0000 ] instead of [ Invalid date ] for Enter value is  29/ 2/2012 expected [true] but found [false]
	at test.propin.TestDateParsing.verifyDateParse(TestDateParsing.java:35)

verifyDateParse(test.propin.TestDateParsing)  Time elapsed: 3.269 s  <<< FAILURE!
java.lang.AssertionError: 
 
 Verification failed getting parsing result as [ Mon Dec 02 2002 00:00:00 GMT+0000 ] instead of [ Tue Feb 12 2002 00:00:00 GMT+0000 ] for Enter value is  02/ 12/0002 expected [true] but found [false]
	at test.propin.TestDateParsing.verifyDateParse(TestDateParsing.java:35)

